Determining if the function _snprintf exists failed with the following output:
Change Dir: /tmp/libwebsockets/build/CMakeFiles/CMakeTmp

Run Build Command(s):/usr/bin/gmake -f Makefile cmTC_77b10/fast && /usr/bin/gmake  -f CMakeFiles/cmTC_77b10.dir/build.make CMakeFiles/cmTC_77b10.dir/build
gmake[1]: Entering directory '/tmp/libwebsockets/build/CMakeFiles/CMakeTmp'
Building C object CMakeFiles/cmTC_77b10.dir/CheckFunctionExists.c.o
/usr/bin/clang -DKEYWORD=__inline  -DCHECK_FUNCTION_EXISTS=_snprintf -MD -MT CMakeFiles/cmTC_77b10.dir/CheckFunctionExists.c.o -MF CMakeFiles/cmTC_77b10.dir/CheckFunctionExists.c.o.d -o CMakeFiles/cmTC_77b10.dir/CheckFunctionExists.c.o -c /usr/share/cmake-3.22/Modules/CheckFunctionExists.c
Linking C executable cmTC_77b10
/usr/bin/cmake -E cmake_link_script CMakeFiles/cmTC_77b10.dir/link.txt --verbose=1
/usr/bin/clang  -DCHECK_FUNCTION_EXISTS=_snprintf CMakeFiles/cmTC_77b10.dir/CheckFunctionExists.c.o -o cmTC_77b10 
/usr/bin/ld: CMakeFiles/cmTC_77b10.dir/CheckFunctionExists.c.o: in function `main':
CheckFunctionExists.c:(.text+0x17): undefined reference to `_snprintf'
clang: error: linker command failed with exit code 1 (use -v to see invocation)
gmake[1]: *** [CMakeFiles/cmTC_77b10.dir/build.make:100: cmTC_77b10] Error 1
gmake[1]: Leaving directory '/tmp/libwebsockets/build/CMakeFiles/CMakeTmp'
gmake: *** [Makefile:127: cmTC_77b10/fast] Error 2



Determining if the function _vsnprintf exists failed with the following output:
Change Dir: /tmp/libwebsockets/build/CMakeFiles/CMakeTmp

Run Build Command(s):/usr/bin/gmake -f Makefile cmTC_547e0/fast && /usr/bin/gmake  -f CMakeFiles/cmTC_547e0.dir/build.make CMakeFiles/cmTC_547e0.dir/build
gmake[1]: Entering directory '/tmp/libwebsockets/build/CMakeFiles/CMakeTmp'
Building C object CMakeFiles/cmTC_547e0.dir/CheckFunctionExists.c.o
/usr/bin/clang -DKEYWORD=__inline  -DCHECK_FUNCTION_EXISTS=_vsnprintf -MD -MT CMakeFiles/cmTC_547e0.dir/CheckFunctionExists.c.o -MF CMakeFiles/cmTC_547e0.dir/CheckFunctionExists.c.o.d -o CMakeFiles/cmTC_547e0.dir/CheckFunctionExists.c.o -c /usr/share/cmake-3.22/Modules/CheckFunctionExists.c
Linking C executable cmTC_547e0
/usr/bin/cmake -E cmake_link_script CMakeFiles/cmTC_547e0.dir/link.txt --verbose=1
/usr/bin/clang  -DCHECK_FUNCTION_EXISTS=_vsnprintf CMakeFiles/cmTC_547e0.dir/CheckFunctionExists.c.o -o cmTC_547e0 
/usr/bin/ld: CMakeFiles/cmTC_547e0.dir/CheckFunctionExists.c.o: in function `main':
CheckFunctionExists.c:(.text+0x17): undefined reference to `_vsnprintf'
clang: error: linker command failed with exit code 1 (use -v to see invocation)
gmake[1]: *** [CMakeFiles/cmTC_547e0.dir/build.make:100: cmTC_547e0] Error 1
gmake[1]: Leaving directory '/tmp/libwebsockets/build/CMakeFiles/CMakeTmp'
gmake: *** [Makefile:127: cmTC_547e0/fast] Error 2



Determining if the function _atoi64 exists failed with the following output:
Change Dir: /tmp/libwebsockets/build/CMakeFiles/CMakeTmp

Run Build Command(s):/usr/bin/gmake -f Makefile cmTC_3265b/fast && /usr/bin/gmake  -f CMakeFiles/cmTC_3265b.dir/build.make CMakeFiles/cmTC_3265b.dir/build
gmake[1]: Entering directory '/tmp/libwebsockets/build/CMakeFiles/CMakeTmp'
Building C object CMakeFiles/cmTC_3265b.dir/CheckFunctionExists.c.o
/usr/bin/clang -DKEYWORD=__inline  -DCHECK_FUNCTION_EXISTS=_atoi64 -MD -MT CMakeFiles/cmTC_3265b.dir/CheckFunctionExists.c.o -MF CMakeFiles/cmTC_3265b.dir/CheckFunctionExists.c.o.d -o CMakeFiles/cmTC_3265b.dir/CheckFunctionExists.c.o -c /usr/share/cmake-3.22/Modules/CheckFunctionExists.c
Linking C executable cmTC_3265b
/usr/bin/cmake -E cmake_link_script CMakeFiles/cmTC_3265b.dir/link.txt --verbose=1
/usr/bin/clang  -DCHECK_FUNCTION_EXISTS=_atoi64 CMakeFiles/cmTC_3265b.dir/CheckFunctionExists.c.o -o cmTC_3265b 
/usr/bin/ld: CMakeFiles/cmTC_3265b.dir/CheckFunctionExists.c.o: in function `main':
CheckFunctionExists.c:(.text+0x17): undefined reference to `_atoi64'
clang: error: linker command failed with exit code 1 (use -v to see invocation)
gmake[1]: *** [CMakeFiles/cmTC_3265b.dir/build.make:100: cmTC_3265b] Error 1
gmake[1]: Leaving directory '/tmp/libwebsockets/build/CMakeFiles/CMakeTmp'
gmake: *** [Makefile:127: cmTC_3265b/fast] Error 2



Determining if the function _stat32i64 exists failed with the following output:
Change Dir: /tmp/libwebsockets/build/CMakeFiles/CMakeTmp

Run Build Command(s):/usr/bin/gmake -f Makefile cmTC_e4d8e/fast && /usr/bin/gmake  -f CMakeFiles/cmTC_e4d8e.dir/build.make CMakeFiles/cmTC_e4d8e.dir/build
gmake[1]: Entering directory '/tmp/libwebsockets/build/CMakeFiles/CMakeTmp'
Building C object CMakeFiles/cmTC_e4d8e.dir/CheckFunctionExists.c.o
/usr/bin/clang -DKEYWORD=__inline  -DCHECK_FUNCTION_EXISTS=_stat32i64 -MD -MT CMakeFiles/cmTC_e4d8e.dir/CheckFunctionExists.c.o -MF CMakeFiles/cmTC_e4d8e.dir/CheckFunctionExists.c.o.d -o CMakeFiles/cmTC_e4d8e.dir/CheckFunctionExists.c.o -c /usr/share/cmake-3.22/Modules/CheckFunctionExists.c
Linking C executable cmTC_e4d8e
/usr/bin/cmake -E cmake_link_script CMakeFiles/cmTC_e4d8e.dir/link.txt --verbose=1
/usr/bin/clang  -DCHECK_FUNCTION_EXISTS=_stat32i64 CMakeFiles/cmTC_e4d8e.dir/CheckFunctionExists.c.o -o cmTC_e4d8e 
/usr/bin/ld: CMakeFiles/cmTC_e4d8e.dir/CheckFunctionExists.c.o: in function `main':
CheckFunctionExists.c:(.text+0x17): undefined reference to `_stat32i64'
clang: error: linker command failed with exit code 1 (use -v to see invocation)
gmake[1]: *** [CMakeFiles/cmTC_e4d8e.dir/build.make:100: cmTC_e4d8e] Error 1
gmake[1]: Leaving directory '/tmp/libwebsockets/build/CMakeFiles/CMakeTmp'
gmake: *** [Makefile:127: cmTC_e4d8e/fast] Error 2



Performing C SOURCE FILE Test LWS_HAVE_SYS_SOCKIO_H failed with the following output:
Change Dir: /tmp/libwebsockets/build/CMakeFiles/CMakeTmp

Run Build Command(s):/usr/bin/gmake -f Makefile cmTC_0099b/fast && /usr/bin/gmake  -f CMakeFiles/cmTC_0099b.dir/build.make CMakeFiles/cmTC_0099b.dir/build
gmake[1]: Entering directory '/tmp/libwebsockets/build/CMakeFiles/CMakeTmp'
Building C object CMakeFiles/cmTC_0099b.dir/src.c.o
/usr/bin/clang -DKEYWORD=__inline -DLWS_HAVE_SYS_SOCKIO_H   -MD -MT CMakeFiles/cmTC_0099b.dir/src.c.o -MF CMakeFiles/cmTC_0099b.dir/src.c.o.d -o CMakeFiles/cmTC_0099b.dir/src.c.o -c /tmp/libwebsockets/build/CMakeFiles/CMakeTmp/src.c
/tmp/libwebsockets/build/CMakeFiles/CMakeTmp/src.c:1:10: fatal error: 'sys/sockio.h' file not found
#include <sys/sockio.h>
         ^~~~~~~~~~~~~~
1 error generated.
gmake[1]: *** [CMakeFiles/cmTC_0099b.dir/build.make:79: CMakeFiles/cmTC_0099b.dir/src.c.o] Error 1
gmake[1]: Leaving directory '/tmp/libwebsockets/build/CMakeFiles/CMakeTmp'
gmake: *** [Makefile:127: cmTC_0099b/fast] Error 2


Source file was:
#include <sys/sockio.h>
void main(void) { while(1) ; } void xxexit(void){}
Performing C SOURCE FILE Test LWS_HAVE_VFORK_H failed with the following output:
Change Dir: /tmp/libwebsockets/build/CMakeFiles/CMakeTmp

Run Build Command(s):/usr/bin/gmake -f Makefile cmTC_3e012/fast && /usr/bin/gmake  -f CMakeFiles/cmTC_3e012.dir/build.make CMakeFiles/cmTC_3e012.dir/build
gmake[1]: Entering directory '/tmp/libwebsockets/build/CMakeFiles/CMakeTmp'
Building C object CMakeFiles/cmTC_3e012.dir/src.c.o
/usr/bin/clang -DKEYWORD=__inline -DLWS_HAVE_VFORK_H   -MD -MT CMakeFiles/cmTC_3e012.dir/src.c.o -MF CMakeFiles/cmTC_3e012.dir/src.c.o.d -o CMakeFiles/cmTC_3e012.dir/src.c.o -c /tmp/libwebsockets/build/CMakeFiles/CMakeTmp/src.c
/tmp/libwebsockets/build/CMakeFiles/CMakeTmp/src.c:1:10: fatal error: 'vfork.h' file not found
#include <vfork.h>
         ^~~~~~~~~
1 error generated.
gmake[1]: *** [CMakeFiles/cmTC_3e012.dir/build.make:79: CMakeFiles/cmTC_3e012.dir/src.c.o] Error 1
gmake[1]: Leaving directory '/tmp/libwebsockets/build/CMakeFiles/CMakeTmp'
gmake: *** [Makefile:127: cmTC_3e012/fast] Error 2


Source file was:
#include <vfork.h>
void main(void) { while(1) ; } void xxexit(void){}
Performing C SOURCE FILE Test LWS_HAVE_NET_IF_ETHER_H failed with the following output:
Change Dir: /tmp/libwebsockets/build/CMakeFiles/CMakeTmp

Run Build Command(s):/usr/bin/gmake -f Makefile cmTC_dc458/fast && /usr/bin/gmake  -f CMakeFiles/cmTC_dc458.dir/build.make CMakeFiles/cmTC_dc458.dir/build
gmake[1]: Entering directory '/tmp/libwebsockets/build/CMakeFiles/CMakeTmp'
Building C object CMakeFiles/cmTC_dc458.dir/src.c.o
/usr/bin/clang -DKEYWORD=__inline -DLWS_HAVE_NET_IF_ETHER_H   -MD -MT CMakeFiles/cmTC_dc458.dir/src.c.o -MF CMakeFiles/cmTC_dc458.dir/src.c.o.d -o CMakeFiles/cmTC_dc458.dir/src.c.o -c /tmp/libwebsockets/build/CMakeFiles/CMakeTmp/src.c
/tmp/libwebsockets/build/CMakeFiles/CMakeTmp/src.c:2:10: fatal error: 'net/if_ether.h' file not found
#include <net/if_ether.h>
         ^~~~~~~~~~~~~~~~
1 error generated.
gmake[1]: *** [CMakeFiles/cmTC_dc458.dir/build.make:79: CMakeFiles/cmTC_dc458.dir/src.c.o] Error 1
gmake[1]: Leaving directory '/tmp/libwebsockets/build/CMakeFiles/CMakeTmp'
gmake: *** [Makefile:127: cmTC_dc458/fast] Error 2


Source file was:
#include <sys/types.h>
#include <net/if_ether.h>
 void main(void) { while (1) ; } void xxexit(void){}
Performing C SOURCE FILE Test LWS_HAVE_SYSTEMD_H failed with the following output:
Change Dir: /tmp/libwebsockets/build/CMakeFiles/CMakeTmp

Run Build Command(s):/usr/bin/gmake -f Makefile cmTC_87aff/fast && /usr/bin/gmake  -f CMakeFiles/cmTC_87aff.dir/build.make CMakeFiles/cmTC_87aff.dir/build
gmake[1]: Entering directory '/tmp/libwebsockets/build/CMakeFiles/CMakeTmp'
Building C object CMakeFiles/cmTC_87aff.dir/src.c.o
/usr/bin/clang -DKEYWORD=__inline -DLWS_HAVE_SYSTEMD_H   -MD -MT CMakeFiles/cmTC_87aff.dir/src.c.o -MF CMakeFiles/cmTC_87aff.dir/src.c.o.d -o CMakeFiles/cmTC_87aff.dir/src.c.o -c /tmp/libwebsockets/build/CMakeFiles/CMakeTmp/src.c
/tmp/libwebsockets/build/CMakeFiles/CMakeTmp/src.c:1:10: fatal error: 'systemd/sd-daemon.h' file not found
#include <systemd/sd-daemon.h>
         ^~~~~~~~~~~~~~~~~~~~~
1 error generated.
gmake[1]: *** [CMakeFiles/cmTC_87aff.dir/build.make:79: CMakeFiles/cmTC_87aff.dir/src.c.o] Error 1
gmake[1]: Leaving directory '/tmp/libwebsockets/build/CMakeFiles/CMakeTmp'
gmake: *** [Makefile:127: cmTC_87aff/fast] Error 2


Source file was:
#include <systemd/sd-daemon.h>
void main(void) { while(1) ; } void xxexit(void){}
Determining if the function SSL_CTX_EVP_PKEY_new_raw_private_key exists failed with the following output:
Change Dir: /tmp/libwebsockets/build/CMakeFiles/CMakeTmp

Run Build Command(s):/usr/bin/gmake -f Makefile cmTC_18b1c/fast && /usr/bin/gmake  -f CMakeFiles/cmTC_18b1c.dir/build.make CMakeFiles/cmTC_18b1c.dir/build
gmake[1]: Entering directory '/tmp/libwebsockets/build/CMakeFiles/CMakeTmp'
Building C object CMakeFiles/cmTC_18b1c.dir/CheckFunctionExists.c.o
/usr/bin/clang -DKEYWORD=__inline -I/usr/include/openssl -Wno-deprecated-declarations -Wno-deprecated -Wall -Wextra -Wno-unused-parameter -Wconversion -Wsign-compare -Wstrict-aliasing -fvisibility=hidden -Wundef  -Wuninitialized -Wtype-limits -Wignored-qualifiers   -Werror -Wno-deprecated-declarations -pthread -Wno-error=unused-command-line-argument -DCHECK_FUNCTION_EXISTS=SSL_CTX_EVP_PKEY_new_raw_private_key -MD -MT CMakeFiles/cmTC_18b1c.dir/CheckFunctionExists.c.o -MF CMakeFiles/cmTC_18b1c.dir/CheckFunctionExists.c.o.d -o CMakeFiles/cmTC_18b1c.dir/CheckFunctionExists.c.o -c /usr/share/cmake-3.22/Modules/CheckFunctionExists.c
Linking C executable cmTC_18b1c
/usr/bin/cmake -E cmake_link_script CMakeFiles/cmTC_18b1c.dir/link.txt --verbose=1
/usr/bin/clang -Wno-deprecated-declarations -Wno-deprecated -Wall -Wextra -Wno-unused-parameter -Wconversion -Wsign-compare -Wstrict-aliasing -fvisibility=hidden -Wundef  -Wuninitialized -Wtype-limits -Wignored-qualifiers   -Werror -Wno-deprecated-declarations -pthread -Wno-error=unused-command-line-argument -DCHECK_FUNCTION_EXISTS=SSL_CTX_EVP_PKEY_new_raw_private_key CMakeFiles/cmTC_18b1c.dir/CheckFunctionExists.c.o -o cmTC_18b1c  /usr/lib/x86_64-linux-gnu/libssl.so /usr/lib/x86_64-linux-gnu/libcrypto.so /usr/lib/x86_64-linux-gnu/libcap.so -ldl 
/usr/bin/ld: CMakeFiles/cmTC_18b1c.dir/CheckFunctionExists.c.o: in function `main':
CheckFunctionExists.c:(.text+0x17): undefined reference to `SSL_CTX_EVP_PKEY_new_raw_private_key'
clang: error: linker command failed with exit code 1 (use -v to see invocation)
gmake[1]: *** [CMakeFiles/cmTC_18b1c.dir/build.make:103: cmTC_18b1c] Error 1
gmake[1]: Leaving directory '/tmp/libwebsockets/build/CMakeFiles/CMakeTmp'
gmake: *** [Makefile:127: cmTC_18b1c/fast] Error 2



Determining if the function RSA_verify_pss_mgf1 exists failed with the following output:
Change Dir: /tmp/libwebsockets/build/CMakeFiles/CMakeTmp

Run Build Command(s):/usr/bin/gmake -f Makefile cmTC_b0eb3/fast && /usr/bin/gmake  -f CMakeFiles/cmTC_b0eb3.dir/build.make CMakeFiles/cmTC_b0eb3.dir/build
gmake[1]: Entering directory '/tmp/libwebsockets/build/CMakeFiles/CMakeTmp'
Building C object CMakeFiles/cmTC_b0eb3.dir/CheckFunctionExists.c.o
/usr/bin/clang -DKEYWORD=__inline -I/usr/include/openssl -Wno-deprecated-declarations -Wno-deprecated -Wall -Wextra -Wno-unused-parameter -Wconversion -Wsign-compare -Wstrict-aliasing -fvisibility=hidden -Wundef  -Wuninitialized -Wtype-limits -Wignored-qualifiers   -Werror -Wno-deprecated-declarations -pthread -Wno-error=unused-command-line-argument -DCHECK_FUNCTION_EXISTS=RSA_verify_pss_mgf1 -MD -MT CMakeFiles/cmTC_b0eb3.dir/CheckFunctionExists.c.o -MF CMakeFiles/cmTC_b0eb3.dir/CheckFunctionExists.c.o.d -o CMakeFiles/cmTC_b0eb3.dir/CheckFunctionExists.c.o -c /usr/share/cmake-3.22/Modules/CheckFunctionExists.c
Linking C executable cmTC_b0eb3
/usr/bin/cmake -E cmake_link_script CMakeFiles/cmTC_b0eb3.dir/link.txt --verbose=1
/usr/bin/clang -Wno-deprecated-declarations -Wno-deprecated -Wall -Wextra -Wno-unused-parameter -Wconversion -Wsign-compare -Wstrict-aliasing -fvisibility=hidden -Wundef  -Wuninitialized -Wtype-limits -Wignored-qualifiers   -Werror -Wno-deprecated-declarations -pthread -Wno-error=unused-command-line-argument -DCHECK_FUNCTION_EXISTS=RSA_verify_pss_mgf1 CMakeFiles/cmTC_b0eb3.dir/CheckFunctionExists.c.o -o cmTC_b0eb3  /usr/lib/x86_64-linux-gnu/libssl.so /usr/lib/x86_64-linux-gnu/libcrypto.so /usr/lib/x86_64-linux-gnu/libcap.so -ldl 
/usr/bin/ld: CMakeFiles/cmTC_b0eb3.dir/CheckFunctionExists.c.o: in function `main':
CheckFunctionExists.c:(.text+0x17): undefined reference to `RSA_verify_pss_mgf1'
clang: error: linker command failed with exit code 1 (use -v to see invocation)
gmake[1]: *** [CMakeFiles/cmTC_b0eb3.dir/build.make:103: cmTC_b0eb3] Error 1
gmake[1]: Leaving directory '/tmp/libwebsockets/build/CMakeFiles/CMakeTmp'
gmake: *** [Makefile:127: cmTC_b0eb3/fast] Error 2



Performing C SOURCE FILE Test LWS_HAVE_SSL_CTX_SET_ECDH_AUTO failed with the following output:
Change Dir: /tmp/libwebsockets/build/CMakeFiles/CMakeTmp

Run Build Command(s):/usr/bin/gmake -f Makefile cmTC_d02d8/fast && /usr/bin/gmake  -f CMakeFiles/cmTC_d02d8.dir/build.make CMakeFiles/cmTC_d02d8.dir/build
gmake[1]: Entering directory '/tmp/libwebsockets/build/CMakeFiles/CMakeTmp'
Building C object CMakeFiles/cmTC_d02d8.dir/src.c.o
/usr/bin/clang -DKEYWORD=__inline -DLWS_HAVE_SSL_CTX_SET_ECDH_AUTO -I/usr/include/openssl -Wno-deprecated-declarations -Wno-deprecated -Wall -Wextra -Wno-unused-parameter -Wconversion -Wsign-compare -Wstrict-aliasing -fvisibility=hidden -Wundef  -Wuninitialized -Wtype-limits -Wignored-qualifiers   -Werror -Wno-deprecated-declarations -pthread -Wno-error=unused-command-line-argument  -MD -MT CMakeFiles/cmTC_d02d8.dir/src.c.o -MF CMakeFiles/cmTC_d02d8.dir/src.c.o.d -o CMakeFiles/cmTC_d02d8.dir/src.c.o -c /tmp/libwebsockets/build/CMakeFiles/CMakeTmp/src.c
/tmp/libwebsockets/build/CMakeFiles/CMakeTmp/src.c:2:27: error: unused variable 'ctx' [-Werror,-Wunused-variable]
int main(void) { SSL_CTX *ctx = NULL; return SSL_CTX_set_ecdh_auto(ctx, 1); }
                          ^
1 error generated.
gmake[1]: *** [CMakeFiles/cmTC_d02d8.dir/build.make:79: CMakeFiles/cmTC_d02d8.dir/src.c.o] Error 1
gmake[1]: Leaving directory '/tmp/libwebsockets/build/CMakeFiles/CMakeTmp'
gmake: *** [Makefile:127: cmTC_d02d8/fast] Error 2


Source file was:
#include <openssl/ssl.h>
int main(void) { SSL_CTX *ctx = NULL; return SSL_CTX_set_ecdh_auto(ctx, 1); }

Performing C SOURCE FILE Test HAS_LWS_WITH_SECURE_STREAMS_PROXY_API failed with the following output:
Change Dir: /tmp/libwebsockets/build/CMakeFiles/CMakeTmp

Run Build Command(s):/usr/bin/gmake -f Makefile cmTC_c1cff/fast && /usr/bin/gmake  -f CMakeFiles/cmTC_c1cff.dir/build.make CMakeFiles/cmTC_c1cff.dir/build
gmake[1]: Entering directory '/tmp/libwebsockets/build/CMakeFiles/CMakeTmp'
Building C object CMakeFiles/cmTC_c1cff.dir/src.c.o
/usr/bin/clang -DHAS_LWS_WITH_SECURE_STREAMS_PROXY_API -DKEYWORD=__inline -I/tmp/libwebsockets/lib -I/tmp/libwebsockets/build -I/usr/include/openssl -Wno-deprecated-declarations -Wno-deprecated -Wall -Wextra -Wno-unused-parameter -Wconversion -Wsign-compare -Wstrict-aliasing -fvisibility=hidden -Wundef  -Wuninitialized -Wtype-limits -Wignored-qualifiers   -Werror -Wno-deprecated-declarations -pthread -Wno-error=unused-command-line-argument  -MD -MT CMakeFiles/cmTC_c1cff.dir/src.c.o -MF CMakeFiles/cmTC_c1cff.dir/src.c.o.d -o CMakeFiles/cmTC_c1cff.dir/src.c.o -c /tmp/libwebsockets/build/CMakeFiles/CMakeTmp/src.c
In file included from /tmp/libwebsockets/build/CMakeFiles/CMakeTmp/src.c:1:
/usr/include/libwebsockets.h:42:10: fatal error: 'lws_config.h' file not found
#include "lws_config.h"
         ^~~~~~~~~~~~~~
1 error generated.
gmake[1]: *** [CMakeFiles/cmTC_c1cff.dir/build.make:79: CMakeFiles/cmTC_c1cff.dir/src.c.o] Error 1
gmake[1]: Leaving directory '/tmp/libwebsockets/build/CMakeFiles/CMakeTmp'
gmake: *** [Makefile:127: cmTC_c1cff/fast] Error 2


Source file was:
#include <libwebsockets.h>
int main(void) {
i#if defined(LWS_WITH_SECURE_STREAMS_PROXY_API)
 return 0;
 #else
 fail
 #endif
 return 0;
}

