Timestamp(ms),Bitrate(bps),DelayJitter(ms),Threshold(ms),CongestionState
433285479,0,0,12.5,0
433285479,0,0,12.5,0
433285479,0,0,12.5,0
433285479,0,0,12.5,0
433285529,921000,0,7.1375,0
433285529,921000,0,6,0
433285529,921000,0,6,0
433285529,921000,0,6,0
433285529,921000,0,6,0
433285529,921000,0,6,0
433285529,921000,0,6,0
433285529,921000,0,6,0
433285529,921000,0,6,0
433285529,921000,0,6,0
433285580,1766500,0,6,0
433285580,1766500,0,6,0
433285580,1766500,0,6,0
433285580,1766500,0,6,0
433285580,1766500,0,6,0
433285580,1766500,0,6,0
433285580,1766500,0,6,0
433285580,1766500,0,6,0
433285580,1766500,0,6,0
433285580,1766500,0,6,0
433285580,1766500,0,6,0
433285580,1766500,0,6,0
433285580,1766500,0,6,0
433285580,1766500,0,6,0
433285580,1766500,0,6,0
433285630,3818285,0,6,0
433285630,3818285,0,6,0
433285630,3818285,0,6,0
433285630,3818285,0,6,0
433285630,3818285,0,6,0
433285630,3818285,0,6,0
433285630,3818285,0,6,0
433285630,3818285,0,6,0
433285630,3818285,0,6,0
433285630,3818285,0,6,0
433285630,3818285,0,6,0
433285630,3818285,0,6,0
433285630,3818285,0,6,0
433285630,3818285,0,6,0
433285630,3818285,0,6,0
433285630,3818285,0,6,0
433285630,3818285,0,6,0
433285630,3818285,0,6,0
433285630,3818285,0,6,0
433285630,3818285,0,6,0
433285630,3818285,0,6,0
433285630,3818285,0,6,0
433285630,3818285,0,6,0
433285630,3818285,0,6,0
433285630,3818285,0,6,0
433285630,3818285,0,6,0
433285630,3818285,0,6,0
433285630,3818285,0,6,0
433285630,3818285,0,6,0
433285630,3818285,0,6,0
433285630,3818285,0,6,0
433285630,3818285,0,6,0
433285630,3818285,0,6,0
433285630,3818285,0,6,0
433285630,3818285,0,6,0
433285630,3818285,0,6,0
433285630,3818285,0,6,0
433285630,3818285,0,6,0
433285630,3818285,0,6,0
433285630,3818285,0,6,0
433285630,3818285,0,6,0
433285681,8982857,0,6,0
433285681,8982857,0,6,0
433285681,8982857,0,6,0
433285681,8982857,0,6,0
433285681,8982857,0,6,0
433285681,8982857,0,6,0
433285681,8982857,0,6,0
433285681,8982857,0,6,0
433285681,8982857,0,6,0
433285681,8982857,0,6,0
433285681,8982857,0,6,0
433285681,8982857,0,6,0
433285681,8982857,0,6,0
433285681,8982857,0,6,0
433285681,8982857,0,6,0
433285681,8982857,0,6,0
433285681,8982857,0,6,0
433285681,8982857,0,6,0
433285681,8982857,0,6,0
433285681,8982857,0,6,0
433285681,8982857,0,6,0
433285681,8982857,0,6,0
433285681,8982857,0,6,0
433285681,8982857,0,6,0
433285681,8982857,0,6,0
433285681,8982857,0,6,0
433285681,8982857,0,6,0
433285681,8982857,0,6,0
433285681,8982857,0,6,0
433285681,8982857,0,6,0
433285681,8982857,0,6,0
433285681,8982857,0,6,0
433285681,8982857,0,6,0
433285681,8982857,0,6,0
433285681,8982857,0,6,0
433285681,8982857,0,6,0
433285681,8982857,0,6,0
433285681,8982857,0,6,0
433285681,8982857,0,6,0
433285681,8982857,0,6,0
433285681,8982857,0,6,0
433285681,8982857,0,6,0
433285681,8982857,0,6,0
433285681,8982857,0,6,0
433285681,8982857,0,6,0
433285681,8982857,0,6,0
433285681,8982857,0,6,0
433285681,8982857,0,6,0
433285681,8982857,0,6,0
433285681,8982857,0,6,0
433285681,8982857,0,6,0
433285681,8982857,0,6,0
433285681,8982857,0,6,0
433285681,8982857,0,6,0
433285681,8982857,0,6,0
433285681,8982857,0,6,0
433285681,8982857,0,6,0
433285681,8982857,0,6,0
433285681,8982857,0,6,0
433285681,8982857,0,6,0
433285681,8982857,0,6,0
433285681,8982857,0,6,0
433285681,8982857,0,6,0
433285681,8982857,0,6,0
433285681,8982857,0,6,0
433285681,8982857,0,6,0
433285681,8982857,0,6,0
433285681,8982857,0,6,0
433285681,8982857,0,6,0
433285681,8982857,0,6,0
433285681,8982857,0,6,0
433285681,8982857,0,6,0
433285681,8982857,0,6,0
433285681,8982857,0,6,0
433285681,8982857,0,6,0
433285681,8982857,0,6,0
433285681,8982857,0,6,0
433285681,8982857,0,6,0
433285681,8982857,0,6,0
433285681,8982857,0,6,0
433285681,8982857,0,6,0
433285681,8982857,0,6,0
433285681,8982857,0,6,0
433285681,8982857,0,6,0
433285681,8982857,0,6,0
433285681,8982857,0,6,0
433285681,8982857,0,6,0
433285681,8982857,0,6,0
433285681,8982857,0,6,0
433285681,8982857,0,6,0
433285681,8982857,0,6,0
433285681,8982857,0,6,0
433285681,8982857,0,6,0
433285681,8982857,0,6,0
433285681,8982857,0,6,0
433285681,8982857,0,6,0
433285681,8982857,0,6,0
433285681,8982857,0,6,0
433285681,8982857,0,6,0
433285681,8982857,0,6,0
433285681,8982857,0,6,0
433285681,8982857,0,6,0
433285681,8982857,0,6,0
433285681,8982857,0,6,0
433285681,8982857,0,6,0
433285681,8982857,0,6,0
433285681,8982857,0,6,0
433285681,8982857,0,6,0
433285681,8982857,0,6,0
433285681,8982857,0,6,0
433285681,8982857,0,6,0
433285681,8982857,0,6,0
433285681,8982857,0,6,0
433285681,8982857,0,6,0
433285681,8982857,0,6,0
433285731,19998933,0,6,0
433285731,19998933,0,6,0
433285731,19998933,0,6,0
433285731,19998933,0,6,0
433285731,19998933,0,6,0
433285731,19998933,0,6,0
433285731,19998933,0,6,0
433285731,19998933,0,6,0
433285731,19998933,0,6,0
433285731,19998933,0,6,0
433285731,19998933,0,6,0
433285731,19998933,0,6,0
433285731,19998933,0,6,0
433285731,19998933,0,6,0
433285731,19998933,0,6,0
433285731,19998933,0,6,0
433285731,19998933,0,6,0
433285731,19998933,0,6,0
433285731,19998933,0,6,0
433285731,19998933,0,6,0
433285731,19998933,0,6,0
433285731,19998933,0,6,0
433285731,19998933,0,6,0
433285731,19998933,0,6,0
433285731,19998933,0,6,0
433285731,19998933,0,6,0
433285731,19998933,0,6,0
433285731,19998933,0,6,0
433285731,19998933,0,6,0
433285731,19998933,0,6,0
433285731,19998933,0,6,0
433285731,19998933,0,6,0
433285731,19998933,0,6,0
433285731,19998933,0,6,0
433285731,19998933,0,6,0
433285731,19998933,0,6,0
433285731,19998933,0,6,0
433285731,19998933,0,6,0
433285731,19998933,0,6,0
433285731,19998933,0,6,0
433285731,19998933,0,6,0
433285731,19998933,0,6,0
433285731,19998933,0,6,0
433285731,19998933,0,6,0
433285731,19998933,0,6,0
433285731,19998933,0,6,0
433285731,19998933,0,6,0
433285731,19998933,0,6,0
433285731,19998933,0,6,0
433285731,19998933,0,6,0
433285731,19998933,0,6,0
433285731,19998933,0,6,0
433285731,19998933,0,6,0
433285731,19998933,0,6,0
433285731,19998933,0,6,0
433285731,19998933,0,6,0
433285731,19998933,0,6,0
433285731,19998933,0,6,0
433285731,19998933,0,6,0
433285731,19998933,0,6,0
433285731,19998933,0,6,0
433285731,19998933,0,6,0
433285731,19998933,0,6,0
433285731,19998933,0,6,0
433285731,19998933,0,6,0
433285731,19998933,0,6,0
433285731,19998933,0,6,0
433285731,19998933,0,6,0
433285731,19998933,0,6,0
433285731,19998933,0,6,0
433285731,19998933,0,6,0
433285731,19998933,0,6,0
433285731,19998933,0,6,0
433285731,19998933,0,6,0
433285731,19998933,0,6,0
433285731,19998933,0,6,0
433285731,19998933,0,6,0
433285731,19998933,0,6,0
433285731,19998933,0,6,0
433285731,19998933,0,6,0
433285731,19998933,0,6,0
433285731,19998933,0,6,0
433285731,19998933,0,6,0
433285731,19998933,0,6,0
433285731,19998933,0,6,0
433285731,19998933,0,6,0
433285731,19998933,0,6,0
433285731,19998933,0,6,0
433285731,19998933,0,6,0
433285731,19998933,0,6,0
433285731,19998933,0,6,0
433285731,19998933,0,6,0
433285731,19998933,0,6,0
433285731,19998933,0,6,0
433285731,19998933,0,6,0
433285731,19998933,0,6,0
433285731,19998933,0,6,0
433285731,19998933,0,6,0
433285731,19998933,0,6,0
433285731,19998933,0,6,0
433285731,19998933,0,6,0
433285731,19998933,0,6,0
433285731,19998933,0,6,0
433285731,19998933,0,6,0
433285731,19998933,0,6,0
433285731,19998933,0,6,0
433285731,19998933,0,6,0
433285731,19998933,0,6,0
433285731,19998933,0,6,0
433285731,19998933,0,6,0
433285731,19998933,0,6,0
433285731,19998933,0,6,0
433285731,19998933,0,6,0
433285731,19998933,0,6,0
433285731,19998933,0,6,0
433285731,19998933,0,6,0
433285731,19998933,0,6,0
433285731,19998933,0,6,0
433285731,19998933,0,6,0
433285731,19998933,0,6,0
433285731,19998933,0,6,0
433285731,19998933,0,6,0
433285731,19998933,0,6,0
433285731,19998933,0,6,0
433285731,19998933,0,6,0
433285731,19998933,0,6,0
433285731,19998933,0,6,0
433285731,19998933,0,6,0
433285731,19998933,0,6,0
433285731,19998933,0,6,0
433285731,19998933,0,6,0
433285731,19998933,0,6,0
433285731,19998933,0,6,0
433285731,19998933,0,6,0
433285731,19998933,0,6,0
433285731,19998933,0,6,0
433285731,19998933,0,6,0
433285731,19998933,0,6,0
433285731,19998933,0,6,0
433285731,19998933,0,6,0
433285731,19998933,0,6,0
433285731,19998933,0,6,0
433285731,19998933,0,6,0
433285731,19998933,0,6,0
433285731,19998933,0,6,0
433285731,19998933,0,6,0
433285731,19998933,0,6,0
433285731,19998933,0,6,0
433285731,19998933,0,6,0
433285731,19998933,0,6,0
433285731,19998933,0,6,0
433285731,19998933,0,6,0
433285731,19998933,0,6,0
433285731,19998933,0,6,0
433285731,19998933,0,6,0
433285731,19998933,0,6,0
433285731,19998933,0,6,0
433285731,19998933,0,6,0
433285731,19998933,0,6,0
433285731,19998933,0,6,0
433285731,19998933,0,6,0
433285731,19998933,0,6,0
433285731,19998933,0,6,0
433285731,19998933,0,6,0
433285731,19998933,0,6,0
433285731,19998933,0,6,0
433285731,19998933,0,6,0
433285731,19998933,0,6,0
433285731,19998933,0,6,0
433285731,19998933,0,6,0
433285731,19998933,0,6,0
433285731,19998933,0,6,0
433285731,19998933,0,6,0
433285731,19998933,0,6,0
433285731,19998933,0,6,0
433285731,19998933,0,6,0
433285731,19998933,0,6,0
433285731,19998933,0,6,0
433285731,19998933,0,6,0
433285731,19998933,0,6,0
433285731,19998933,0,6,0
433285731,19998933,0,6,0
433285731,19998933,0,6,0
433285731,19998933,0,6,0
433285731,19998933,0,6,0
433285731,19998933,0,6,0
433285731,19998933,0,6,0
433285731,19998933,0,6,0
433285731,19998933,0,6,0
433285731,19998933,0,6,0
433285731,19998933,0,6,0
433285731,19998933,0,6,0
433285731,19998933,0,6,0
433285731,19998933,0,6,0
433285731,19998933,0,6,0
433285731,19998933,0,6,0
433285731,19998933,0,6,0
433285731,19998933,0,6,0
433285731,19998933,0,6,0
433285731,19998933,0,6,0
433285731,19998933,0,6,0
433285731,19998933,0,6,0
433285731,19998933,0,6,0
433285731,19998933,0,6,0
433285731,19998933,0,6,0
433285731,19998933,0,6,0
433285731,19998933,0,6,0
433285731,19998933,0,6,0
433285731,19998933,0,6,0
433285731,19998933,0,6,0
433285731,19998933,0,6,0
433285731,19998933,0,6,0
433285731,19998933,0,6,0
433285731,19998933,0,6,0
433285731,19998933,0,6,0
433285731,19998933,0,6,0
433285731,19998933,0,6,0
433285731,19998933,0,6,0
433285731,19998933,0,6,0
433285731,19998933,0,6,0
433285731,19998933,0,6,0
433285731,19998933,0,6,0
433285731,19998933,0,6,0
433285731,19998933,0,6,0
433285731,19998933,0,6,0
433285731,19998933,0,6,0
433285731,19998933,0,6,0
433285731,19998933,0,6,0
433285731,19998933,0,6,0
433285731,19998933,0,6,0
433285731,19998933,0,6,0
433285731,19998933,0,6,0
433285731,19998933,0,6,0
433285731,19998933,0,6,0
433285731,19998933,0,6,0
433285731,19998933,0,6,0
433285731,19998933,0,6,0
433285731,19998933,0,6,0
433285731,19998933,0,6,0
433285731,19998933,0,6,0
433285731,19998933,0,6,0
433285731,19998933,0,6,0
433285731,19998933,0,6,0
433285731,19998933,0,6,0
433285731,19998933,0,6,0
433285731,19998933,0,6,0
433285731,19998933,0,6,0
433285731,19998933,0,6,0
433285731,19998933,0,6,0
433285731,19998933,0,6,0
433285781,46740000,1,6,0
433285781,46740000,0,6,0
433285781,46740000,0,6,0
433285781,46740000,0,6,0
433285781,46740000,0,6,0
433285781,46740000,0,6,0
433285781,46740000,0,6,0
433285781,46740000,0,6,0
433285781,46740000,0,6,0
433285781,46740000,0,6,0
433285781,46740000,0,6,0
433285781,46740000,0,6,0
433285781,46740000,0,6,0
433285781,46740000,0,6,0
433285781,46740000,0,6,0
433285781,46740000,0,6,0
433285781,46740000,0,6,0
433285781,46740000,0,6,0
433285781,46740000,0,6,0
433285781,46740000,0,6,0
433285781,46740000,0,6,0
433285781,46740000,0,6,0
433285781,46740000,0,6,0
433285781,46740000,0,6,0
433285781,46740000,0,6,0
433285781,46740000,0,6,0
433285781,46740000,0,6,0
433285781,46740000,0,6,0
433285781,46740000,0,6,0
433285781,46740000,0,6,0
433285781,46740000,0,6,0
433285781,46740000,0,6,0
433285781,46740000,0,6,0
433285781,46740000,0,6,0
433285781,46740000,0,6,0
433285781,46740000,0,6,0
433285781,46740000,0,6,0
433285781,46740000,0,6,0
433285781,46740000,0,6,0
433285781,46740000,0,6,0
433285781,46740000,0,6,0
433285781,46740000,0,6,0
433285781,46740000,0,6,0
433285781,46740000,0,6,0
433285781,46740000,0,6,0
433285781,46740000,0,6,0
433285781,46740000,0,6,0
433285781,46740000,0,6,0
433285781,46740000,0,6,0
433285781,46740000,0,6,0
433285781,46740000,0,6,0
433285781,46740000,0,6,0
433285781,46740000,0,6,0
433285781,46740000,0,6,0
433285781,46740000,0,6,0
433285781,46740000,0,6,0
433285781,46740000,0,6,0
433285781,46740000,0,6,0
433285781,46740000,0,6,0
433285781,46740000,0,6,0
433285781,46740000,0,6,0
433285781,46740000,0,6,0
433285781,46740000,0,6,0
433285781,46740000,0,6,0
433285781,46740000,0,6,0
433285781,46740000,0,6,0
433285781,46740000,0,6,0
433285781,46740000,0,6,0
433285781,46740000,0,6,0
433285781,46740000,0,6,0
433285781,46740000,0,6,0
433285781,46740000,0,6,0
433285781,46740000,0,6,0
433285781,46740000,0,6,0
433285781,46740000,0,6,0
433285781,46740000,0,6,0
433285781,46740000,0,6,0
433285781,46740000,0,6,0
433285781,46740000,0,6,0
433285781,46740000,0,6,0
433285781,46740000,0,6,0
433285781,46740000,0,6,0
433285781,46740000,0,6,0
433285781,46740000,0,6,0
433285781,46740000,0,6,0
433285781,46740000,0,6,0
433285781,46740000,0,6,0
433285781,46740000,0,6,0
433285781,46740000,0,6,0
433285781,46740000,0,6,0
433285781,46740000,0,6,0
433285781,46740000,0,6,0
433285781,46740000,0,6,0
433285781,46740000,0,6,0
433285781,46740000,0,6,0
433285781,46740000,0,6,0
433285781,46740000,0,6,0
433285781,46740000,0,6,0
433285781,46740000,0,6,0
433285781,46740000,0,6,0
433285781,46740000,0,6,0
433285781,46740000,0,6,0
433285781,46740000,0,6,0
433285781,46740000,0,6,0
433285781,46740000,0,6,0
433285781,46740000,0,6,0
433285781,46740000,0,6,0
433285781,46740000,0,6,0
433285781,46740000,0,6,0
433285781,46740000,0,6,0
433285781,46740000,0,6,0
433285781,46740000,0,6,0
433285781,46740000,0,6,0
433285781,46740000,0,6,0
433285781,46740000,0,6,0
433285781,46740000,-1,6,0
433285781,46740000,0,6,0
433285781,46740000,0,6,0
433285781,46740000,0,6,0
433285781,46740000,0,6,0
433285781,46740000,0,6,0
433285781,46740000,0,6,0
433285781,46740000,0,6,0
433285781,46740000,0,6,0
433285781,46740000,0,6,0
433285781,46740000,0,6,0
433285781,46740000,0,6,0
433285781,46740000,0,6,0
433285781,46740000,0,6,0
433285781,46740000,0,6,0
433285781,46740000,0,6,0
433285781,46740000,0,6,0
433285781,46740000,0,6,0
433285781,46740000,0,6,0
433285781,46740000,0,6,0
433285781,46740000,0,6,0
433285781,46740000,0,6,0
433285781,46740000,0,6,0
433285781,46740000,0,6,0
433285781,46740000,0,6,0
433285781,46740000,0,6,0
433285781,46740000,0,6,0
433285781,46740000,0,6,0
433285781,46740000,0,6,0
433285781,46740000,0,6,0
433285781,46740000,0,6,0
433285781,46740000,0,6,0
433285781,46740000,0,6,0
433285781,46740000,0,6,0
433285781,46740000,0,6,0
433285781,46740000,0,6,0
433285781,46740000,0,6,0
433285781,46740000,0,6,0
433285781,46740000,0,6,0
433285781,46740000,0,6,0
433285781,46740000,0,6,0
433285781,46740000,0,6,0
433285781,46740000,0,6,0
433285781,46740000,0,6,0
433285781,46740000,0,6,0
433285781,46740000,0,6,0
433285781,46740000,0,6,0
433285781,46740000,0,6,0
433285781,46740000,0,6,0
433285781,46740000,0,6,0
433285781,46740000,0,6,0
433285781,46740000,0,6,0
433285781,46740000,0,6,0
433285781,46740000,0,6,0
433285781,46740000,0,6,0
433285781,46740000,0,6,0
433285781,46740000,0,6,0
433285781,46740000,0,6,0
433285781,46740000,0,6,0
433285781,46740000,0,6,0
433285781,46740000,0,6,0
433285781,46740000,0,6,0
433285781,46740000,0,6,0
433285781,46740000,0,6,0
433285781,46740000,0,6,0
433285781,46740000,0,6,0
433285781,46740000,0,6,0
433285781,46740000,0,6,0
433285781,46740000,0,6,0
433285781,46740000,0,6,0
433285781,46740000,0,6,0
433285781,46740000,0,6,0
433285781,46740000,0,6,0
433285781,46740000,0,6,0
433285781,46740000,0,6,0
433285781,46740000,0,6,0
433285781,46740000,0,6,0
433285781,46740000,0,6,0
433285781,46740000,0,6,0
433285781,46740000,0,6,0
433285781,46740000,0,6,0
433285781,46740000,0,6,0
433285781,46740000,0,6,0
433285781,46740000,0,6,0
433285781,46740000,0,6,0
433285781,46740000,0,6,0
433285781,46740000,0,6,0
433285781,46740000,0,6,0
433285781,46740000,0,6,0
433285781,46740000,0,6,0
433285781,46740000,0,6,0
433285781,46740000,0,6,0
433285781,46740000,0,6,0
433285781,46740000,0,6,0
433285781,46740000,0,6,0
433285781,46740000,0,6,0
433285781,46740000,0,6,0
433285781,46740000,0,6,0
433285781,46740000,0,6,0
433285781,46740000,0,6,0
433285781,46740000,0,6,0
433285781,46740000,0,6,0
433285781,46740000,0,6,0
433285781,46740000,0,6,0
433285781,46740000,0,6,0
433285781,46740000,0,6,0
433285781,46740000,0,6,0
433285781,46740000,0,6,0
433285781,46740000,0,6,0
433285781,46740000,0,6,0
433285781,46740000,0,6,0
433285781,46740000,0,6,0
433285781,46740000,0,6,0
433285781,46740000,0,6,0
433285781,46740000,0,6,0
433285781,46740000,0,6,0
433285781,46740000,0,6,0
433285781,46740000,0,6,0
433285781,46740000,0,6,0
433285781,46740000,0,6,0
433285781,46740000,0,6,0
433285781,46740000,0,6,0
433285781,46740000,0,6,0
433285781,46740000,0,6,0
433285781,46740000,0,6,0
433285781,46740000,0,6,0
433285781,46740000,0,6,0
433285781,46740000,0,6,0
433285781,46740000,0,6,0
433285781,46740000,0,6,0
433285781,46740000,0,6,0
433285781,46740000,0,6,0
433285781,46740000,0,6,0
433285781,46740000,0,6,0
433285781,46740000,0,6,0
433285781,46740000,0,6,0
433285781,46740000,0,6,0
433285781,46740000,0,6,0
433285781,46740000,0,6,0
433285781,46740000,0,6,0
433285781,46740000,0,6,0
433285781,46740000,0,6,0
433285781,46740000,0,6,0
433285781,46740000,0,6,0
433285781,46740000,0,6,0
433285781,46740000,0,6,0
433285781,46740000,0,6,0
433285781,46740000,0,6,0
433285781,46740000,0,6,0
433285781,46740000,0,6,0
433285781,46740000,0,6,0
433285781,46740000,0,6,0
433285781,46740000,0,6,0
433285781,46740000,0,6,0
433285781,46740000,0,6,0
433285781,46740000,0,6,0
433285781,46740000,0,6,0
433285781,46740000,0,6,0
433285781,46740000,0,6,0
433285781,46740000,0,6,0
433285781,46740000,0,6,0
433285781,46740000,0,6,0
433285781,46740000,0,6,0
433285781,46740000,0,6,0
433285781,46740000,0,6,0
433285781,46740000,0,6,0
433285781,46740000,0,6,0
433285781,46740000,0,6,0
433285781,46740000,0,6,0
433285781,46740000,0,6,0
433285781,46740000,0,6,0
433285781,46740000,0,6,0
433285781,46740000,0,6,0
433285781,46740000,0,6,0
433285781,46740000,0,6,0
433285781,46740000,0,6,0
433285781,46740000,0,6,0
433285781,46740000,0,6,0
433285781,46740000,0,6,0
433285781,46740000,0,6,0
433285781,46740000,0,6,0
433285781,46740000,0,6,0
433285781,46740000,0,6,0
433285781,46740000,0,6,0
433285781,46740000,0,6,0
433285781,46740000,0,6,0
433285781,46740000,0,6,0
433285781,46740000,0,6,0
433285781,46740000,0,6,0
433285781,46740000,0,6,0
433285781,46740000,0,6,0
433285781,46740000,0,6,0
433285781,46740000,0,6,0
433285781,46740000,0,6,0
433285781,46740000,0,6,0
433285781,46740000,0,6,0
433285781,46740000,0,6,0
433285781,46740000,0,6,0
433285781,46740000,0,6,0
433285781,46740000,0,6,0
433285781,46740000,0,6,0
433285781,46740000,0,6,0
433285781,46740000,0,6,0
433285781,46740000,0,6,0
433285781,46740000,0,6,0
433285781,46740000,0,6,0
433285781,46740000,0,6,0
433285781,46740000,0,6,0
433285781,46740000,0,6,0
433285781,46740000,0,6,0
433285781,46740000,0,6,0
433285781,46740000,0,6,0
433285781,46740000,0,6,0
433285781,46740000,0,6,0
433285781,46740000,0,6,0
433285781,46740000,0,6,0
433285781,46740000,0,6,0
433285832,58068000,1,6,0
433285832,58068000,0,6,0
433285883,58068000,-1,6,0
433285883,58068000,0,6,0
433285883,58068000,0,6,0
433285883,58068000,0,6,0
433285883,58068000,0,6,0
433285883,58068000,0,6,0
433285883,58068000,0,6,0
433285883,58068000,0,6,0
433285934,58068000,0,6,0
433285934,58068000,0,6,0
433285934,58068000,0,6,0
433285984,58068000,0,6,0
433285984,58068000,0,6,0
433285984,58068000,1,6,0
433285984,58068000,0,6,0
433285984,58068000,0,6,0
433285984,58068000,0,6,0
433286035,58068000,0,6,0
433286035,58068000,0,6,0
433286086,58068000,-1,6,0
433286086,58068000,0,6,0
433286086,58068000,0,6,0
433286086,58068000,0,6,0
433286086,58068000,0,6,0
433286136,58068000,0,6,0
433286136,58068000,0,6,0
433286136,58068000,0,6,0
433286136,58068000,0,6,0
433286136,58068000,0,6,0
433286186,58068000,0,6,0
433286186,58068000,0,6,0
433286186,58068000,0,6,0
433286186,58068000,0,6,0
433286186,58068000,0,6,0
433286186,58068000,0,6,0
433286186,58068000,0,6,0
433286237,58068000,0,6,0
433286237,58068000,0,6,0
433286237,58068000,0,6,0
433286237,58068000,0,6,0
433286288,58068000,0,6,0
433286288,58068000,0,6,0
433286288,58068000,0,6,0
433286288,58068000,0,6,0
433286288,58068000,0,6,0
433286288,58068000,0,6,0
433286288,58068000,0,6,0
433286288,58068000,0,6,0
433286288,58068000,0,6,0
433286288,58068000,0,6,0
433286288,58068000,0,6,0
433286339,58068000,1,6,0
433286339,58068000,0,6,0
433286339,58068000,0,6,0
433286339,58068000,0,6,0
433286389,58068000,-1,6,0
433286389,58068000,0,6,0
433286389,58068000,0,6,0
433286389,58068000,0,6,0
433286389,58068000,0,6,0
433286389,58068000,0,6,0
433286389,58068000,0,6,0
433286389,58068000,0,6,0
433286389,58068000,0,6,0
433286389,58068000,0,6,0
433286440,58068000,1,6,0
433286440,58068000,0,6,0
433286440,58068000,0,6,0
433286440,58068000,0,6,0
433286491,58068000,-1,6,0
433286491,58068000,0,6,0
433286491,58068000,0,6,0
433286491,58068000,0,6,0
433286491,58068000,0,6,0
433286491,58068000,0,6,0
433286491,58068000,0,6,0
433286491,58068000,0,6,0
433286491,58068000,0,6,0
433286491,58068000,0,6,0
433286491,58068000,0,6,0
433286491,58068000,0,6,0
433286541,58068000,0,6,0
433286541,58068000,0,6,0
433286541,58068000,0,6,0
433286541,58068000,0,6,0
433286541,58068000,0,6,0
433286541,58068000,0,6,0
433286541,58068000,0,6,0
433286541,58068000,0,6,0
433286541,58068000,0,6,0
433286541,58068000,0,6,0
433286541,58068000,0,6,0
433286541,58068000,0,6,0
433286592,58068000,0,6,0
433286592,58068000,0,6,0
433286592,58068000,0,6,0
433286592,58068000,0,6,0
433286592,58068000,0,6,0
433286592,58068000,0,6,0
433286592,58068000,0,6,0
433286643,58068000,0,6,0
433286643,58068000,0,6,0
433286643,58068000,0,6,0
433286643,58068000,0,6,0
433286643,58068000,0,6,0
433286643,58068000,0,6,0
433286643,58068000,0,6,0
433286643,58068000,0,6,0
433286643,58068000,0,6,0
433286643,58068000,0,6,0
433286643,58068000,0,6,0
433286643,58068000,0,6,0
433286693,58068000,1,6,0
433286693,58068000,0,6,0
433286693,58068000,0,6,0
433286693,58068000,0,6,0
433286693,58068000,0,6,0
433286693,58068000,0,6,0
433286693,58068000,0,6,0
433286743,58068000,0,6,0
433286743,58068000,0,6,0
433286743,58068000,0,6,0
433286743,58068000,0,6,0
433286743,58068000,0,6,0
433286743,58068000,0,6,0
433286743,58068000,0,6,0
433286743,58068000,-1,6,0
433286743,58068000,0,6,0
433286743,58068000,0,6,0
433286743,58068000,0,6,0
433286743,58068000,0,6,0
433286743,58068000,0,6,0
433286743,58068000,0,6,0
433286794,58068000,0,6,0
433286794,58068000,0,6,0
433286794,58068000,0,6,0
433286794,58068000,0,6,0
433286794,58068000,0,6,0
433286794,58068000,0,6,0
433286794,58068000,0,6,0
433286794,58068000,0,6,0
433286794,58068000,0,6,0
433286844,58068000,1,6,0
433286844,58068000,0,6,0
433286844,58068000,0,6,0
433286844,58068000,0,6,0
433286844,58068000,0,6,0
433286844,58068000,0,6,0
433286844,58068000,0,6,0
433286844,58068000,0,6,0
433286844,58068000,0,6,0
433286844,58068000,0,6,0
433286844,58068000,0,6,0
433286894,58068000,-1,6,0
433286894,58068000,0,6,0
433286894,58068000,0,6,0
433286894,58068000,0,6,0
433286894,58068000,0,6,0
433286945,58068000,1,6,0
433286945,58068000,0,6,0
433286945,58068000,0,6,0
433286945,58068000,0,6,0
433286945,58068000,0,6,0
433286945,58068000,0,6,0
433286945,58068000,0,6,0
433286945,58068000,0,6,0
433286945,58068000,-1,6,0
433286945,58068000,0,6,0
433286945,58068000,0,6,0
433286945,58068000,0,6,0
433286995,58068000,0,6,0
433286995,58068000,0,6,0
433286995,58068000,0,6,0
433286995,58068000,0,6,0
433286995,58068000,0,6,0
433287046,58068000,0,6,0
433287046,58068000,0,6,0
433287046,58068000,0,6,0
433287046,58068000,0,6,0
433287046,58068000,0,6,0
433287046,58068000,0,6,0
433287046,58068000,0,6,0
433287046,58068000,0,6,0
433287046,58068000,0,6,0
433287046,58068000,0,6,0
433287046,58068000,0,6,0
433287046,58068000,0,6,0
433287046,58068000,0,6,0
433287046,58068000,0,6,0
433287046,58068000,0,6,0
433287046,58068000,0,6,0
433287097,58068000,0,6,0
433287097,58068000,0,6,0
433287097,58068000,0,6,0
433287097,58068000,0,6,0
433287097,58068000,0,6,0
433287097,58068000,0,6,0
433287097,58068000,0,6,0
433287097,58068000,0,6,0
433287147,58068000,0,6,0
433287147,58068000,0,6,0
433287147,58068000,0,6,0
433287147,58068000,0,6,0
433287147,58068000,0,6,0
433287147,58068000,0,6,0
433287147,58068000,0,6,0
433287147,58068000,0,6,0
433287147,58068000,0,6,0
433287147,58068000,0,6,0
433287147,58068000,0,6,0
433287147,58068000,0,6,0
433287147,58068000,0,6,0
433287147,58068000,0,6,0
433287147,58068000,0,6,0
433287147,58068000,0,6,0
433287147,58068000,0,6,0
433287198,58068000,0,6,0
433287198,58068000,0,6,0
433287198,58068000,0,6,0
433287198,58068000,0,6,0
433287198,58068000,0,6,0
433287198,58068000,0,6,0
433287198,58068000,0,6,0
433287198,58068000,0,6,0
433287198,58068000,0,6,0
433287198,58068000,0,6,0
433287198,58068000,0,6,0
433287248,58068000,0,6,0
433287248,58068000,0,6,0
433287248,58068000,0,6,0
433287248,58068000,0,6,0
433287248,58068000,0,6,0
433287248,58068000,0,6,0
433287248,58068000,0,6,0
433287248,58068000,0,6,0
433287248,58068000,0,6,0
433287248,58068000,0,6,0
433287248,58068000,0,6,0
433287248,58068000,0,6,0
433287248,58068000,0,6,0
433287248,58068000,0,6,0
433287248,58068000,0,6,0
433287248,58068000,0,6,0
433287248,58068000,0,6,0
433287248,58068000,0,6,0
433287298,58068000,0,6,0
433287298,58068000,0,6,0
433287298,58068000,0,6,0
433287298,58068000,0,6,0
433287298,58068000,0,6,0
433287298,58068000,0,6,0
433287298,58068000,0,6,0
433287298,58068000,0,6,0
433287348,58068000,0,6,0
433287348,58068000,0,6,0
433287348,58068000,0,6,0
433287348,58068000,0,6,0
433287348,58068000,0,6,0
433287348,58068000,0,6,0
433287348,58068000,0,6,0
433287348,58068000,0,6,0
433287348,58068000,0,6,0
433287348,58068000,0,6,0
433287348,58068000,0,6,0
433287348,58068000,0,6,0
433287348,58068000,0,6,0
433287348,58068000,0,6,0
433287348,58068000,0,6,0
433287348,58068000,0,6,0
433287348,58068000,0,6,0
433287348,58068000,0,6,0
433287348,58068000,0,6,0
433287348,58068000,0,6,0
433287348,58068000,0,6,0
433287348,58068000,0,6,0
433287399,58068000,0,6,0
433287399,58068000,0,6,0
433287399,58068000,0,6,0
433287399,58068000,0,6,0
433287399,58068000,0,6,0
433287399,58068000,0,6,0
433287399,58068000,0,6,0
433287399,58068000,0,6,0
433287399,58068000,0,6,0
433287449,58068000,0,6,0
433287449,58068000,0,6,0
433287449,58068000,0,6,0
433287449,58068000,0,6,0
433287449,58068000,0,6,0
433287449,58068000,0,6,0
433287449,58068000,0,6,0
433287449,58068000,0,6,0
433287449,58068000,0,6,0
433287449,58068000,0,6,0
433287449,58068000,0,6,0
433287449,58068000,0,6,0
433287449,58068000,0,6,0
433287449,58068000,0,6,0
433287449,58068000,0,6,0
433287449,58068000,0,6,0
433287449,58068000,0,6,0
433287449,58068000,0,6,0
433287449,58068000,0,6,0
433287499,58068000,0,6,0
433287499,58068000,0,6,0
433287499,58068000,0,6,0
433287499,58068000,0,6,0
433287499,58068000,0,6,0
433287499,58068000,0,6,0
433287549,58068000,0,6,0
433287549,58068000,0,6,0
433287549,58068000,0,6,0
433287549,58068000,0,6,0
433287549,58068000,0,6,0
433287549,58068000,0,6,0
433287549,58068000,0,6,0
433287549,58068000,0,6,0
433287549,58068000,0,6,0
433287549,58068000,0,6,0
433287549,58068000,0,6,0
433287549,58068000,0,6,0
433287549,58068000,0,6,0
433287549,58068000,0,6,0
433287600,58068000,0,6,0
433287600,58068000,0,6,0
433287600,58068000,0,6,0
433287600,58068000,0,6,0
433287600,58068000,0,6,0
433287600,58068000,0,6,0
433287600,58068000,0,6,0
433287600,58068000,0,6,0
433287600,58068000,0,6,0
433287600,58068000,0,6,0
433287651,58068000,0,6,0
433287651,58068000,0,6,0
433287651,58068000,0,6,0
433287651,58068000,0,6,0
433287651,58068000,0,6,0
433287651,58068000,0,6,0
433287651,58068000,0,6,0
433287651,58068000,0,6,0
433287651,58068000,0,6,0
433287651,58068000,0,6,0
433287651,58068000,0,6,0
433287651,58068000,0,6,0
433287651,58068000,0,6,0
433287651,58068000,0,6,0
433287651,58068000,0,6,0
433287702,58068000,1,6,0
433287702,58068000,0,6,0
433287702,58068000,0,6,0
433287702,58068000,0,6,0
433287702,58068000,0,6,0
433287702,58068000,0,6,0
433287702,58068000,0,6,0
433287753,58068000,-1,6,0
433287753,58068000,0,6,0
433287753,58068000,0,6,0
433287753,58068000,0,6,0
433287753,58068000,0,6,0
433287753,58068000,0,6,0
433287753,58068000,0,6,0
433287753,58068000,0,6,0
433287753,58068000,0,6,0
433287753,58068000,0,6,0
433287753,58068000,0,6,0
433287753,58068000,0,6,0
433287753,58068000,1,6,0
433287753,58068000,0,6,0
433287753,58068000,0,6,0
433287753,58068000,0,6,0
433287753,58068000,0,6,0
433287753,58068000,0,6,0
433287753,58068000,0,6,0
433287804,58068000,-1,6,0
433287804,58068000,0,6,0
433287804,58068000,0,6,0
433287804,58068000,0,6,0
433287804,58068000,0,6,0
433287804,58068000,0,6,0
433287804,58068000,0,6,0
433287804,58068000,0,6,0
433287804,58068000,0,6,0
433287854,58068000,1,6,0
433287854,58068000,0,6,0
433287854,58068000,0,6,0
433287854,58068000,0,6,0
433287854,58068000,0,6,0
433287854,58068000,0,6,0
433287854,58068000,0,6,0
433287854,58068000,0,6,0
433287854,58068000,-1,6,0
433287854,58068000,0,6,0
433287854,58068000,0,6,0
433287854,58068000,0,6,0
433287854,58068000,0,6,0
433287854,58068000,0,6,0
433287854,58068000,0,6,0
433287854,58068000,0,6,0
433287854,58068000,0,6,0
433287854,58068000,0,6,0
433287854,58068000,0,6,0
433287854,58068000,0,6,0
433287905,58068000,1,6,0
433287905,58068000,0,6,0
433287905,58068000,0,6,0
433287905,58068000,0,6,0
433287905,58068000,0,6,0
433287905,58068000,0,6,0
433287905,58068000,0,6,0
433287955,58068000,-1,6,0
433287955,58068000,0,6,0
433287955,58068000,0,6,0
433287955,58068000,0,6,0
433287955,58068000,0,6,0
433287955,58068000,0,6,0
433287955,58068000,0,6,0
433287955,58068000,0,6,0
433287955,58068000,0,6,0
433287955,58068000,0,6,0
433287955,58068000,0,6,0
433287955,58068000,0,6,0
433287955,58068000,0,6,0
433287955,58068000,0,6,0
433287955,58068000,0,6,0
433287955,58068000,0,6,0
433288006,58068000,0,6,0
433288006,58068000,0,6,0
433288006,58068000,0,6,0
433288006,58068000,0,6,0
433288006,58068000,0,6,0
433288006,58068000,0,6,0
433288006,58068000,0,6,0
433288006,58068000,0,6,0
433288006,58068000,0,6,0
433288006,58068000,0,6,0
433288006,58068000,0,6,0
433288006,58068000,0,6,0
433288006,58068000,0,6,0
433288056,58068000,0,6,0
433288056,58068000,0,6,0
433288056,58068000,0,6,0
433288056,58068000,0,6,0
433288056,58068000,0,6,0
433288056,58068000,0,6,0
433288056,58068000,0,6,0
433288056,58068000,0,6,0
433288056,58068000,0,6,0
433288056,58068000,0,6,0
433288056,58068000,0,6,0
433288056,58068000,0,6,0
433288056,58068000,0,6,0
433288056,58068000,0,6,0
433288056,58068000,0,6,0
433288056,58068000,0,6,0
433288106,58068000,0,6,0
433288106,58068000,0,6,0
433288106,58068000,0,6,0
433288106,58068000,0,6,0
433288106,58068000,0,6,0
433288106,58068000,0,6,0
433288106,58068000,0,6,0
433288156,58068000,0,6,0
433288156,58068000,0,6,0
433288156,58068000,0,6,0
433288156,58068000,0,6,0
433288156,58068000,0,6,0
433288156,58068000,0,6,0
433288156,58068000,0,6,0
433288156,58068000,0,6,0
433288156,58068000,0,6,0
433288156,58068000,0,6,0
433288156,58068000,0,6,0
433288156,58068000,0,6,0
433288156,58068000,1,6,0
433288156,58068000,0,6,0
433288156,58068000,0,6,0
433288156,58068000,0,6,0
433288156,58068000,0,6,0
433288156,58068000,0,6,0
433288156,58068000,0,6,0
433288156,58068000,0,6,0
433288207,58068000,-1,6,0
433288207,58068000,0,6,0
433288207,58068000,0,6,0
433288207,58068000,0,6,0
433288207,58068000,0,6,0
433288207,58068000,0,6,0
433288207,58068000,0,6,0
433288207,58068000,0,6,0
433288207,58068000,0,6,0
433288207,58068000,1,6,0
433288207,58068000,0,6,0
433288207,58068000,0,6,0
433288207,58068000,0,6,0
433288207,58068000,0,6,0
433288207,58068000,0,6,0
433288207,58068000,0,6,0
433288258,58068000,-1,6,0
433288258,58068000,0,6,0
433288258,58068000,0,6,0
433288258,58068000,0,6,0
433288258,58068000,0,6,0
433288258,58068000,0,6,0
433288258,58068000,0,6,0
433288258,58068000,0,6,0
433288258,58068000,0,6,0
433288258,58068000,0,6,0
433288258,58068000,0,6,0
433288258,58068000,0,6,0
433288308,58068000,0,6,0
433288308,58068000,0,6,0
433288308,58068000,0,6,0
433288308,58068000,0,6,0
433288308,58068000,0,6,0
433288308,58068000,0,6,0
433288308,58068000,0,6,0
433288308,58068000,0,6,0
433288308,58068000,0,6,0
433288308,58068000,0,6,0
433288308,58068000,0,6,0
433288308,58068000,0,6,0
433288308,58068000,0,6,0
433288308,58068000,0,6,0
433288308,58068000,0,6,0
433288359,58068000,0,6,0
433288359,58068000,0,6,0
433288359,58068000,0,6,0
433288359,58068000,0,6,0
433288359,58068000,0,6,0
433288359,58068000,0,6,0
433288410,58068000,1,6,0
433288410,58068000,0,6,0
433288410,58068000,0,6,0
433288410,58068000,0,6,0
433288410,58068000,0,6,0
433288410,58068000,0,6,0
433288410,58068000,0,6,0
433288410,58068000,0,6,0
433288410,58068000,0,6,0
433288410,58068000,0,6,0
433288410,58068000,-1,6,0
433288410,58068000,0,6,0
433288410,58068000,0,6,0
433288410,58068000,0,6,0
433288410,58068000,0,6,0
433288410,58068000,0,6,0
433288460,58068000,0,6,0
433288460,58068000,0,6,0
433288460,58068000,0,6,0
433288460,58068000,0,6,0
433288460,58068000,0,6,0
433288460,58068000,0,6,0
433288460,58068000,0,6,0
433288460,58068000,0,6,0
433288510,58068000,1,6,0
433288510,58068000,0,6,0
433288510,58068000,0,6,0
433288510,58068000,0,6,0
433288510,58068000,0,6,0
433288510,58068000,0,6,0
433288510,58068000,0,6,0
433288510,58068000,-1,6,0
433288510,58068000,0,6,0
433288510,58068000,0,6,0
433288510,58068000,0,6,0
433288510,58068000,0,6,0
433288510,58068000,0,6,0
433288510,58068000,0,6,0
433288510,58068000,0,6,0
433288510,58068000,0,6,0
433288510,58068000,0,6,0
433288510,58068000,0,6,0
433288561,58068000,0,6,0
433288561,58068000,0,6,0
433288561,58068000,0,6,0
433288561,58068000,0,6,0
433288561,58068000,0,6,0
433288561,58068000,0,6,0
433288561,58068000,0,6,0
433288612,58068000,0,6,0
433288612,58068000,0,6,0
433288612,58068000,0,6,0
433288612,58068000,0,6,0
433288612,58068000,0,6,0
433288612,58068000,0,6,0
433288612,58068000,0,6,0
433288612,58068000,0,6,0
433288612,58068000,0,6,0
433288612,58068000,0,6,0
433288612,58068000,0,6,0
433288612,58068000,0,6,0
433288612,58068000,0,6,0
433288612,58068000,0,6,0
433288612,58068000,0,6,0
433288663,58068000,0,6,0
433288663,58068000,0,6,0
433288663,58068000,0,6,0
433288663,58068000,0,6,0
433288663,58068000,0,6,0
433288663,58068000,0,6,0
433288663,58068000,0,6,0
433288663,58068000,0,6,0
433288663,58068000,0,6,0
433288663,58068000,0,6,0
433288663,58068000,0,6,0
433288714,58068000,0,6,0
433288714,58068000,0,6,0
433288714,58068000,0,6,0
433288714,58068000,0,6,0
433288714,58068000,0,6,0
433288714,58068000,0,6,0
433288714,58068000,0,6,0
433288714,58068000,0,6,0
433288714,58068000,0,6,0
433288714,58068000,0,6,0
433288714,58068000,0,6,0
433288714,58068000,0,6,0
433288714,58068000,0,6,0
433288765,58068000,1,6,0
433288765,58068000,0,6,0
433288765,58068000,0,6,0
433288765,58068000,0,6,0
433288765,58068000,0,6,0
433288765,58068000,0,6,0
433288816,58068000,-1,6,0
433288816,58068000,0,6,0
433288816,58068000,0,6,0
433288816,58068000,0,6,0
433288816,58068000,0,6,0
433288816,58068000,0,6,0
433288816,58068000,0,6,0
433288816,58068000,0,6,0
433288816,58068000,0,6,0
433288816,58068000,0,6,0
433288816,58068000,0,6,0
433288816,58068000,0,6,0
433288816,58068000,0,6,0
433288816,58068000,0,6,0
433288816,58068000,0,6,0
433288816,58068000,0,6,0
433288816,58068000,0,6,0
433288867,58068000,0,6,0
433288867,58068000,0,6,0
433288867,58068000,0,6,0
433288867,58068000,0,6,0
433288867,58068000,0,6,0
433288867,58068000,0,6,0
433288867,58068000,0,6,0
433288917,58068000,0,6,0
433288917,58068000,0,6,0
433288917,58068000,0,6,0
433288917,58068000,0,6,0
433288917,58068000,0,6,0
433288917,58068000,0,6,0
433288917,58068000,0,6,0
433288917,58068000,0,6,0
433288917,58068000,0,6,0
433288917,58068000,0,6,0
433288917,58068000,0,6,0
433288917,58068000,0,6,0
433288917,58068000,0,6,0
433288917,58068000,0,6,0
433288967,58068000,0,6,0
433288967,58068000,0,6,0
433288967,58068000,0,6,0
433288967,58068000,0,6,0
433288967,58068000,0,6,0
433289018,58068000,1,6,0
433289018,58068000,0,6,0
433289018,58068000,0,6,0
433289018,58068000,0,6,0
433289018,58068000,0,6,0
433289018,58068000,0,6,0
433289018,58068000,-1,6,0
433289018,58068000,0,6,0
433289018,58068000,0,6,0
433289018,58068000,0,6,0
433289018,58068000,0,6,0
433289068,58068000,1,6,0
433289068,58068000,0,6,0
433289068,58068000,0,6,0
433289068,58068000,0,6,0
433289068,58068000,0,6,0
433289068,58068000,0,6,0
433289068,58068000,0,6,0
433289119,58068000,-1,6,0
433289119,58068000,0,6,0
433289119,58068000,0,6,0
433289119,58068000,0,6,0
433289119,58068000,0,6,0
433289119,58068000,0,6,0
433289119,58068000,0,6,0
433289119,58068000,0,6,0
433289119,58068000,0,6,0
433289119,58068000,0,6,0
433289169,58068000,0,6,0
433289169,58068000,0,6,0
433289169,58068000,0,6,0
433289169,58068000,0,6,0
433289219,58068000,0,6,0
433289219,58068000,0,6,0
433289219,58068000,0,6,0
433289219,58068000,0,6,0
433289219,58068000,0,6,0
433289219,58068000,0,6,0
433289219,58068000,0,6,0
433289219,58068000,0,6,0
433289219,58068000,0,6,0
433289219,58068000,0,6,0
433289219,58068000,0,6,0
433289270,58068000,0,6,0
433289270,58068000,0,6,0
433289270,58068000,0,6,0
433289270,58068000,0,6,0
433289270,58068000,0,6,0
433289270,58068000,0,6,0
433289319,58068000,0,6,0
433289319,58068000,0,6,0
433289319,58068000,0,6,0
433289319,58068000,0,6,0
433289319,58068000,0,6,0
433289319,58068000,0,6,0
433289319,58068000,0,6,0
433289319,58068000,0,6,0
433289319,58068000,0,6,0
433289319,58068000,0,6,0
433289319,58068000,0,6,0
433289319,58068000,0,6,0
433289319,58068000,0,6,0
433289319,58068000,0,6,0
433289319,58068000,0,6,0
433289370,58068000,0,6,0
433289370,58068000,0,6,0
433289370,58068000,0,6,0
433289370,58068000,0,6,0
433289370,58068000,0,6,0
433289370,58068000,0,6,0
433289370,58068000,0,6,0
433289370,58068000,0,6,0
433289421,58068000,0,6,0
433289421,58068000,0,6,0
433289421,58068000,0,6,0
433289421,58068000,0,6,0
433289421,58068000,0,6,0
433289421,58068000,0,6,0
433289421,58068000,0,6,0
433289421,58068000,0,6,0
433289471,58068000,0,6,0
433289471,58068000,0,6,0
433289471,58068000,0,6,0
433289471,58068000,0,6,0
433289471,58068000,0,6,0
433289471,58068000,0,6,0
433289471,58068000,0,6,0
433289471,58068000,0,6,0
433289471,58068000,0,6,0
433289522,58068000,0,6,0
433289522,58068000,0,6,0
433289522,58068000,0,6,0
433289522,58068000,0,6,0
433289522,58068000,0,6,0
433289522,58068000,0,6,0
433289522,58068000,0,6,0
433289522,58068000,0,6,0
433289522,58068000,0,6,0
433289522,58068000,0,6,0
433289522,58068000,0,6,0
433289522,58068000,0,6,0
433289522,58068000,0,6,0
433289522,58068000,0,6,0
433289572,58068000,0,6,0
433289572,58068000,0,6,0
433289572,58068000,0,6,0
433289572,58068000,0,6,0
433289572,58068000,0,6,0
433289572,58068000,0,6,0
433289572,58068000,0,6,0
433289572,58068000,0,6,0
433289622,58068000,0,6,0
433289622,58068000,0,6,0
433289622,58068000,0,6,0
433289622,58068000,0,6,0
433289622,58068000,0,6,0
433289622,58068000,0,6,0
433289622,58068000,0,6,0
433289622,58068000,0,6,0
433289622,58068000,0,6,0
433289622,58068000,0,6,0
433289622,58068000,0,6,0
433289673,58068000,0,6,0
433289673,58068000,0,6,0
433289673,58068000,0,6,0
433289673,58068000,0,6,0
433289673,58068000,0,6,0
433289724,58068000,0,6,0
433289724,58068000,0,6,0
433289724,58068000,0,6,0
433289724,58068000,0,6,0
433289724,58068000,0,6,0
433289724,58068000,0,6,0
433289724,58068000,0,6,0
433289724,58068000,0,6,0
433289724,58068000,0,6,0
433289724,58068000,0,6,0
433289724,58068000,0,6,0
433289724,58068000,0,6,0
433289724,58068000,0,6,0
433289776,58068000,0,6,0
433289776,58068000,0,6,0
433289776,58068000,0,6,0
433289776,58068000,0,6,0
433289776,58068000,0,6,0
433289776,58068000,0,6,0
433289776,58068000,0,6,0
433289776,58068000,0,6,0
433289776,58068000,0,6,0
433289776,58068000,0,6,0
433289776,58068000,0,6,0
433289827,58068000,1,6,0
433289827,58068000,0,6,0
433289827,58068000,0,6,0
433289827,58068000,0,6,0
433289827,58068000,0,6,0
433289827,58068000,0,6,0
433289827,58068000,0,6,0
433289827,58068000,0,6,0
433289877,58068000,-1,6,0
433289877,58068000,0,6,0
433289877,58068000,0,6,0
433289877,58068000,0,6,0
433289877,58068000,0,6,0
433289877,58068000,0,6,0
433289877,58068000,0,6,0
433289877,58068000,0,6,0
433289877,58068000,0,6,0
433289877,58068000,0,6,0
433289877,58068000,0,6,0
433289877,58068000,0,6,0
