net.ipv4.ip_forward = 1
2025-09-30 10:56:00:834 [INFO] [main] [main.cpp:62] Interface: wlo1
2025-09-30 10:56:00:834 [INFO] [main] [main.cpp:65] Using profile path: /mnt/mydata/home/goodsol/workspace/QCON/webrtc/src/automated_experiment/results/promptVSkvcache/custom_traffic_pattern/abc4g_0/profiles/abc4g_0.csv
2025-09-30 10:56:00:834 [INFO] [main] [main.cpp:77] Starting Network Emulator
2025-09-30 10:56:00:834 [INFO] [PHY] [network_emulator.cpp:14] NetworkEmulator initialized
2025-09-30 10:56:00:834 [INFO] [PHY] [network_emulator.cpp:30] Initializing NetworkEmulator
2025-09-30 10:56:00:834 [INFO] [PHY] [network_emulator.cpp:32] Profile path provided: /mnt/mydata/home/goodsol/workspace/QCON/webrtc/src/automated_experiment/results/promptVSkvcache/custom_traffic_pattern/abc4g_0/profiles/abc4g_0.csv
2025-09-30 10:56:01:534 [INFO] [PHY] [network_emulator.cpp:127] Virtual interfaces created and configured successfully
2025-09-30 10:56:01:534 [INFO] [PHY] [network_emulator.cpp:226] Parsed and sorted 1358 profiles from file
2025-09-30 10:56:01:534 [INFO] [PHY] [network_emulator.cpp:47] Press any key to start traffic shaping...
qdisc netem 8015: root refcnt 21 limit 50000 delay 30ms rate 24719Kbit
qdisc netem 8015: root refcnt 21 limit 50000 delay 30ms rate 27980Kbit
qdisc netem 8015: root refcnt 21 limit 50000 delay 30ms rate 32615Kbit
qdisc netem 8015: root refcnt 21 limit 50000 delay 30ms rate 25634Kbit
qdisc netem 8015: root refcnt 21 limit 50000 delay 30ms rate 20427Kbit
qdisc netem 8015: root refcnt 21 limit 50000 delay 30ms rate 22316Kbit
qdisc netem 8015: root refcnt 21 limit 50000 delay 30ms rate 15678Kbit
qdisc netem 8015: root refcnt 21 limit 50000 delay 30ms rate 13103Kbit
qdisc netem 8015: root refcnt 21 limit 50000 delay 30ms rate 14820Kbit
qdisc netem 8015: root refcnt 21 limit 50000 delay 30ms rate 16136Kbit
qdisc netem 8015: root refcnt 21 limit 50000 delay 30ms rate 11043Kbit
qdisc netem 8015: root refcnt 21 limit 50000 delay 30ms rate 8010Kbit
qdisc netem 8015: root refcnt 21 limit 50000 delay 30ms rate 15735Kbit
qdisc netem 8015: root refcnt 21 limit 50000 delay 30ms rate 14133Kbit
qdisc netem 8015: root refcnt 21 limit 50000 delay 30ms rate 10814Kbit
qdisc netem 8015: root refcnt 21 limit 50000 delay 30ms rate 10528Kbit
qdisc netem 8015: root refcnt 21 limit 50000 delay 30ms rate 10070Kbit
qdisc netem 8015: root refcnt 21 limit 50000 delay 30ms rate 9040Kbit
qdisc netem 8015: root refcnt 21 limit 50000 delay 30ms rate 5378Kbit
qdisc netem 8015: root refcnt 21 limit 50000 delay 30ms rate 11158Kbit
qdisc netem 8015: root refcnt 21 limit 50000 delay 30ms rate 15049Kbit
qdisc netem 8015: root refcnt 21 limit 50000 delay 30ms rate 13160Kbit
qdisc netem 8015: root refcnt 21 limit 50000 delay 30ms rate 8468Kbit
qdisc netem 8015: root refcnt 21 limit 50000 delay 30ms rate 7324Kbit
qdisc netem 8015: root refcnt 21 limit 50000 delay 30ms rate 4863Kbit
qdisc netem 8015: root refcnt 21 limit 50000 delay 30ms rate 3147Kbit
qdisc netem 8015: root refcnt 21 limit 50000 delay 30ms rate 6122Kbit
qdisc netem 8015: root refcnt 21 limit 50000 delay 30ms rate 8583Kbit
qdisc netem 8015: root refcnt 21 limit 50000 delay 30ms rate 8583Kbit
qdisc netem 8015: root refcnt 21 limit 50000 delay 30ms rate 3948Kbit
2025-09-30 10:56:01:534 [INFO] [PHY] [network_emulator.cpp:164] Starting emulation loop
2025-09-30 10:56:01:534 [INFO] [PHY] [network_emulator.cpp:167] Emulation thread created
2025-09-30 10:56:01:534 [INFO] [main] [network_emulator.cpp:52] Network emulator running. Press Ctrl+C to stop...
2025-09-30 10:56:01:534 [INFO] [main] [main.cpp:91] Network emulator running. Press Ctrl+C to stop...
2025-09-30 10:56:01:534 [INFO] [PHY] [network_emulator.cpp:231] Entering emulation loop
2025-09-30 10:56:01:541 [INFO] [PHY] [network_emulator.cpp:304] Applied to veth_ns - Rate: 24719.2 kbps, Delay: 30 ms
2025-09-30 10:56:01:730 [INFO] [PHY] [network_emulator.cpp:304] Applied to veth_ns - Rate: 27980.8 kbps, Delay: 30 ms
2025-09-30 10:56:01:926 [INFO] [PHY] [network_emulator.cpp:304] Applied to veth_ns - Rate: 32615.7 kbps, Delay: 30 ms
2025-09-30 10:56:02:127 [INFO] [PHY] [network_emulator.cpp:304] Applied to veth_ns - Rate: 25634.8 kbps, Delay: 30 ms
2025-09-30 10:56:02:328 [INFO] [PHY] [network_emulator.cpp:304] Applied to veth_ns - Rate: 20427.7 kbps, Delay: 30 ms
2025-09-30 10:56:02:527 [INFO] [PHY] [network_emulator.cpp:304] Applied to veth_ns - Rate: 22316 kbps, Delay: 30 ms
2025-09-30 10:56:02:724 [INFO] [PHY] [network_emulator.cpp:304] Applied to veth_ns - Rate: 15678.4 kbps, Delay: 30 ms
2025-09-30 10:56:02:928 [INFO] [PHY] [network_emulator.cpp:304] Applied to veth_ns - Rate: 13103.5 kbps, Delay: 30 ms
2025-09-30 10:56:03:130 [INFO] [PHY] [network_emulator.cpp:304] Applied to veth_ns - Rate: 14820.1 kbps, Delay: 30 ms
2025-09-30 10:56:03:322 [INFO] [PHY] [network_emulator.cpp:304] Applied to veth_ns - Rate: 16136.2 kbps, Delay: 30 ms
2025-09-30 10:56:03:527 [INFO] [PHY] [network_emulator.cpp:304] Applied to veth_ns - Rate: 11043.5 kbps, Delay: 30 ms
2025-09-30 10:56:03:726 [INFO] [PHY] [network_emulator.cpp:304] Applied to veth_ns - Rate: 8010.86 kbps, Delay: 30 ms
2025-09-30 10:56:03:926 [INFO] [PHY] [network_emulator.cpp:304] Applied to veth_ns - Rate: 15735.6 kbps, Delay: 30 ms
2025-09-30 10:56:04:126 [INFO] [PHY] [network_emulator.cpp:304] Applied to veth_ns - Rate: 14133.5 kbps, Delay: 30 ms
2025-09-30 10:56:04:326 [INFO] [PHY] [network_emulator.cpp:304] Applied to veth_ns - Rate: 10814.7 kbps, Delay: 30 ms
2025-09-30 10:56:04:529 [INFO] [PHY] [network_emulator.cpp:304] Applied to veth_ns - Rate: 10528.6 kbps, Delay: 30 ms
2025-09-30 10:56:04:725 [INFO] [PHY] [network_emulator.cpp:304] Applied to veth_ns - Rate: 10070.8 kbps, Delay: 30 ms
2025-09-30 10:56:04:926 [INFO] [PHY] [network_emulator.cpp:304] Applied to veth_ns - Rate: 9040.83 kbps, Delay: 30 ms
2025-09-30 10:56:05:126 [INFO] [PHY] [network_emulator.cpp:304] Applied to veth_ns - Rate: 5378.72 kbps, Delay: 30 ms
2025-09-30 10:56:05:329 [INFO] [PHY] [network_emulator.cpp:304] Applied to veth_ns - Rate: 11158 kbps, Delay: 30 ms
2025-09-30 10:56:05:524 [INFO] [PHY] [network_emulator.cpp:304] Applied to veth_ns - Rate: 15049 kbps, Delay: 30 ms
2025-09-30 10:56:05:727 [INFO] [PHY] [network_emulator.cpp:304] Applied to veth_ns - Rate: 13160.7 kbps, Delay: 30 ms
2025-09-30 10:56:05:926 [INFO] [PHY] [network_emulator.cpp:304] Applied to veth_ns - Rate: 8468.63 kbps, Delay: 30 ms
2025-09-30 10:56:06:129 [INFO] [PHY] [network_emulator.cpp:304] Applied to veth_ns - Rate: 7324.22 kbps, Delay: 30 ms
2025-09-30 10:56:06:325 [INFO] [PHY] [network_emulator.cpp:304] Applied to veth_ns - Rate: 4863.74 kbps, Delay: 30 ms
2025-09-30 10:56:06:526 [INFO] [PHY] [network_emulator.cpp:304] Applied to veth_ns - Rate: 3147.13 kbps, Delay: 30 ms
2025-09-30 10:56:06:727 [INFO] [PHY] [network_emulator.cpp:304] Applied to veth_ns - Rate: 6122.59 kbps, Delay: 30 ms
2025-09-30 10:56:06:927 [INFO] [PHY] [network_emulator.cpp:304] Applied to veth_ns - Rate: 8583.07 kbps, Delay: 30 ms
2025-09-30 10:56:07:124 [INFO] [PHY] [network_emulator.cpp:304] Applied to veth_ns - Rate: 8583.07 kbps, Delay: 30 ms
2025-09-30 10:56:07:329 [INFO] [PHY] [network_emulator.cpp:304] Applied to veth_ns - Rate: 3948.21 kbps, Delay: 30 ms
2025-09-30 10:56:07:530 [INFO] [PHY] [network_emulator.cpp:304] Applied to veth_nqdisc netem 8015: root refcnt 21 limit 50000 delay 30ms rate 2975Kbit
qdisc netem 8015: root refcnt 21 limit 50000 delay 30ms rate 3547Kbit
qdisc netem 8015: root refcnt 21 limit 50000 delay 30ms rate 4749Kbit
qdisc netem 8015: root refcnt 21 limit 50000 delay 30ms rate 4806Kbit
qdisc netem 8015: root refcnt 21 limit 50000 delay 30ms rate 3662Kbit
qdisc netem 8015: root refcnt 21 limit 50000 delay 30ms rate 2346Kbit
qdisc netem 8015: root refcnt 21 limit 50000 delay 30ms rate 1888Kbit
qdisc netem 8015: root refcnt 21 limit 50000 delay 30ms rate 1945Kbit
qdisc netem 8015: root refcnt 21 limit 50000 delay 30ms rate 2174Kbit
qdisc netem 8015: root refcnt 21 limit 50000 delay 30ms rate 858304bit
qdisc netem 8015: root refcnt 21 limit 50000 delay 30ms rate 1487Kbit
qdisc netem 8015: root refcnt 21 limit 50000 delay 30ms rate 686640bit
qdisc netem 8015: root refcnt 21 limit 50000 delay 30ms rate 2059Kbit
qdisc netem 8015: root refcnt 21 limit 50000 delay 30ms rate 743864bit
qdisc netem 8015: root refcnt 21 limit 50000 delay 30ms rate 2117Kbit
qdisc netem 8015: root refcnt 21 limit 50000 delay 30ms rate 1087Kbit
qdisc netem 8015: root refcnt 21 limit 50000 delay 30ms rate 2746Kbit
qdisc netem 8015: root refcnt 21 limit 50000 delay 30ms rate 286096bit
Cannot open network namespace "ns1": No such file or directory
Cannot open network namespace "ns1": No such file or directory
Cannot open network namespace "ns1": No such file or directory
Cannot open network namespace "ns1": No such file or directory
Cannot open network namespace "ns1": No such file or directory
Cannot open network namespace "ns1": No such file or directory
qdisc netem 8016: root refcnt 21 limit 50000 delay 30ms rate 4348Kbit
qdisc netem 8016: root refcnt 21 limit 50000 delay 30ms rate 6408Kbit
qdisc netem 8016: root refcnt 21 limit 50000 delay 30ms rate 8697Kbit
qdisc netem 8016: root refcnt 21 limit 50000 delay 30ms rate 5722Kbit
qdisc netem 8016: root refcnt 21 limit 50000 delay 30ms rate 8239Kbit
qdisc netem 8016: root refcnt 21 limit 50000 delay 30ms rate 9269Kbit
qdisc netem 8016: root refcnt 21 limit 50000 delay 30ms rate 5664Kbit
qdisc netem 8016: root refcnt 21 limit 50000 delay 30ms rate 7209Kbit
qdisc netem 8016: root refcnt 21 limit 50000 delay 30ms rate 8125Kbit
qdisc netem 8016: root refcnt 21 limit 50000 delay 30ms rate 10414Kbit
qdisc netem 8016: root refcnt 21 limit 50000 delay 30ms rate 11558Kbit
qdisc netem 8016: root refcnt 21 limit 50000 delay 30ms rate 6237Kbit
qdisc netem 8016: root refcnt 21 limit 50000 delay 30ms rate 5836Kbit
qdisc netem 8016: root refcnt 21 limit 50000 delay 30ms rate 8583Kbit
s - Rate: 2975.46 kbps, Delay: 30 ms
2025-09-30 10:56:07:724 [INFO] [PHY] [network_emulator.cpp:304] Applied to veth_ns - Rate: 3547.67 kbps, Delay: 30 ms
2025-09-30 10:56:07:925 [INFO] [PHY] [network_emulator.cpp:304] Applied to veth_ns - Rate: 4749.3 kbps, Delay: 30 ms
2025-09-30 10:56:08:127 [INFO] [PHY] [network_emulator.cpp:304] Applied to veth_ns - Rate: 4806.52 kbps, Delay: 30 ms
2025-09-30 10:56:08:325 [INFO] [PHY] [network_emulator.cpp:304] Applied to veth_ns - Rate: 3662.11 kbps, Delay: 30 ms
2025-09-30 10:56:08:529 [INFO] [PHY] [network_emulator.cpp:304] Applied to veth_ns - Rate: 2346.04 kbps, Delay: 30 ms
2025-09-30 10:56:08:726 [INFO] [PHY] [network_emulator.cpp:304] Applied to veth_ns - Rate: 1888.28 kbps, Delay: 30 ms
2025-09-30 10:56:08:926 [INFO] [PHY] [network_emulator.cpp:304] Applied to veth_ns - Rate: 1945.5 kbps, Delay: 30 ms
2025-09-30 10:56:09:126 [INFO] [PHY] [network_emulator.cpp:304] Applied to veth_ns - Rate: 2174.38 kbps, Delay: 30 ms
2025-09-30 10:56:09:325 [INFO] [PHY] [network_emulator.cpp:304] Applied to veth_ns - Rate: 858.307 kbps, Delay: 30 ms
2025-09-30 10:56:09:531 [INFO] [PHY] [network_emulator.cpp:304] Applied to veth_ns - Rate: 1487.73 kbps, Delay: 30 ms
2025-09-30 10:56:09:720 [INFO] [PHY] [network_emulator.cpp:304] Applied to veth_ns - Rate: 686.646 kbps, Delay: 30 ms
2025-09-30 10:56:09:925 [INFO] [PHY] [network_emulator.cpp:304] Applied to veth_ns - Rate: 2059.94 kbps, Delay: 30 ms
2025-09-30 10:56:10:127 [INFO] [PHY] [network_emulator.cpp:304] Applied to veth_ns - Rate: 743.866 kbps, Delay: 30 ms
2025-09-30 10:56:10:326 [INFO] [PHY] [network_emulator.cpp:304] Applied to veth_ns - Rate: 2117.16 kbps, Delay: 30 ms
2025-09-30 10:56:10:528 [INFO] [PHY] [network_emulator.cpp:304] Applied to veth_ns - Rate: 1087.19 kbps, Delay: 30 ms
2025-09-30 10:56:10:724 [INFO] [PHY] [network_emulator.cpp:304] Applied to veth_ns - Rate: 2746.58 kbps, Delay: 30 ms
2025-09-30 10:56:10:927 [INFO] [PHY] [network_emulator.cpp:304] Applied to veth_ns - Rate: 286.102 kbps, Delay: 30 ms
2025-09-30 10:56:11:131 [ERROR] [PHY] [network_emulator.cpp:299] Failed to apply tc rules to veth_ns
2025-09-30 10:56:11:335 [ERROR] [PHY] [network_emulator.cpp:299] Failed to apply tc rules to veth_ns
2025-09-30 10:56:11:534 [ERROR] [PHY] [network_emulator.cpp:299] Failed to apply tc rules to veth_ns
2025-09-30 10:56:12:530 [INFO] [PHY] [network_emulator.cpp:304] Applied to veth_ns - Rate: 4348.75 kbps, Delay: 30 ms
2025-09-30 10:56:12:727 [INFO] [PHY] [network_emulator.cpp:304] Applied to veth_ns - Rate: 6408.69 kbps, Delay: 30 ms
2025-09-30 10:56:12:929 [INFO] [PHY] [network_emulator.cpp:304] Applied to veth_ns - Rate: 8697.51 kbps, Delay: 30 ms
2025-09-30 10:56:13:125 [INFO] [PHY] [network_emulator.cpp:304] Applied to veth_ns - Rate: 5722.05 kbps, Delay: 30 ms
2025-09-30 10:56:13:327 [INFO] [PHY] [network_emulator.cpp:304] Applied to veth_ns - Rate: 8239.75 kbps, Delay: 30 ms
2025-09-30 10:56:13:527 [INFO] [PHY] [network_emulator.cpp:304] Applied to veth_ns - Rate: 9269.71 kbps, Delay: 30 ms
2025-09-30 10:56:13:728 [INFO] [PHY] [network_emulator.cpp:304] Applied to veth_ns - Rate: 5664.83 kbps, Delay: 30 ms
2025-09-30 10:56:13:927 [INFO] [PHY] [network_emulator.cpp:304] Applied to veth_ns - Rate: 7209.78 kbps, Delay: 30 ms
2025-09-30 10:56:14:130 [INFO] [PHY] [network_emulator.cpp:304] Applied to veth_ns - Rate: 8125.31 kbps, Delay: 30 ms
2025-09-30 10:56:14:324 [INFO] [PHY] [network_emulator.cpp:304] Applied to veth_ns - Rate: 10414.1 kbps, Delay: 30 ms
2025-09-30 10:56:14:529 [INFO] [PHY] [network_emulator.cpp:304] Applied to veth_ns - Rate: 11558.5 kbps, Delay: 30 ms
2025-09-30 10:56:14:727 [INFO] [PHY] [network_emulator.cpp:304] Applied to veth_ns - Rate: 6237.03 kbps, Delay: 30 ms
2025-09-30 10:56:14:927 [INFO] [PHY] [network_emulator.cpp:304] Applied to veth_ns - Rate: 5836.49 kbps, Delay: 30 ms
2025-09-30 10:56:15:127 [INFO] [PHY] [network_emulator.cpp:304] Applied to veth_ns - Rate: 8583.07 kbps, Delay: 30 ms
2025-09-30 10:56:15:327 [INFO] [PHY] [network_emulator.cpp:304] Applied to veth_ns - Rate: 8411.41 kqdisc netem 8016: root refcnt 21 limit 50000 delay 30ms rate 8411Kbit
qdisc netem 8016: root refcnt 21 limit 50000 delay 30ms rate 4692Kbit
qdisc netem 8016: root refcnt 21 limit 50000 delay 30ms rate 4005Kbit
qdisc netem 8016: root refcnt 21 limit 50000 delay 30ms rate 7495Kbit
qdisc netem 8016: root refcnt 21 limit 50000 delay 30ms rate 5836Kbit
qdisc netem 8016: root refcnt 21 limit 50000 delay 30ms rate 8010Kbit
qdisc netem 8016: root refcnt 21 limit 50000 delay 30ms rate 4463Kbit
qdisc netem 8016: root refcnt 21 limit 50000 delay 30ms rate 5950Kbit
qdisc netem 8016: root refcnt 21 limit 50000 delay 30ms rate 5607Kbit
qdisc netem 8016: root refcnt 21 limit 50000 delay 30ms rate 4863Kbit
qdisc netem 8016: root refcnt 21 limit 50000 delay 30ms rate 3948Kbit
qdisc netem 8016: root refcnt 21 limit 50000 delay 30ms rate 2059Kbit
qdisc netem 8016: root refcnt 21 limit 50000 delay 30ms rate 2288Kbit
qdisc netem 8016: root refcnt 21 limit 50000 delay 30ms rate 2517Kbit
qdisc netem 8016: root refcnt 21 limit 50000 delay 30ms rate 3433Kbit
qdisc netem 8016: root refcnt 21 limit 50000 delay 30ms rate 3604Kbit
qdisc netem 8016: root refcnt 21 limit 50000 delay 30ms rate 2231Kbit
qdisc netem 8016: root refcnt 21 limit 50000 delay 30ms rate 3261Kbit
qdisc netem 8016: root refcnt 21 limit 50000 delay 30ms rate 2689Kbit
qdisc netem 8016: root refcnt 21 limit 50000 delay 30ms rate 1945Kbit
qdisc netem 8016: root refcnt 21 limit 50000 delay 30ms rate 2689Kbit
qdisc netem 8016: root refcnt 21 limit 50000 delay 30ms rate 2861Kbit
qdisc netem 8016: root refcnt 21 limit 50000 delay 30ms rate 1888Kbit
qdisc netem 8016: root refcnt 21 limit 50000 delay 30ms rate 629424bit
8016: root refcnt 21 limit 50000 delay 30ms rate 1945Kbit
qdisc netem 8016: root refcnt 21 limit 50000 delay 30ms rate 2689Kbit
qdisc netem 8016: root refcnt 21 limit 50000 delay 30ms rate 2861Kbit
qdisc netem 8016: root refcnt 21 limit 50000 delay 30ms rate 1888Kbit
qdisc netem 8016: root refcnt 21 limit 50000 delay 30ms rate 629424bit
qdisc netem 8016: root refcnt 21 limit 50000 delay 30ms rate 4463Kbit
qdisc netem 8016: root refcnt 21 limit 50000 delay 30ms rate 3433Kbit
qdisc netem 8016: root refcnt 21 limit 50000 delay 30ms rate 1201Kbit
qdisc netem 8016: root refcnt 21 limit 50000 delay 30ms rate 57216bit
qdisc netem 8016: root refcnt 21 limit 50000 delay 30ms rate 286096bit
qdisc netem 8016: root refcnt 21 limit 50000 delay 30ms rate 686640bit
qdisc netem 8016: root refcnt 21 limit 50000 delay 30ms rate 2403Kbit
qdisc netem 8016: root refcnt 21 limit 50000 delay 30ms rate 1316Kbit
qdisc netem 8016: root refcnt 21 limit 50000 delay 30ms rate 1201Kbit
qdisc netem 8016: root refcnt 21 limit 50000 delay 30ms rate 1258Kbit
qdisc netem 8016: root refcnt 21 limit 50000 delay 30ms rate 1087Kbit
qdisc netem 8016: root refcnt 21 limit 50000 delay 30ms rate 1373Kbit
bps, Delay: 30 ms
2025-09-30 10:56:08:291 [INFO] [PHY] [network_emulator.cpp:304] Applied to veth_ns - Rate: 4692.08 kbps, Delay: 30 ms
2025-09-30 10:56:08:491 [INFO] [PHY] [network_emulator.cpp:304] Applied to veth_ns - Rate: 4005.43 kbps, Delay: 30 ms
2025-09-30 10:56:08:692 [INFO] [PHY] [network_emulator.cpp:304] Applied to veth_ns - Rate: 7495.88 kbps, Delay: 30 ms
2025-09-30 10:56:08:892 [INFO] [PHY] [network_emulator.cpp:304] Applied to veth_ns - Rate: 5836.49 kbps, Delay: 30 ms
2025-09-30 10:56:09:091 [INFO] [PHY] [network_emulator.cpp:304] Applied to veth_ns - Rate: 8010.86 kbps, Delay: 30 ms
2025-09-30 10:56:09:292 [INFO] [PHY] [network_emulator.cpp:304] Applied to veth_ns - Rate: 4463.2 kbps, Delay: 30 ms
2025-09-30 10:56:09:489 [INFO] [PHY] [network_emulator.cpp:304] Applied to veth_ns - Rate: 5950.93 kbps, Delay: 30 ms
2025-09-30 10:56:09:691 [INFO] [PHY] [network_emulator.cpp:304] Applied to veth_ns - Rate: 5607.6 kbps, Delay: 30 ms
2025-09-30 10:56:09:892 [INFO] [PHY] [network_emulator.cpp:304] Applied to veth_ns - Rate: 4863.74 kbps, Delay: 30 ms
2025-09-30 10:56:10:092 [INFO] [PHY] [network_emulator.cpp:304] Applied to veth_ns - Rate: 3948.21 kbps, Delay: 30 ms
2025-09-30 10:56:10:290 [INFO] [PHY] [network_emulator.cpp:304] Applied to veth_ns - Rate: 2059.94 kbps, Delay: 30 ms
2025-09-30 10:56:10:493 [INFO] [PHY] [network_emulator.cpp:304] Applied to veth_ns - Rate: 2288.82 kbps, Delay: 30 ms
2025-09-30 10:56:10:693 [INFO] [PHY] [network_emulator.cpp:304] Applied to veth_ns - Rate: 2517.7 kbps, Delay: 30 ms
2025-09-30 10:56:10:893 [INFO] [PHY] [network_emulator.cpp:304] Applied to veth_ns - Rate: 3433.23 kbps, Delay: 30 ms
2025-09-30 10:56:11:098 [ERROR] [PHY] [network_emulator.cpp:299] Failed to apply tc rules to veth_ns
2025-09-30 10:56:11:297 [ERROR] [PHY] [network_emulator.cpp:299] Failed to apply tc rules to veth_ns
2025-09-30 10:56:11:500 [ERROR] [PHY] [network_emulator.cpp:299] Failed to apply tc rules to veth_ns
2025-09-30 10:56:11:711 [INFO] [PHY] [network_emulator.cpp:304] Applied to veth_ns - Rate: 2689.36 kbps, Delay: 30 ms
2025-09-30 10:56:11:878 [INFO] [PHY] [network_emulator.cpp:304] Applied to veth_ns - Rate: 1945.5 kbps, Delay: 30 ms
2025-09-30 10:56:12:088 [INFO] [PHY] [network_emulator.cpp:304] Applied to veth_ns - Rate: 2689.36 kbps, Delay: 30 ms
2025-09-30 10:56:12:292 [INFO] [PHY] [network_emulator.cpp:304] Applied to veth_ns - Rate: 2861.02 kbps, Delay: 30 ms
2025-09-30 10:56:12:493 [INFO] [PHY] [network_emulator.cpp:304] Applied to veth_ns - Rate: 1888.28 kbps, Delay: 30 ms
2025-09-30 10:56:12:690 [INFO] [PHY] [network_emulator.cpp:304] Applied to veth_ns - Rate: 629.425 kbps, Delay: 30 ms
2025-09-30 10:56:13:092 [INFO] [PHY] [network_emulator.cpp:304] Applied to veth_ns - Rate: 4463.2 kbps, Delay: 30 ms
2025-09-30 10:56:13:290 [INFO] [PHY] [network_emulator.cpp:304] Applied to veth_ns - Rate: 3433.23 kbps, Delay: 30 ms
2025-09-30 10:56:13:491 [INFO] [PHY] [network_emulator.cpp:304] Applied to veth_ns - Rate: 1201.63 kbps, Delay: 30 ms
2025-09-30 10:56:13:692 [INFO] [PHY] [network_emulator.cpp:304] Applied to veth_ns - Rate: 57.221 kbps, Delay: 30 ms
2025-09-30 10:56:13:891 [INFO] [PHY] [network_emulator.cpp:304] Applied to veth_ns - Rate: 286.102 kbps, Delay: 30 ms
2025-09-30 10:56:14:093 [INFO] [PHY] [network_emulator.cpp:304] Applied to veth_ns - Rate: 686.646 kbps, Delay: 30 ms
2025-09-30 10:56:14:291 [INFO] [PHY] [network_emulator.cpp:304] Applied to veth_ns - Rate: 2403.26 kbps, Delay: 30 ms
2025-09-30 10:56:14:492 [INFO] [PHY] [network_emulator.cpp:304] Applied to veth_ns - Rate: 1316.07 kbps, Delay: 30 ms
2025-09-30 10:56:14:692 [INFO] [PHY] [network_emulator.cpp:304] Applied to veth_ns - Rate: 1201.63 kbps, Delay: 30 ms
2025-09-30 10:56:14:893 [INFO] [PHY] [network_emulator.cpp:304] Applied to veth_ns - Rate: 1258.85 kbps, Delay: 30 ms
2025-09-30 10:56:15:091 [INFO] [PHY] [network_emulator.cpp:304] Applied to veth_ns - Rate: 1087.19 kbps, Delay: 30 ms
2025-09-30 10:56:15:291 [INFO] [PHY] [network_emulator.cpp:304] Applied to veth_ns - Rate: 1373.29 kbps, Delay: 30 ms
2025-qdisc netem 8016: root refcnt 21 limit 50000 delay 30ms rate 801080bit
qdisc netem 8016: root refcnt 21 limit 50000 delay 30ms rate 1602Kbit
qdisc netem 8016: root refcnt 21 limit 50000 delay 30ms rate 572200bit
qdisc netem 8016: root refcnt 21 limit 50000 delay 30ms rate 801080bit
qdisc netem 8016: root refcnt 21 limit 50000 delay 30ms rate 514984bit
qdisc netem 8016: root refcnt 21 limit 50000 delay 30ms rate 457760bit
qdisc netem 8016: root refcnt 21 limit 50000 delay 30ms rate 801080bit
qdisc netem 8016: root refcnt 21 limit 50000 delay 30ms rate 629424bit
qdisc netem 8016: root refcnt 21 limit 50000 delay 30ms rate 972744bit
qdisc netem 8016: root refcnt 21 limit 50000 delay 30ms rate 686640bit
qdisc netem 8016: root refcnt 21 limit 50000 delay 30ms rate 686640bit
qdisc netem 8016: root refcnt 21 limit 50000 delay 30ms rate 514984bit
qdisc netem 8016: root refcnt 21 limit 50000 delay 30ms rate 686640bit
qdisc netem 8016: root refcnt 21 limit 50000 delay 30ms rate 801080bit
qdisc netem 8016: root refcnt 21 limit 50000 delay 30ms rate 743864bit
qdisc netem 8016: root refcnt 21 limit 50000 delay 30ms rate 514984bit
qdisc netem 8016: root refcnt 21 limit 50000 delay 30ms rate 343320bit
qdisc netem 8016: root refcnt 21 limit 50000 delay 30ms rate 57216bit
