2025-10-08 20:44:44:758 [INFO] [main] [main.cpp:96] Starting Network Emulator
2025-10-08 20:44:44:758 [INFO] [PHY] [network_emulator.cpp:24] NetworkEmulator initialized
2025-10-08 20:44:44:758 [INFO] [PHY] [network_emulator.cpp:43] Initializing NetworkEmulator
2025-10-08 20:44:44:758 [INFO] [PHY] [network_emulator.cpp:45] Profile path provided: /mnt/mydata/home/goodsol/workspace/QCON/webrtc/src/automated_experiment/results/multi-sctp3/kvcache/rest-wifi_1/profiles/rest-wifi_1.csv
2025-10-08 20:44:45:438 [INFO] [PHY] [network_emulator.cpp:151] Virtual interfaces created and configured successfully
2025-10-08 20:44:45:439 [INFO] [PHY] [network_emulator.cpp:269] Parsed and sorted 1452 profiles from file
2025-10-08 20:44:45:439 [INFO] [PHY] [network_emulator.cpp:65] Bandwidth changes will be logged to /mnt/mydata/home/goodsol/workspace/QCON/webrtc/src/automated_experiment/results/multi-sctp3/kvcache/rest-wifi_1/emulator_logs/rest-wifi_1_bandwidth.csv
2025-10-08 20:44:45:439 [INFO] [PHY] [network_emulator.cpp:504] Bandwidth logging initialized successfully.
2025-10-08 20:44:45:439 [INFO] [PHY] [network_emulator.cpp:75] Type 'start' to begin traffic shaping...
2025-10-08 20:44:45:439 [INFO] [main] [main.cpp:109] Waiting for 'start' command...
2025-10-08 20:44:45:439 [INFO] [PHY] [network_emulator.cpp:190] Starting emulation loop
2025-10-08 20:44:45:439 [INFO] [PHY] [network_emulator.cpp:202] Emulation and TC worker threads created
2025-10-08 20:44:45:439 [INFO] [PHY] [network_emulator.cpp:274] TC worker thread started
2025-10-08 20:44:45:439 [INFO] [main] [main.cpp:173] Network emulator running. Press Ctrl+C to stop...
2025-10-08 20:44:45:439 [INFO] [PHY] [network_emulator.cpp:312] Entering emulation loop
2025-10-08 20:44:45:461 [INFO] [PHY] [network_emulator.cpp:454] Applied - Rate: 7574.56 kbps, Delay: 30 ms, Limit: 94682 packets (took 22 ms)
2025-10-08 20:44:45:655 [INFO] [PHY] [network_emulator.cpp:454] Applied - Rate: 8507.35 kbps, Delay: 30 ms, Limit: 106341 packets (took 15 ms)
2025-10-08 20:44:45:861 [INFO] [PHY] [network_emulator.cpp:454] Applied - Rate: 13449.4 kbps, Delay: 30 ms, Limit: 168118 packets (took 16 ms)
2025-10-08 20:44:46:061 [INFO] [PHY] [network_emulator.cpp:454] Applied - Rate: 35129.1 kbps, Delay: 30 ms, Limit: 439114 packets (took 16 ms)
2025-10-08 20:44:46:265 [INFO] [PHY] [network_emulator.cpp:454] Applied - Rate: 33343.6 kbps, Delay: 30 ms, Limit: 416794 packets (took 16 ms)
2025-10-08 20:44:46:471 [INFO] [PHY] [network_emulator.cpp:454] Applied - Rate: 29109.9 kbps, Delay: 30 ms, Limit: 363873 packets (took 17 ms)
2025-10-08 20:44:46:673 [INFO] [PHY] [network_emulator.cpp:454] Applied - Rate: 31927.1 kbps, Delay: 30 ms, Limit: 399088 packets (took 16 ms)
2025-10-08 20:44:46:873 [INFO] [PHY] [network_emulator.cpp:454] Applied - Rate: 29121.9 kbps, Delay: 30 ms, Limit: 364023 packets (took 16 ms)
2025-10-08 20:44:47:077 [INFO] [PHY] [network_emulator.cpp:454] Applied - Rate: 28432.1 kbps, Delay: 30 ms, Limit: 355401 packets (took 17 ms)
2025-10-08 20:44:47:278 [INFO] [PHY] [network_emulator.cpp:454] Applied - Rate: 28728.5 kbps, Delay: 30 ms, Limit: 359106 packets (took 17 ms)
2025-10-08 20:44:47:478 [INFO] [PHY] [network_emulator.cpp:454] Applied - Rate: 36191.8 kbps, Delay: 30 ms, Limit: 452397 packets (took 16 ms)
2025-10-08 20:44:47:677 [INFO] [PHY] [network_emulator.cpp:454] Applied - Rate: 31173.2 kbps, Delay: 30 ms, Limit: 389665 packets (took 14 ms)
2025-10-08 20:44:47:885 [INFO] [PHY] [network_emulator.cpp:454] Applied - Rate: 29075.7 kbps, Delay: 30 ms, Limit: 363446 packets (took 14 ms)
2025-10-08 20:44:48:089 [INFO] [PHY] [network_emulator.cpp:454] Applied - Rate: 31907.7 kbps, Delay: 30 ms, Limit: 398846 packets (took 15 ms)
2025-10-08 20:44:48:294 [INFO] [PHY] [network_emulator.cpp:454] Applied - Rate: 36822.8 kbps, Delay: 30 ms, Limit: 460284 packets (took 16 ms)
2025-10-08 20:44:48:496 [INFO] [PHY] [network_emulator.cpp:454] Applied - Rate: 35933.9 kbps, Delay: 30 ms, Limit: 449173 packets (took 17 ms)
2025-10-08 20:44:48:696 [INFO] [PHY] [network_emulator.cpp:454] Applied - Rate: 32048.2 kbps, Delay: 30 ms, Limit: 400601 packets (took 17 ms)
2025-10-08 20:44:48:896 [INFO] [PHY] [network_emulator.cpp:454] Applied - Rate: 29930 kbps, Delay: 30 ms, Limit: 374124 packets (took 14 ms)
2025-10-08 20:44:49:100 [INFO] [PHY] [network_emulator.cpp:454] Applied - Rate: 38284 kbps, Delay: 30 ms, Limit: 478550 packets (took 17 ms)
2025-10-08 20:44:49:313 [INFO] [PHY] [network_emulator.cpp:454] Applied - Rate: 33878.5 kbps, Delay: 30 ms, Limit: 423480 packets (took 23 ms)
2025-10-08 20:44:49:516 [INFO] [PHY] [network_emulator.cpp:454] Applied - Rate: 35506.4 kbps, Delay: 30 ms, Limit: 443830 packets (took 18 ms)
2025-10-08 20:44:49:715 [INFO] [PHY] [network_emulator.cpp:454] Applied - Rate: 30579.7 kbps, Delay: 30 ms, Limit: 382246 packets (took 16 ms)
2025-10-08 20:44:49:916 [INFO] [PHY] [network_emulator.cpp:454] Applied - Rate: 31630.8 kbps, Delay: 30 ms, Limit: 395385 packets (took 14 ms)
2025-10-08 20:44:50:116 [INFO] [PHY] [network_emulator.cpp:454] Applied - Rate: 37833.4 kbps, Delay: 30 ms, Limit: 472917 packets (took 13 ms)
2025-10-08 20:44:50:317 [INFO] [PHY] [network_emulator.cpp:454] Applied - Rate: 28073.4 kbps, Delay: 30 ms, Limit: 350917 packets (took 14 ms)
2025-10-08 20:44:50:519 [INFO] [PHY] [network_emulator.cpp:454] Applied - Rate: 23724.3 kbps, Delay: 30 ms, Limit: 296553 packets (took 14 ms)
2025-10-08 20:44:50:719 [INFO] [PHY] [network_emulator.cpp:454] Applied - Rate: 29060.7 kbps, Delay: 30 ms, Limit: 363258 packets (took 13 ms)
2025-10-08 20:44:50:927 [INFO] [PHY] [network_emulator.cpp:454] Applied - Rate: 23938.3 kbps, Delay: 30 ms, Limit: 299228 packets (took 18 ms)
2025-10-08 20:44:51:124 [INFO] [PHY] [network_emulator.cpp:454] Applied - Rate: 36511.8 kbps, Delay: 30 ms, Limit: 456397 packets (took 14 ms)
2025-10-08 20:44:51:330 [INFO] [PHY] [network_emulator.cpp:454] Applied - Rate: 38426.2 kbps, Delay: 30 ms, Limit: 480327 packets (took 15 ms)
2025-10-08 20:44:51:530 [INFO] [PHY] [network_emulator.cpp:454] Applied - Rate: 35302.8 kbps, Delay: 30 ms, Limit: 441284 packets (took 14 ms)
2025-10-08 20:44:51:731 [INFO] [PHY] [network_emulator.cpp:454] Applied - Rate: 35617.3 kbps, Delay: 30 ms, Limit: 445215 packets (took 13 ms)
2025-10-08 20:44:51:939 [INFO] [PHY] [network_emulator.cpp:454] Applied - Rate: 31055 kbps, Delay: 30 ms, Limit: 388186 packets (took 20 ms)
2025-10-08 20:44:52:137 [INFO] [PHY] [network_emulator.cpp:454] Applied - Rate: 38611 kbps, Delay: 30 ms, Limit: 482638 packets (took 14 ms)
2025-10-08 20:44:52:339 [INFO] [PHY] [network_emulator.cpp:454] Applied - Rate: 30055.1 kbps, Delay: 30 ms, Limit: 375689 packets (took 16 ms)
2025-10-08 20:44:52:541 [INFO] [PHY] [network_emulator.cpp:454] Applied - Rate: 39720.1 kbps, Delay: 30 ms, Limit: 496501 packets (took 15 ms)
2025-10-08 20:44:52:743 [INFO] [PHY] [network_emulator.cpp:454] Applied - Rate: 36766.8 kbps, Delay: 30 ms, Limit: 459585 packets (took 17 ms)
2025-10-08 20:44:52:948 [INFO] [PHY] [network_emulator.cpp:454] Applied - Rate: 32866.5 kbps, Delay: 30 ms, Limit: 410831 packets (took 16 ms)
2025-10-08 20:44:53:147 [INFO] [PHY] [network_emulator.cpp:454] Applied - Rate: 36878.5 kbps, Delay: 30 ms, Limit: 460981 packets (took 14 ms)
2025-10-08 20:44:53:354 [INFO] [PHY] [network_emulator.cpp:454] Applied - Rate: 36290.2 kbps, Delay: 30 ms, Limit: 453627 packets (took 17 ms)
2025-10-08 20:44:53:553 [INFO] [PHY] [network_emulator.cpp:454] Applied - Rate: 36944.1 kbps, Delay: 30 ms, Limit: 461801 packets (took 16 ms)
2025-10-08 20:44:53:755 [INFO] [PHY] [network_emulator.cpp:454] Applied - Rate: 36166.2 kbps, Delay: 30 ms, Limit: 452076 packets (took 15 ms)
2025-10-08 20:44:53:962 [INFO] [PHY] [network_emulator.cpp:454] Applied - Rate: 34219.8 kbps, Delay: 30 ms, Limit: 427747 packets (took 14 ms)
2025-10-08 20:44:54:163 [INFO] [PHY] [network_emulator.cpp:454] Applied - Rate: 37309.9 kbps, Delay: 30 ms, Limit: 466373 packets (took 13 ms)
2025-10-08 20:44:54:364 [INFO] [PHY] [network_emulator.cpp:454] Applied - Rate: 35464.5 kbps, Delay: 30 ms, Limit: 443306 packets (took 14 ms)
2025-10-08 20:44:54:564 [INFO] [PHY] [network_emulator.cpp:454] Applied - Rate: 43929.5 kbps, Delay: 30 ms, Limit: 549118 packets (took 14 ms)
2025-10-08 20:44:54:765 [INFO] [PHY] [network_emulator.cpp:454] Applied - Rate: 33737 kbps, Delay: 30 ms, Limit: 421712 packets (took 14 ms)
2025-10-08 20:44:54:965 [INFO] [PHY] [network_emulator.cpp:454] Applied - Rate: 28920.7 kbps, Delay: 30 ms, Limit: 361509 packets (took 14 ms)
2025-10-08 20:44:55:166 [INFO] [PHY] [network_emulator.cpp:454] Applied - Rate: 33948.3 kbps, Delay: 30 ms, Limit: 424354 packets (took 14 ms)
2025-10-08 20:44:55:369 [INFO] [PHY] [network_emulator.cpp:454] Applied - Rate: 20689.1 kbps, Delay: 30 ms, Limit: 258613 packets (took 16 ms)
2025-10-08 20:44:55:568 [INFO] [PHY] [network_emulator.cpp:454] Applied - Rate: 29870.5 kbps, Delay: 30 ms, Limit: 373381 packets (took 13 ms)
2025-10-08 20:44:55:769 [INFO] [PHY] [network_emulator.cpp:454] Applied - Rate: 22722.8 kbps, Delay: 30 ms, Limit: 284035 packets (took 14 ms)
2025-10-08 20:44:55:971 [INFO] [PHY] [network_emulator.cpp:454] Applied - Rate: 26098.5 kbps, Delay: 30 ms, Limit: 326231 packets (took 14 ms)
2025-10-08 20:44:56:174 [INFO] [PHY] [network_emulator.cpp:454] Applied - Rate: 28155.3 kbps, Delay: 30 ms, Limit: 351941 packets (took 16 ms)
2025-10-08 20:44:56:373 [INFO] [PHY] [network_emulator.cpp:454] Applied - Rate: 36980.1 kbps, Delay: 30 ms, Limit: 462251 packets (took 15 ms)
2025-10-08 20:44:56:573 [INFO] [PHY] [network_emulator.cpp:454] Applied - Rate: 39119.6 kbps, Delay: 30 ms, Limit: 488995 packets (took 15 ms)
2025-10-08 20:44:56:776 [INFO] [PHY] [network_emulator.cpp:454] Applied - Rate: 34497.9 kbps, Delay: 30 ms, Limit: 431224 packets (took 16 ms)
2025-10-08 20:44:56:976 [INFO] [PHY] [network_emulator.cpp:454] Applied - Rate: 32057.7 kbps, Delay: 30 ms, Limit: 400720 packets (took 16 ms)
2025-10-08 20:44:57:176 [INFO] [PHY] [network_emulator.cpp:454] Applied - Rate: 34708 kbps, Delay: 30 ms, Limit: 433850 packets (took 14 ms)
2025-10-08 20:44:57:377 [INFO] [PHY] [network_emulator.cpp:454] Applied - Rate: 29890.2 kbps, Delay: 30 ms, Limit: 373627 packets (took 15 ms)
2025-10-08 20:44:57:577 [INFO] [PHY] [network_emulator.cpp:454] Applied - Rate: 38475.6 kbps, Delay: 30 ms, Limit: 480944 packets (took 14 ms)
2025-10-08 20:44:57:777 [INFO] [PHY] [network_emulator.cpp:454] Applied - Rate: 23182.3 kbps, Delay: 30 ms, Limit: 289778 packets (took 14 ms)
2025-10-08 20:44:57:978 [INFO] [PHY] [network_emulator.cpp:454] Applied - Rate: 27008.2 kbps, Delay: 30 ms, Limit: 337602 packets (took 14 ms)
2025-10-08 20:44:58:181 [INFO] [PHY] [network_emulator.cpp:454] Applied - Rate: 41024.1 kbps, Delay: 30 ms, Limit: 512800 packets (took 17 ms)
2025-10-08 20:44:58:380 [INFO] [PHY] [network_emulator.cpp:454] Applied - Rate: 45869.4 kbps, Delay: 30 ms, Limit: 573367 packets (took 14 ms)
2025-10-08 20:44:58:582 [INFO] [PHY] [network_emulator.cpp:454] Applied - Rate: 44896.8 kbps, Delay: 30 ms, Limit: 561209 packets (took 15 ms)
2025-10-08 20:44:58:785 [INFO] [PHY] [network_emulator.cpp:454] Applied - Rate: 38550.1 kbps, Delay: 30 ms, Limit: 481876 packets (took 17 ms)
2025-10-08 20:44:58:993 [INFO] [PHY] [network_emulator.cpp:454] Applied - Rate: 38261.5 kbps, Delay: 30 ms, Limit: 478268 packets (took 16 ms)
2025-10-08 20:44:59:193 [INFO] [PHY] [network_emulator.cpp:454] Applied - Rate: 39841.3 kbps, Delay: 30 ms, Limit: 498016 packets (took 16 ms)
2025-10-08 20:44:59:392 [INFO] [PHY] [network_emulator.cpp:454] Applied - Rate: 39176.3 kbps, Delay: 30 ms, Limit: 489703 packets (took 12 ms)
2025-10-08 20:44:59:602 [INFO] [PHY] [network_emulator.cpp:454] Applied - Rate: 40188.2 kbps, Delay: 30 ms, Limit: 502352 packets (took 21 ms)
2025-10-08 20:44:59:800 [INFO] [PHY] [network_emulator.cpp:454] Applied - Rate: 37010.8 kbps, Delay: 30 ms, Limit: 462634 packets (took 15 ms)
2025-10-08 20:45:00:001 [INFO] [PHY] [network_emulator.cpp:454] Applied - Rate: 34551.7 kbps, Delay: 30 ms, Limit: 431896 packets (took 15 ms)
2025-10-08 20:45:00:205 [INFO] [PHY] [network_emulator.cpp:454] Applied - Rate: 39428.2 kbps, Delay: 30 ms, Limit: 492852 packets (took 17 ms)
2025-10-08 20:45:00:407 [INFO] [PHY] [network_emulator.cpp:454] Applied - Rate: 33105.1 kbps, Delay: 30 ms, Limit: 413813 packets (took 18 ms)
2025-10-08 20:45:00:612 [INFO] [PHY] [network_emulator.cpp:454] Applied - Rate: 31915.9 kbps, Delay: 30 ms, Limit: 398948 packets (took 20 ms)
2025-10-08 20:45:00:813 [INFO] [PHY] [network_emulator.cpp:454] Applied - Rate: 20121.7 kbps, Delay: 30 ms, Limit: 251521 packets (took 20 ms)
2025-10-08 20:45:01:015 [INFO] [PHY] [network_emulator.cpp:454] Applied - Rate: 39695.8 kbps, Delay: 30 ms, Limit: 496197 packets (took 20 ms)
2025-10-08 20:45:01:213 [INFO] [PHY] [network_emulator.cpp:454] Applied - Rate: 39181.7 kbps, Delay: 30 ms, Limit: 489771 packets (took 16 ms)
2025-10-08 20:45:01:413 [INFO] [PHY] [network_emulator.cpp:454] Applied - Rate: 38766.6 kbps, Delay: 30 ms, Limit: 484581 packets (took 15 ms)
2025-10-08 20:45:01:614 [INFO] [PHY] [network_emulator.cpp:454] Applied - Rate: 44993.1 kbps, Delay: 30 ms, Limit: 562413 packets (took 15 ms)
2025-10-08 20:45:01:813 [INFO] [PHY] [network_emulator.cpp:454] Applied - Rate: 35113.8 kbps, Delay: 30 ms, Limit: 438922 packets (took 15 ms)
2025-10-08 20:45:02:021 [INFO] [PHY] [network_emulator.cpp:454] Applied - Rate: 40102.1 kbps, Delay: 30 ms, Limit: 501275 packets (took 17 ms)
2025-10-08 20:45:02:220 [INFO] [PHY] [network_emulator.cpp:454] Applied - Rate: 47025.7 kbps, Delay: 30 ms, Limit: 587821 packets (took 16 ms)
2025-10-08 20:45:02:418 [INFO] [PHY] [network_emulator.cpp:454] Applied - Rate: 41737.9 kbps, Delay: 30 ms, Limit: 521724 packets (took 13 ms)
2025-10-08 20:45:02:622 [INFO] [PHY] [network_emulator.cpp:454] Applied - Rate: 43272.5 kbps, Delay: 30 ms, Limit: 540905 packets (took 14 ms)
2025-10-08 20:45:02:831 [INFO] [PHY] [network_emulator.cpp:454] Applied - Rate: 40334.3 kbps, Delay: 30 ms, Limit: 504179 packets (took 17 ms)
2025-10-08 20:45:03:032 [INFO] [PHY] [network_emulator.cpp:454] Applied - Rate: 42449.3 kbps, Delay: 30 ms, Limit: 530616 packets (took 17 ms)
2025-10-08 20:45:03:233 [INFO] [PHY] [network_emulator.cpp:454] Applied - Rate: 39025.9 kbps, Delay: 30 ms, Limit: 487823 packets (took 18 ms)
2025-10-08 20:45:03:430 [INFO] [PHY] [network_emulator.cpp:454] Applied - Rate: 39888.1 kbps, Delay: 30 ms, Limit: 498600 packets (took 15 ms)
2025-10-08 20:45:03:633 [INFO] [PHY] [network_emulator.cpp:454] Applied - Rate: 40416.8 kbps, Delay: 30 ms, Limit: 505210 packets (took 17 ms)
2025-10-08 20:45:03:834 [INFO] [PHY] [network_emulator.cpp:454] Applied - Rate: 34791.4 kbps, Delay: 30 ms, Limit: 434892 packets (took 17 ms)
2025-10-08 20:45:04:031 [INFO] [PHY] [network_emulator.cpp:454] Applied - Rate: 33481.2 kbps, Delay: 30 ms, Limit: 418515 packets (took 15 ms)
2025-10-08 20:45:04:231 [INFO] [PHY] [network_emulator.cpp:454] Applied - Rate: 27098.7 kbps, Delay: 30 ms, Limit: 338733 packets (took 15 ms)
2025-10-08 20:45:04:434 [INFO] [PHY] [network_emulator.cpp:454] Applied - Rate: 33723.6 kbps, Delay: 30 ms, Limit: 421544 packets (took 15 ms)
2025-10-08 20:45:04:632 [INFO] [PHY] [network_emulator.cpp:454] Applied - Rate: 35040.9 kbps, Delay: 30 ms, Limit: 438010 packets (took 13 ms)
2025-10-08 20:45:04:834 [INFO] [PHY] [network_emulator.cpp:454] Applied - Rate: 28118.1 kbps, Delay: 30 ms, Limit: 351475 packets (took 15 ms)
2025-10-08 20:45:05:036 [INFO] [PHY] [network_emulator.cpp:454] Applied - Rate: 39520.5 kbps, Delay: 30 ms, Limit: 494006 packets (took 14 ms)
2025-10-08 20:45:05:239 [INFO] [PHY] [network_emulator.cpp:454] Applied - Rate: 30609.7 kbps, Delay: 30 ms, Limit: 382621 packets (took 17 ms)
2025-10-08 20:45:05:439 [INFO] [PHY] [network_emulator.cpp:454] Applied - Rate: 40765.6 kbps, Delay: 30 ms, Limit: 509570 packets (took 17 ms)
2025-10-08 20:45:05:645 [INFO] [PHY] [network_emulator.cpp:454] Applied - Rate: 37722.4 kbps, Delay: 30 ms, Limit: 471529 packets (took 22 ms)
2025-10-08 20:45:05:839 [INFO] [PHY] [network_emulator.cpp:454] Applied - Rate: 23365.6 kbps, Delay: 30 ms, Limit: 292069 packets (took 14 ms)
2025-10-08 20:45:06:043 [INFO] [PHY] [network_emulator.cpp:454] Applied - Rate: 36181.6 kbps, Delay: 30 ms, Limit: 452270 packets (took 14 ms)
2025-10-08 20:45:06:246 [INFO] [PHY] [network_emulator.cpp:454] Applied - Rate: 37113.4 kbps, Delay: 30 ms, Limit: 463917 packets (took 17 ms)
2025-10-08 20:45:06:443 [INFO] [PHY] [network_emulator.cpp:454] Applied - Rate: 39557.9 kbps, Delay: 30 ms, Limit: 494473 packets (took 13 ms)
2025-10-08 20:45:06:645 [INFO] [PHY] [network_emulator.cpp:454] Applied - Rate: 37481.9 kbps, Delay: 30 ms, Limit: 468523 packets (took 14 ms)
2025-10-08 20:45:06:848 [INFO] [PHY] [network_emulator.cpp:454] Applied - Rate: 29014.6 kbps, Delay: 30 ms, Limit: 362682 packets (took 15 ms)
2025-10-08 20:45:07:056 [INFO] [PHY] [network_emulator.cpp:454] Applied - Rate: 37033.9 kbps, Delay: 30 ms, Limit: 462923 packets (took 15 ms)
2025-10-08 20:45:07:260 [INFO] [PHY] [network_emulator.cpp:454] Applied - Rate: 37744.7 kbps, Delay: 30 ms, Limit: 471808 packets (took 15 ms)
2025-10-08 20:45:07:468 [INFO] [PHY] [network_emulator.cpp:454] Applied - Rate: 38139.9 kbps, Delay: 30 ms, Limit: 476748 packets (took 17 ms)
2025-10-08 20:45:07:668 [INFO] [PHY] [network_emulator.cpp:454] Applied - Rate: 42447.6 kbps, Delay: 30 ms, Limit: 530595 packets (took 17 ms)
2025-10-08 20:45:07:867 [INFO] [PHY] [network_emulator.cpp:454] Applied - Rate: 27401.5 kbps, Delay: 30 ms, Limit: 342518 packets (took 14 ms)
2025-10-08 20:45:08:070 [INFO] [PHY] [network_emulator.cpp:454] Applied - Rate: 37197 kbps, Delay: 30 ms, Limit: 464962 packets (took 16 ms)
2025-10-08 20:45:08:270 [INFO] [PHY] [network_emulator.cpp:454] Applied - Rate: 38823.1 kbps, Delay: 30 ms, Limit: 485288 packets (took 14 ms)
2025-10-08 20:45:08:478 [INFO] [PHY] [network_emulator.cpp:454] Applied - Rate: 28866.4 kbps, Delay: 30 ms, Limit: 360829 packets (took 16 ms)
2025-10-08 20:45:08:680 [INFO] [PHY] [network_emulator.cpp:454] Applied - Rate: 23639 kbps, Delay: 30 ms, Limit: 295487 packets (took 14 ms)
2025-10-08 20:45:08:881 [INFO] [PHY] [network_emulator.cpp:454] Applied - Rate: 24658.7 kbps, Delay: 30 ms, Limit: 308233 packets (took 14 ms)
2025-10-08 20:45:09:084 [INFO] [PHY] [network_emulator.cpp:454] Applied - Rate: 36910.7 kbps, Delay: 30 ms, Limit: 461384 packets (took 17 ms)
2025-10-08 20:45:09:287 [INFO] [PHY] [network_emulator.cpp:454] Applied - Rate: 38914.2 kbps, Delay: 30 ms, Limit: 486426 packets (took 19 ms)
2025-10-08 20:45:09:493 [INFO] [PHY] [network_emulator.cpp:454] Applied - Rate: 37656.8 kbps, Delay: 30 ms, Limit: 470710 packets (took 16 ms)
2025-10-08 20:45:09:694 [INFO] [PHY] [network_emulator.cpp:454] Applied - Rate: 33983 kbps, Delay: 30 ms, Limit: 424787 packets (took 16 ms)
2025-10-08 20:45:09:902 [INFO] [PHY] [network_emulator.cpp:454] Applied - Rate: 21182.5 kbps, Delay: 30 ms, Limit: 264781 packets (took 15 ms)
2025-10-08 20:45:10:101 [INFO] [PHY] [network_emulator.cpp:454] Applied - Rate: 29787.8 kbps, Delay: 30 ms, Limit: 372347 packets (took 14 ms)
2025-10-08 20:45:10:314 [INFO] [PHY] [network_emulator.cpp:454] Applied - Rate: 31469.2 kbps, Delay: 30 ms, Limit: 393364 packets (took 22 ms)
2025-10-08 20:45:10:508 [INFO] [PHY] [network_emulator.cpp:454] Applied - Rate: 28599.2 kbps, Delay: 30 ms, Limit: 357490 packets (took 14 ms)
2025-10-08 20:45:10:719 [INFO] [PHY] [network_emulator.cpp:454] Applied - Rate: 36641.8 kbps, Delay: 30 ms, Limit: 458022 packets (took 21 ms)
2025-10-08 20:45:10:918 [INFO] [PHY] [network_emulator.cpp:454] Applied - Rate: 29782.8 kbps, Delay: 30 ms, Limit: 372284 packets (took 20 ms)
2025-10-08 20:45:11:116 [INFO] [PHY] [network_emulator.cpp:454] Applied - Rate: 36964.7 kbps, Delay: 30 ms, Limit: 462058 packets (took 16 ms)
2025-10-08 20:45:11:316 [INFO] [PHY] [network_emulator.cpp:454] Applied - Rate: 36660.6 kbps, Delay: 30 ms, Limit: 458257 packets (took 14 ms)
2025-10-08 20:45:11:524 [INFO] [PHY] [network_emulator.cpp:454] Applied - Rate: 35238.7 kbps, Delay: 30 ms, Limit: 440483 packets (took 22 ms)
2025-10-08 20:45:11:723 [INFO] [PHY] [network_emulator.cpp:454] Applied - Rate: 29581.3 kbps, Delay: 30 ms, Limit: 369765 packets (took 15 ms)
2025-10-08 20:45:11:925 [INFO] [PHY] [network_emulator.cpp:454] Applied - Rate: 27619.6 kbps, Delay: 30 ms, Limit: 345244 packets (took 16 ms)
2025-10-08 20:45:12:129 [INFO] [PHY] [network_emulator.cpp:454] Applied - Rate: 29118.9 kbps, Delay: 30 ms, Limit: 363986 packets (took 15 ms)
2025-10-08 20:45:12:332 [INFO] [PHY] [network_emulator.cpp:454] Applied - Rate: 29768.3 kbps, Delay: 30 ms, Limit: 372104 packets (took 17 ms)
2025-10-08 20:45:12:540 [INFO] [PHY] [network_emulator.cpp:454] Applied - Rate: 25441.8 kbps, Delay: 30 ms, Limit: 318022 packets (took 17 ms)
2025-10-08 20:45:12:743 [INFO] [PHY] [network_emulator.cpp:454] Applied - Rate: 25686.5 kbps, Delay: 30 ms, Limit: 321081 packets (took 19 ms)
2025-10-08 20:45:12:942 [INFO] [PHY] [network_emulator.cpp:454] Applied - Rate: 33122 kbps, Delay: 30 ms, Limit: 414024 packets (took 17 ms)
2025-10-08 20:45:13:141 [INFO] [PHY] [network_emulator.cpp:454] Applied - Rate: 26485.1 kbps, Delay: 30 ms, Limit: 331063 packets (took 14 ms)
2025-10-08 20:45:13:343 [INFO] [PHY] [network_emulator.cpp:454] Applied - Rate: 33486.7 kbps, Delay: 30 ms, Limit: 418584 packets (took 16 ms)
2025-10-08 20:45:13:545 [INFO] [PHY] [network_emulator.cpp:454] Applied - Rate: 36428.6 kbps, Delay: 30 ms, Limit: 455357 packets (took 15 ms)
2025-10-08 20:45:13:744 [INFO] [PHY] [network_emulator.cpp:454] Applied - Rate: 22628.6 kbps, Delay: 30 ms, Limit: 282856 packets (took 15 ms)
2025-10-08 20:45:13:956 [INFO] [PHY] [network_emulator.cpp:454] Applied - Rate: 30445.6 kbps, Delay: 30 ms, Limit: 380570 packets (took 17 ms)
2025-10-08 20:45:14:158 [INFO] [PHY] [network_emulator.cpp:454] Applied - Rate: 29424.1 kbps, Delay: 30 ms, Limit: 367800 packets (took 15 ms)
2025-10-08 20:45:14:361 [INFO] [PHY] [network_emulator.cpp:454] Applied - Rate: 28326.5 kbps, Delay: 30 ms, Limit: 354081 packets (took 15 ms)
2025-10-08 20:45:14:570 [INFO] [PHY] [network_emulator.cpp:454] Applied - Rate: 19843.7 kbps, Delay: 30 ms, Limit: 248045 packets (took 14 ms)
2025-10-08 20:45:14:770 [INFO] [PHY] [network_emulator.cpp:454] Applied - Rate: 29848.4 kbps, Delay: 30 ms, Limit: 373104 packets (took 14 ms)
2025-10-08 20:45:14:970 [INFO] [PHY] [network_emulator.cpp:454] Applied - Rate: 23844.2 kbps, Delay: 30 ms, Limit: 298052 packets (took 13 ms)
2025-10-08 20:45:15:179 [INFO] [PHY] [network_emulator.cpp:454] Applied - Rate: 22886.5 kbps, Delay: 30 ms, Limit: 286081 packets (took 19 ms)
2025-10-08 20:45:15:375 [INFO] [PHY] [network_emulator.cpp:454] Applied - Rate: 25486 kbps, Delay: 30 ms, Limit: 318575 packets (took 15 ms)
2025-10-08 20:45:15:584 [INFO] [PHY] [network_emulator.cpp:454] Applied - Rate: 25288.4 kbps, Delay: 30 ms, Limit: 316105 packets (took 18 ms)
2025-10-08 20:45:15:786 [INFO] [PHY] [network_emulator.cpp:454] Applied - Rate: 21335.2 kbps, Delay: 30 ms, Limit: 266689 packets (took 17 ms)
2025-10-08 20:45:15:984 [INFO] [PHY] [network_emulator.cpp:454] Applied - Rate: 21067.6 kbps, Delay: 30 ms, Limit: 263345 packets (took 14 ms)
2025-10-08 20:45:16:186 [INFO] [PHY] [network_emulator.cpp:454] Applied - Rate: 29609.5 kbps, Delay: 30 ms, Limit: 370119 packets (took 16 ms)
2025-10-08 20:45:16:388 [INFO] [PHY] [network_emulator.cpp:454] Applied - Rate: 30727.3 kbps, Delay: 30 ms, Limit: 384091 packets (took 16 ms)
2025-10-08 20:45:16:586 [INFO] [PHY] [network_emulator.cpp:454] Applied - Rate: 25928.4 kbps, Delay: 30 ms, Limit: 324104 packets (took 14 ms)
2025-10-08 20:45:16:795 [INFO] [PHY] [network_emulator.cpp:454] Applied - Rate: 22421.5 kbps, Delay: 30 ms, Limit: 280269 packets (took 21 ms)
2025-10-08 20:45:17:000 [INFO] [PHY] [network_emulator.cpp:454] Applied - Rate: 32293.4 kbps, Delay: 30 ms, Limit: 403667 packets (took 18 ms)
2025-10-08 20:45:17:199 [INFO] [PHY] [network_emulator.cpp:454] Applied - Rate: 15352.6 kbps, Delay: 30 ms, Limit: 191907 packets (took 15 ms)
2025-10-08 20:45:17:402 [INFO] [PHY] [network_emulator.cpp:454] Applied - Rate: 30864.8 kbps, Delay: 30 ms, Limit: 385809 packets (took 16 ms)
2025-10-08 20:45:17:602 [INFO] [PHY] [network_emulator.cpp:454] Applied - Rate: 42094.4 kbps, Delay: 30 ms, Limit: 526179 packets (took 16 ms)
2025-10-08 20:45:17:805 [INFO] [PHY] [network_emulator.cpp:454] Applied - Rate: 25557.7 kbps, Delay: 30 ms, Limit: 319471 packets (took 13 ms)
2025-10-08 20:45:18:034 [INFO] [PHY] [network_emulator.cpp:454] Applied - Rate: 34692.7 kbps, Delay: 30 ms, Limit: 433659 packets (took 19 ms)
2025-10-08 20:45:18:231 [INFO] [PHY] [network_emulator.cpp:454] Applied - Rate: 41982.6 kbps, Delay: 30 ms, Limit: 524782 packets (took 15 ms)
2025-10-08 20:45:18:432 [INFO] [PHY] [network_emulator.cpp:454] Applied - Rate: 18249 kbps, Delay: 30 ms, Limit: 228112 packets (took 14 ms)
2025-10-08 20:45:18:641 [INFO] [PHY] [network_emulator.cpp:454] Applied - Rate: 20248.3 kbps, Delay: 30 ms, Limit: 253103 packets (took 18 ms)
2025-10-08 20:45:18:844 [INFO] [PHY] [network_emulator.cpp:454] Applied - Rate: 18264.8 kbps, Delay: 30 ms, Limit: 228309 packets (took 19 ms)
2025-10-08 20:45:19:049 [INFO] [PHY] [network_emulator.cpp:454] Applied - Rate: 25158.3 kbps, Delay: 30 ms, Limit: 314478 packets (took 22 ms)
2025-10-08 20:45:19:244 [INFO] [PHY] [network_emulator.cpp:454] Applied - Rate: 36081.4 kbps, Delay: 30 ms, Limit: 451017 packets (took 17 ms)
2025-10-08 20:45:19:447 [INFO] [PHY] [network_emulator.cpp:454] Applied - Rate: 37182.5 kbps, Delay: 30 ms, Limit: 464781 packets (took 19 ms)
2025-10-08 20:45:19:648 [INFO] [PHY] [network_emulator.cpp:454] Applied - Rate: 37895.6 kbps, Delay: 30 ms, Limit: 473695 packets (took 18 ms)
2025-10-08 20:45:19:866 [INFO] [PHY] [network_emulator.cpp:454] Applied - Rate: 19429.6 kbps, Delay: 30 ms, Limit: 242870 packets (took 30 ms)
2025-10-08 20:45:20:054 [INFO] [PHY] [network_emulator.cpp:454] Applied - Rate: 26375.4 kbps, Delay: 30 ms, Limit: 329692 packets (took 18 ms)
2025-10-08 20:45:20:257 [INFO] [PHY] [network_emulator.cpp:454] Applied - Rate: 28871.6 kbps, Delay: 30 ms, Limit: 360894 packets (took 21 ms)
2025-10-08 20:45:20:457 [INFO] [PHY] [network_emulator.cpp:454] Applied - Rate: 36973.1 kbps, Delay: 30 ms, Limit: 462164 packets (took 21 ms)
2025-10-08 20:45:20:663 [INFO] [PHY] [network_emulator.cpp:454] Applied - Rate: 32182 kbps, Delay: 30 ms, Limit: 402275 packets (took 18 ms)
2025-10-08 20:45:20:865 [INFO] [PHY] [network_emulator.cpp:454] Applied - Rate: 18860.5 kbps, Delay: 30 ms, Limit: 235756 packets (took 18 ms)
2025-10-08 20:45:21:072 [INFO] [PHY] [network_emulator.cpp:454] Applied - Rate: 28902.1 kbps, Delay: 30 ms, Limit: 361275 packets (took 20 ms)
2025-10-08 20:45:21:278 [INFO] [PHY] [network_emulator.cpp:454] Applied - Rate: 23579.6 kbps, Delay: 30 ms, Limit: 294745 packets (took 25 ms)
2025-10-08 20:45:21:471 [INFO] [PHY] [network_emulator.cpp:454] Applied - Rate: 35597.8 kbps, Delay: 30 ms, Limit: 444972 packets (took 18 ms)
2025-10-08 20:45:21:682 [INFO] [PHY] [network_emulator.cpp:454] Applied - Rate: 35564.9 kbps, Delay: 30 ms, Limit: 444560 packets (took 19 ms)
2025-10-08 20:45:21:883 [INFO] [PHY] [network_emulator.cpp:454] Applied - Rate: 33200.4 kbps, Delay: 30 ms, Limit: 415005 packets (took 20 ms)
2025-10-08 20:45:22:102 [INFO] [PHY] [network_emulator.cpp:454] Applied - Rate: 40152.5 kbps, Delay: 30 ms, Limit: 501906 packets (took 35 ms)
2025-10-08 20:45:22:284 [INFO] [PHY] [network_emulator.cpp:454] Applied - Rate: 37181 kbps, Delay: 30 ms, Limit: 464762 packets (took 16 ms)
2025-10-08 20:45:22:482 [INFO] [PHY] [network_emulator.cpp:454] Applied - Rate: 34812.8 kbps, Delay: 30 ms, Limit: 435159 packets (took 14 ms)
2025-10-08 20:45:22:687 [INFO] [PHY] [network_emulator.cpp:454] Applied - Rate: 38634.8 kbps, Delay: 30 ms, Limit: 482935 packets (took 15 ms)
2025-10-08 20:45:22:892 [INFO] [PHY] [network_emulator.cpp:454] Applied - Rate: 36142.3 kbps, Delay: 30 ms, Limit: 451779 packets (took 16 ms)
2025-10-08 20:45:23:093 [INFO] [PHY] [network_emulator.cpp:454] Applied - Rate: 28250 kbps, Delay: 30 ms, Limit: 353124 packets (took 15 ms)
2025-10-08 20:45:23:291 [INFO] [PHY] [network_emulator.cpp:454] Applied - Rate: 31886.3 kbps, Delay: 30 ms, Limit: 398578 packets (took 14 ms)
2025-10-08 20:45:23:491 [INFO] [PHY] [network_emulator.cpp:454] Applied - Rate: 25407.4 kbps, Delay: 30 ms, Limit: 317592 packets (took 14 ms)
2025-10-08 20:45:23:706 [INFO] [PHY] [network_emulator.cpp:454] Applied - Rate: 24223.2 kbps, Delay: 30 ms, Limit: 302789 packets (took 14 ms)
2025-10-08 20:45:23:913 [INFO] [PHY] [network_emulator.cpp:454] Applied - Rate: 26731 kbps, Delay: 30 ms, Limit: 334136 packets (took 18 ms)
2025-10-08 20:45:24:112 [INFO] [PHY] [network_emulator.cpp:454] Applied - Rate: 38481.6 kbps, Delay: 30 ms, Limit: 481019 packets (took 18 ms)
2025-10-08 20:45:24:315 [INFO] [PHY] [network_emulator.cpp:454] Applied - Rate: 36607.5 kbps, Delay: 30 ms, Limit: 457593 packets (took 20 ms)
2025-10-08 20:45:24:516 [INFO] [PHY] [network_emulator.cpp:454] Applied - Rate: 39535.2 kbps, Delay: 30 ms, Limit: 494189 packets (took 20 ms)
2025-10-08 20:45:24:713 [INFO] [PHY] [network_emulator.cpp:454] Applied - Rate: 37169.1 kbps, Delay: 30 ms, Limit: 464613 packets (took 15 ms)
2025-10-08 20:45:24:911 [INFO] [PHY] [network_emulator.cpp:454] Applied - Rate: 27779 kbps, Delay: 30 ms, Limit: 347237 packets (took 14 ms)
2025-10-08 20:45:25:113 [INFO] [PHY] [network_emulator.cpp:454] Applied - Rate: 38919.2 kbps, Delay: 30 ms, Limit: 486489 packets (took 15 ms)
2025-10-08 20:45:25:315 [INFO] [PHY] [network_emulator.cpp:454] Applied - Rate: 19742.9 kbps, Delay: 30 ms, Limit: 246786 packets (took 15 ms)
2025-10-08 20:45:25:522 [INFO] [PHY] [network_emulator.cpp:454] Applied - Rate: 26697 kbps, Delay: 30 ms, Limit: 333712 packets (took 15 ms)
2025-10-08 20:45:25:726 [INFO] [PHY] [network_emulator.cpp:454] Applied - Rate: 28664.5 kbps, Delay: 30 ms, Limit: 358306 packets (took 17 ms)
2025-10-08 20:45:25:928 [INFO] [PHY] [network_emulator.cpp:454] Applied - Rate: 36092 kbps, Delay: 30 ms, Limit: 451149 packets (took 16 ms)
2025-10-08 20:45:26:130 [INFO] [PHY] [network_emulator.cpp:454] Applied - Rate: 31777.5 kbps, Delay: 30 ms, Limit: 397219 packets (took 15 ms)
2025-10-08 20:45:26:330 [INFO] [PHY] [network_emulator.cpp:454] Applied - Rate: 19278.2 kbps, Delay: 30 ms, Limit: 240978 packets (took 14 ms)
2025-10-08 20:45:26:532 [INFO] [PHY] [network_emulator.cpp:454] Applied - Rate: 21902.1 kbps, Delay: 30 ms, Limit: 273776 packets (took 16 ms)
2025-10-08 20:45:26:735 [INFO] [PHY] [network_emulator.cpp:454] Applied - Rate: 19538.9 kbps, Delay: 30 ms, Limit: 244236 packets (took 15 ms)
2025-10-08 20:45:26:945 [INFO] [PHY] [network_emulator.cpp:454] Applied - Rate: 21638.8 kbps, Delay: 30 ms, Limit: 270484 packets (took 16 ms)
2025-10-08 20:45:27:151 [INFO] [PHY] [network_emulator.cpp:454] Applied - Rate: 30190.1 kbps, Delay: 30 ms, Limit: 377376 packets (took 17 ms)
2025-10-08 20:45:27:355 [INFO] [PHY] [network_emulator.cpp:454] Applied - Rate: 27945.5 kbps, Delay: 30 ms, Limit: 349318 packets (took 15 ms)
2025-10-08 20:45:27:560 [INFO] [PHY] [network_emulator.cpp:454] Applied - Rate: 28488.2 kbps, Delay: 30 ms, Limit: 356102 packets (took 18 ms)
2025-10-08 20:45:27:767 [INFO] [PHY] [network_emulator.cpp:454] Applied - Rate: 20834.9 kbps, Delay: 30 ms, Limit: 260436 packets (took 18 ms)
2025-10-08 20:45:27:986 [INFO] [PHY] [network_emulator.cpp:454] Applied - Rate: 18494.9 kbps, Delay: 30 ms, Limit: 231186 packets (took 19 ms)
2025-10-08 20:45:28:182 [INFO] [PHY] [network_emulator.cpp:454] Applied - Rate: 22559 kbps, Delay: 30 ms, Limit: 281987 packets (took 15 ms)
2025-10-08 20:45:28:385 [INFO] [PHY] [network_emulator.cpp:454] Applied - Rate: 26478.8 kbps, Delay: 30 ms, Limit: 330984 packets (took 16 ms)
2025-10-08 20:45:28:588 [INFO] [PHY] [network_emulator.cpp:454] Applied - Rate: 28731.6 kbps, Delay: 30 ms, Limit: 359144 packets (took 14 ms)
2025-10-08 20:45:28:789 [INFO] [PHY] [network_emulator.cpp:454] Applied - Rate: 23694.6 kbps, Delay: 30 ms, Limit: 296182 packets (took 13 ms)
2025-10-08 20:45:28:989 [INFO] [PHY] [network_emulator.cpp:454] Applied - Rate: 21397.3 kbps, Delay: 30 ms, Limit: 267466 packets (took 14 ms)
2025-10-08 20:45:29:190 [INFO] [PHY] [network_emulator.cpp:454] Applied - Rate: 25862.4 kbps, Delay: 30 ms, Limit: 323280 packets (took 14 ms)
2025-10-08 20:45:29:401 [INFO] [PHY] [network_emulator.cpp:454] Applied - Rate: 25834.8 kbps, Delay: 30 ms, Limit: 322935 packets (took 13 ms)
2025-10-08 20:45:29:607 [INFO] [PHY] [network_emulator.cpp:454] Applied - Rate: 20386.4 kbps, Delay: 30 ms, Limit: 254830 packets (took 14 ms)
2025-10-08 20:45:29:812 [INFO] [PHY] [network_emulator.cpp:454] Applied - Rate: 30375.6 kbps, Delay: 30 ms, Limit: 379695 packets (took 14 ms)
2025-10-08 20:45:30:015 [INFO] [PHY] [network_emulator.cpp:454] Applied - Rate: 35392.4 kbps, Delay: 30 ms, Limit: 442405 packets (took 15 ms)
2025-10-08 20:45:30:217 [INFO] [PHY] [network_emulator.cpp:454] Applied - Rate: 30802.4 kbps, Delay: 30 ms, Limit: 385029 packets (took 17 ms)
2025-10-08 20:45:30:417 [INFO] [PHY] [network_emulator.cpp:454] Applied - Rate: 20346.7 kbps, Delay: 30 ms, Limit: 254333 packets (took 16 ms)
2025-10-08 20:45:30:621 [INFO] [PHY] [network_emulator.cpp:454] Applied - Rate: 31058.2 kbps, Delay: 30 ms, Limit: 388227 packets (took 19 ms)
2025-10-08 20:45:30:819 [INFO] [PHY] [network_emulator.cpp:454] Applied - Rate: 15801.8 kbps, Delay: 30 ms, Limit: 197522 packets (took 13 ms)
2025-10-08 20:45:31:027 [INFO] [PHY] [network_emulator.cpp:454] Applied - Rate: 26040.7 kbps, Delay: 30 ms, Limit: 325508 packets (took 15 ms)
2025-10-08 20:45:31:226 [INFO] [PHY] [network_emulator.cpp:454] Applied - Rate: 21081.8 kbps, Delay: 30 ms, Limit: 263523 packets (took 14 ms)
2025-10-08 20:45:31:427 [INFO] [PHY] [network_emulator.cpp:454] Applied - Rate: 29421.9 kbps, Delay: 30 ms, Limit: 367773 packets (took 13 ms)
2025-10-08 20:45:31:633 [INFO] [PHY] [network_emulator.cpp:454] Applied - Rate: 31988.6 kbps, Delay: 30 ms, Limit: 399857 packets (took 18 ms)
2025-10-08 20:45:31:836 [INFO] [PHY] [network_emulator.cpp:454] Applied - Rate: 27108.8 kbps, Delay: 30 ms, Limit: 338859 packets (took 22 ms)
2025-10-08 20:45:32:036 [INFO] [PHY] [network_emulator.cpp:454] Applied - Rate: 27203.9 kbps, Delay: 30 ms, Limit: 340049 packets (took 18 ms)
2025-10-08 20:45:32:237 [INFO] [PHY] [network_emulator.cpp:454] Applied - Rate: 23243.1 kbps, Delay: 30 ms, Limit: 290538 packets (took 18 ms)
2025-10-08 20:45:32:439 [INFO] [PHY] [network_emulator.cpp:454] Applied - Rate: 28696 kbps, Delay: 30 ms, Limit: 358700 packets (took 19 ms)
2025-10-08 20:45:32:641 [INFO] [PHY] [network_emulator.cpp:454] Applied - Rate: 29984.2 kbps, Delay: 30 ms, Limit: 374802 packets (took 21 ms)
2025-10-08 20:45:32:837 [INFO] [PHY] [network_emulator.cpp:454] Applied - Rate: 30075.1 kbps, Delay: 30 ms, Limit: 375938 packets (took 13 ms)
2025-10-08 20:45:33:041 [INFO] [PHY] [network_emulator.cpp:454] Applied - Rate: 39776.7 kbps, Delay: 30 ms, Limit: 497209 packets (took 15 ms)
2025-10-08 20:45:33:244 [INFO] [PHY] [network_emulator.cpp:454] Applied - Rate: 31228 kbps, Delay: 30 ms, Limit: 390350 packets (took 17 ms)
2025-10-08 20:45:33:444 [INFO] [PHY] [network_emulator.cpp:454] Applied - Rate: 29779.4 kbps, Delay: 30 ms, Limit: 372242 packets (took 16 ms)
2025-10-08 20:45:33:645 [INFO] [PHY] [network_emulator.cpp:454] Applied - Rate: 30153 kbps, Delay: 30 ms, Limit: 376913 packets (took 16 ms)
2025-10-08 20:45:33:850 [INFO] [PHY] [network_emulator.cpp:454] Applied - Rate: 24596.8 kbps, Delay: 30 ms, Limit: 307459 packets (took 20 ms)
2025-10-08 20:45:34:045 [INFO] [PHY] [network_emulator.cpp:454] Applied - Rate: 37420.8 kbps, Delay: 30 ms, Limit: 467760 packets (took 15 ms)
2025-10-08 20:45:34:251 [INFO] [PHY] [network_emulator.cpp:454] Applied - Rate: 34276.9 kbps, Delay: 30 ms, Limit: 428461 packets (took 20 ms)
2025-10-08 20:45:34:452 [INFO] [PHY] [network_emulator.cpp:454] Applied - Rate: 36257.6 kbps, Delay: 30 ms, Limit: 453219 packets (took 14 ms)
2025-10-08 20:45:34:657 [INFO] [PHY] [network_emulator.cpp:454] Applied - Rate: 41969 kbps, Delay: 30 ms, Limit: 524612 packets (took 17 ms)
2025-10-08 20:45:34:860 [INFO] [PHY] [network_emulator.cpp:454] Applied - Rate: 34560.8 kbps, Delay: 30 ms, Limit: 432010 packets (took 14 ms)
2025-10-08 20:45:35:061 [INFO] [PHY] [network_emulator.cpp:454] Applied - Rate: 19773.6 kbps, Delay: 30 ms, Limit: 247170 packets (took 13 ms)
2025-10-08 20:45:35:264 [INFO] [PHY] [network_emulator.cpp:454] Applied - Rate: 24674.2 kbps, Delay: 30 ms, Limit: 308427 packets (took 14 ms)
2025-10-08 20:45:35:466 [INFO] [PHY] [network_emulator.cpp:454] Applied - Rate: 15614.2 kbps, Delay: 30 ms, Limit: 195176 packets (took 16 ms)
2025-10-08 20:45:35:674 [INFO] [PHY] [network_emulator.cpp:454] Applied - Rate: 23791.3 kbps, Delay: 30 ms, Limit: 297391 packets (took 22 ms)
2025-10-08 20:45:35:873 [INFO] [PHY] [network_emulator.cpp:454] Applied - Rate: 15950.6 kbps, Delay: 30 ms, Limit: 199382 packets (took 19 ms)
2025-10-08 20:45:36:070 [INFO] [PHY] [network_emulator.cpp:454] Applied - Rate: 24336 kbps, Delay: 30 ms, Limit: 304199 packets (took 15 ms)
2025-10-08 20:45:36:274 [INFO] [PHY] [network_emulator.cpp:454] Applied - Rate: 28798.1 kbps, Delay: 30 ms, Limit: 359976 packets (took 19 ms)
2025-10-08 20:45:36:471 [INFO] [PHY] [network_emulator.cpp:454] Applied - Rate: 33659 kbps, Delay: 30 ms, Limit: 420737 packets (took 13 ms)
2025-10-08 20:45:36:672 [INFO] [PHY] [network_emulator.cpp:454] Applied - Rate: 38943.4 kbps, Delay: 30 ms, Limit: 486791 packets (took 13 ms)
2025-10-08 20:45:36:882 [INFO] [PHY] [network_emulator.cpp:454] Applied - Rate: 28158.7 kbps, Delay: 30 ms, Limit: 351983 packets (took 21 ms)
2025-10-08 20:45:37:080 [INFO] [PHY] [network_emulator.cpp:454] Applied - Rate: 33284.6 kbps, Delay: 30 ms, Limit: 416057 packets (took 18 ms)
2025-10-08 20:45:37:278 [INFO] [PHY] [network_emulator.cpp:454] Applied - Rate: 22837.9 kbps, Delay: 30 ms, Limit: 285473 packets (took 15 ms)
2025-10-08 20:45:37:483 [INFO] [PHY] [network_emulator.cpp:454] Applied - Rate: 28057.2 kbps, Delay: 30 ms, Limit: 350714 packets (took 19 ms)
2025-10-08 20:45:37:682 [INFO] [PHY] [network_emulator.cpp:454] Applied - Rate: 28276.7 kbps, Delay: 30 ms, Limit: 353459 packets (took 18 ms)
2025-10-08 20:45:37:882 [INFO] [PHY] [network_emulator.cpp:454] Applied - Rate: 15713 kbps, Delay: 30 ms, Limit: 196412 packets (took 16 ms)
2025-10-08 20:45:38:098 [INFO] [PHY] [network_emulator.cpp:454] Applied - Rate: 25657.4 kbps, Delay: 30 ms, Limit: 320717 packets (took 29 ms)
2025-10-08 20:45:38:293 [INFO] [PHY] [network_emulator.cpp:454] Applied - Rate: 18320.3 kbps, Delay: 30 ms, Limit: 229003 packets (took 22 ms)
2025-10-08 20:45:38:485 [INFO] [PHY] [network_emulator.cpp:454] Applied - Rate: 26836.1 kbps, Delay: 30 ms, Limit: 335450 packets (took 13 ms)
2025-10-08 20:45:38:692 [INFO] [PHY] [network_emulator.cpp:454] Applied - Rate: 31095.1 kbps, Delay: 30 ms, Limit: 388688 packets (took 16 ms)
2025-10-08 20:45:38:891 [INFO] [PHY] [network_emulator.cpp:454] Applied - Rate: 15500.7 kbps, Delay: 30 ms, Limit: 193758 packets (took 15 ms)
2025-10-08 20:45:39:095 [INFO] [PHY] [network_emulator.cpp:454] Applied - Rate: 27333.7 kbps, Delay: 30 ms, Limit: 341671 packets (took 17 ms)
2025-10-08 20:45:39:293 [INFO] [PHY] [network_emulator.cpp:454] Applied - Rate: 24772.6 kbps, Delay: 30 ms, Limit: 309658 packets (took 15 ms)
2025-10-08 20:45:39:495 [INFO] [PHY] [network_emulator.cpp:454] Applied - Rate: 34434.3 kbps, Delay: 30 ms, Limit: 430428 packets (took 16 ms)
2025-10-08 20:45:39:695 [INFO] [PHY] [network_emulator.cpp:454] Applied - Rate: 40601.9 kbps, Delay: 30 ms, Limit: 507523 packets (took 15 ms)
2025-10-08 20:45:39:899 [INFO] [PHY] [network_emulator.cpp:454] Applied - Rate: 32344.8 kbps, Delay: 30 ms, Limit: 404309 packets (took 16 ms)
2025-10-08 20:45:40:101 [INFO] [PHY] [network_emulator.cpp:454] Applied - Rate: 33230.2 kbps, Delay: 30 ms, Limit: 415377 packets (took 18 ms)
2025-10-08 20:45:40:300 [INFO] [PHY] [network_emulator.cpp:454] Applied - Rate: 31507.5 kbps, Delay: 30 ms, Limit: 393843 packets (took 15 ms)
2025-10-08 20:45:40:500 [INFO] [PHY] [network_emulator.cpp:454] Applied - Rate: 26736.9 kbps, Delay: 30 ms, Limit: 334211 packets (took 16 ms)
2025-10-08 20:45:40:701 [INFO] [PHY] [network_emulator.cpp:454] Applied - Rate: 39474.8 kbps, Delay: 30 ms, Limit: 493434 packets (took 15 ms)
2025-10-08 20:45:40:906 [INFO] [PHY] [network_emulator.cpp:454] Applied - Rate: 31113.1 kbps, Delay: 30 ms, Limit: 388914 packets (took 16 ms)
2025-10-08 20:45:41:110 [INFO] [PHY] [network_emulator.cpp:454] Applied - Rate: 34276.1 kbps, Delay: 30 ms, Limit: 428451 packets (took 18 ms)
2025-10-08 20:45:41:315 [INFO] [PHY] [network_emulator.cpp:454] Applied - Rate: 38340.1 kbps, Delay: 30 ms, Limit: 479251 packets (took 24 ms)
2025-10-08 20:45:41:511 [INFO] [PHY] [network_emulator.cpp:454] Applied - Rate: 38966 kbps, Delay: 30 ms, Limit: 487075 packets (took 20 ms)
2025-10-08 20:45:41:710 [INFO] [PHY] [network_emulator.cpp:454] Applied - Rate: 32275.3 kbps, Delay: 30 ms, Limit: 403441 packets (took 19 ms)
2025-10-08 20:45:41:910 [INFO] [PHY] [network_emulator.cpp:454] Applied - Rate: 31473.2 kbps, Delay: 30 ms, Limit: 393415 packets (took 19 ms)
2025-10-08 20:45:42:114 [INFO] [PHY] [network_emulator.cpp:454] Applied - Rate: 24914.3 kbps, Delay: 30 ms, Limit: 311428 packets (took 21 ms)
2025-10-08 20:45:42:326 [INFO] [PHY] [network_emulator.cpp:454] Applied - Rate: 25527.6 kbps, Delay: 30 ms, Limit: 319095 packets (took 29 ms)
2025-10-08 20:45:42:518 [INFO] [PHY] [network_emulator.cpp:454] Applied - Rate: 15230.3 kbps, Delay: 30 ms, Limit: 190379 packets (took 21 ms)
2025-10-08 20:45:42:717 [INFO] [PHY] [network_emulator.cpp:454] Applied - Rate: 24021.2 kbps, Delay: 30 ms, Limit: 300265 packets (took 19 ms)
2025-10-08 20:45:42:915 [INFO] [PHY] [network_emulator.cpp:454] Applied - Rate: 27523.9 kbps, Delay: 30 ms, Limit: 344048 packets (took 17 ms)
2025-10-08 20:45:43:113 [INFO] [PHY] [network_emulator.cpp:454] Applied - Rate: 30239.2 kbps, Delay: 30 ms, Limit: 377990 packets (took 15 ms)
2025-10-08 20:45:43:322 [INFO] [PHY] [network_emulator.cpp:454] Applied - Rate: 26244.5 kbps, Delay: 30 ms, Limit: 328056 packets (took 15 ms)
2025-10-08 20:45:43:525 [INFO] [PHY] [network_emulator.cpp:454] Applied - Rate: 29449.5 kbps, Delay: 30 ms, Limit: 368119 packets (took 17 ms)
2025-10-08 20:45:43:722 [INFO] [PHY] [network_emulator.cpp:454] Applied - Rate: 21376.4 kbps, Delay: 30 ms, Limit: 267205 packets (took 14 ms)
2025-10-08 20:45:43:932 [INFO] [PHY] [network_emulator.cpp:454] Applied - Rate: 27426.2 kbps, Delay: 30 ms, Limit: 342828 packets (took 19 ms)
2025-10-08 20:45:44:128 [INFO] [PHY] [network_emulator.cpp:454] Applied - Rate: 25813.8 kbps, Delay: 30 ms, Limit: 322671 packets (took 14 ms)
2025-10-08 20:45:44:328 [INFO] [PHY] [network_emulator.cpp:454] Applied - Rate: 26827.2 kbps, Delay: 30 ms, Limit: 335339 packets (took 15 ms)
2025-10-08 20:45:44:529 [INFO] [PHY] [network_emulator.cpp:454] Applied - Rate: 21825.1 kbps, Delay: 30 ms, Limit: 272813 packets (took 15 ms)
2025-10-08 20:45:44:731 [INFO] [PHY] [network_emulator.cpp:454] Applied - Rate: 24756.6 kbps, Delay: 30 ms, Limit: 309457 packets (took 15 ms)
2025-10-08 20:45:44:940 [INFO] [PHY] [network_emulator.cpp:454] Applied - Rate: 24430.8 kbps, Delay: 30 ms, Limit: 305384 packets (took 16 ms)
2025-10-08 20:45:45:145 [INFO] [PHY] [network_emulator.cpp:454] Applied - Rate: 24830.5 kbps, Delay: 30 ms, Limit: 310381 packets (took 18 ms)
2025-10-08 20:45:45:343 [INFO] [PHY] [network_emulator.cpp:454] Applied - Rate: 25853.1 kbps, Delay: 30 ms, Limit: 323163 packets (took 17 ms)
2025-10-08 20:45:45:546 [INFO] [PHY] [network_emulator.cpp:454] Applied - Rate: 24869 kbps, Delay: 30 ms, Limit: 310862 packets (took 19 ms)
2025-10-08 20:45:45:742 [INFO] [PHY] [network_emulator.cpp:454] Applied - Rate: 27365.4 kbps, Delay: 30 ms, Limit: 342067 packets (took 14 ms)
2025-10-08 20:45:45:948 [INFO] [PHY] [network_emulator.cpp:454] Applied - Rate: 22651.4 kbps, Delay: 30 ms, Limit: 283142 packets (took 19 ms)
2025-10-08 20:45:46:161 [INFO] [PHY] [network_emulator.cpp:454] Applied - Rate: 24000.5 kbps, Delay: 30 ms, Limit: 300006 packets (took 18 ms)
2025-10-08 20:45:46:369 [INFO] [PHY] [network_emulator.cpp:454] Applied - Rate: 24362.2 kbps, Delay: 30 ms, Limit: 304527 packets (took 17 ms)
2025-10-08 20:45:46:575 [INFO] [PHY] [network_emulator.cpp:454] Applied - Rate: 19972.4 kbps, Delay: 30 ms, Limit: 249654 packets (took 15 ms)
2025-10-08 20:45:46:782 [INFO] [PHY] [network_emulator.cpp:454] Applied - Rate: 23284.1 kbps, Delay: 30 ms, Limit: 291051 packets (took 21 ms)
2025-10-08 20:45:46:977 [INFO] [PHY] [network_emulator.cpp:454] Applied - Rate: 28790.9 kbps, Delay: 30 ms, Limit: 359886 packets (took 15 ms)
2025-10-08 20:45:47:201 [INFO] [PHY] [network_emulator.cpp:454] Applied - Rate: 24516.3 kbps, Delay: 30 ms, Limit: 306453 packets (took 13 ms)
2025-10-08 20:45:47:419 [INFO] [PHY] [network_emulator.cpp:454] Applied - Rate: 27256.8 kbps, Delay: 30 ms, Limit: 340710 packets (took 16 ms)
2025-10-08 20:45:47:622 [INFO] [PHY] [network_emulator.cpp:454] Applied - Rate: 38231.4 kbps, Delay: 30 ms, Limit: 477891 packets (took 15 ms)
2025-10-08 20:45:47:827 [INFO] [PHY] [network_emulator.cpp:454] Applied - Rate: 30230.3 kbps, Delay: 30 ms, Limit: 377878 packets (took 20 ms)
2025-10-08 20:45:48:025 [INFO] [PHY] [network_emulator.cpp:454] Applied - Rate: 21829.9 kbps, Delay: 30 ms, Limit: 272874 packets (took 18 ms)
2025-10-08 20:45:48:226 [INFO] [PHY] [network_emulator.cpp:454] Applied - Rate: 22983.4 kbps, Delay: 30 ms, Limit: 287292 packets (took 18 ms)
2025-10-08 20:45:48:436 [INFO] [PHY] [network_emulator.cpp:454] Applied - Rate: 22527.9 kbps, Delay: 30 ms, Limit: 281598 packets (took 20 ms)
2025-10-08 20:45:48:634 [INFO] [PHY] [network_emulator.cpp:454] Applied - Rate: 28544.3 kbps, Delay: 30 ms, Limit: 356803 packets (took 18 ms)
2025-10-08 20:45:48:832 [INFO] [PHY] [network_emulator.cpp:454] Applied - Rate: 22482.5 kbps, Delay: 30 ms, Limit: 281030 packets (took 15 ms)
2025-10-08 20:45:49:045 [INFO] [PHY] [network_emulator.cpp:454] Applied - Rate: 24442 kbps, Delay: 30 ms, Limit: 305524 packets (took 18 ms)
2025-10-08 20:45:49:247 [INFO] [PHY] [network_emulator.cpp:454] Applied - Rate: 29094.8 kbps, Delay: 30 ms, Limit: 363685 packets (took 17 ms)
2025-10-08 20:45:49:452 [INFO] [PHY] [network_emulator.cpp:454] Applied - Rate: 19964.1 kbps, Delay: 30 ms, Limit: 249550 packets (took 16 ms)
2025-10-08 20:45:49:652 [INFO] [PHY] [network_emulator.cpp:454] Applied - Rate: 31673.6 kbps, Delay: 30 ms, Limit: 395920 packets (took 15 ms)
2025-10-08 20:45:49:857 [INFO] [PHY] [network_emulator.cpp:454] Applied - Rate: 35217.4 kbps, Delay: 30 ms, Limit: 440218 packets (took 14 ms)
2025-10-08 20:45:50:063 [INFO] [PHY] [network_emulator.cpp:454] Applied - Rate: 34537.4 kbps, Delay: 30 ms, Limit: 431717 packets (took 15 ms)
2025-10-08 20:45:50:264 [INFO] [PHY] [network_emulator.cpp:454] Applied - Rate: 23347.2 kbps, Delay: 30 ms, Limit: 291839 packets (took 16 ms)
2025-10-08 20:45:50:472 [INFO] [PHY] [network_emulator.cpp:454] Applied - Rate: 22244.4 kbps, Delay: 30 ms, Limit: 278055 packets (took 16 ms)
2025-10-08 20:45:50:678 [INFO] [PHY] [network_emulator.cpp:454] Applied - Rate: 23275.4 kbps, Delay: 30 ms, Limit: 290942 packets (took 17 ms)
2025-10-08 20:45:50:879 [INFO] [PHY] [network_emulator.cpp:454] Applied - Rate: 21499.6 kbps, Delay: 30 ms, Limit: 268744 packets (took 14 ms)
2025-10-08 20:45:51:089 [INFO] [PHY] [network_emulator.cpp:454] Applied - Rate: 25065.9 kbps, Delay: 30 ms, Limit: 313323 packets (took 19 ms)
2025-10-08 20:45:51:290 [INFO] [PHY] [network_emulator.cpp:454] Applied - Rate: 20296.7 kbps, Delay: 30 ms, Limit: 253708 packets (took 18 ms)
2025-10-08 20:45:51:493 [INFO] [PHY] [network_emulator.cpp:454] Applied - Rate: 32689.2 kbps, Delay: 30 ms, Limit: 408615 packets (took 18 ms)
2025-10-08 20:45:51:697 [INFO] [PHY] [network_emulator.cpp:454] Applied - Rate: 25689 kbps, Delay: 30 ms, Limit: 321112 packets (took 21 ms)
2025-10-08 20:45:51:893 [INFO] [PHY] [network_emulator.cpp:454] Applied - Rate: 26241.9 kbps, Delay: 30 ms, Limit: 328023 packets (took 15 ms)
2025-10-08 20:45:52:097 [INFO] [PHY] [network_emulator.cpp:454] Applied - Rate: 25566.6 kbps, Delay: 30 ms, Limit: 319583 packets (took 14 ms)
2025-10-08 20:45:52:320 [INFO] [PHY] [network_emulator.cpp:454] Applied - Rate: 31776.1 kbps, Delay: 30 ms, Limit: 397200 packets (took 15 ms)
2025-10-08 20:45:52:522 [INFO] [PHY] [network_emulator.cpp:454] Applied - Rate: 31606.6 kbps, Delay: 30 ms, Limit: 395082 packets (took 17 ms)
2025-10-08 20:45:52:726 [INFO] [PHY] [network_emulator.cpp:454] Applied - Rate: 22550.7 kbps, Delay: 30 ms, Limit: 281884 packets (took 16 ms)
2025-10-08 20:45:52:933 [INFO] [PHY] [network_emulator.cpp:454] Applied - Rate: 27264.8 kbps, Delay: 30 ms, Limit: 340810 packets (took 15 ms)
2025-10-08 20:45:53:149 [INFO] [PHY] [network_emulator.cpp:454] Applied - Rate: 33049.2 kbps, Delay: 30 ms, Limit: 413114 packets (took 18 ms)
2025-10-08 20:45:53:349 [INFO] [PHY] [network_emulator.cpp:454] Applied - Rate: 36883.9 kbps, Delay: 30 ms, Limit: 461049 packets (took 16 ms)
2025-10-08 20:45:53:550 [INFO] [PHY] [network_emulator.cpp:454] Applied - Rate: 23723.4 kbps, Delay: 30 ms, Limit: 296542 packets (took 16 ms)
2025-10-08 20:45:53:753 [INFO] [PHY] [network_emulator.cpp:454] Applied - Rate: 29550.3 kbps, Delay: 30 ms, Limit: 369378 packets (took 17 ms)
2025-10-08 20:45:53:958 [INFO] [PHY] [network_emulator.cpp:454] Applied - Rate: 18489.1 kbps, Delay: 30 ms, Limit: 231113 packets (took 14 ms)
2025-10-08 20:45:54:159 [INFO] [PHY] [network_emulator.cpp:454] Applied - Rate: 27789.9 kbps, Delay: 30 ms, Limit: 347373 packets (took 15 ms)
2025-10-08 20:45:54:366 [INFO] [PHY] [network_emulator.cpp:454] Applied - Rate: 29844.9 kbps, Delay: 30 ms, Limit: 373061 packets (took 17 ms)
2025-10-08 20:45:54:567 [INFO] [PHY] [network_emulator.cpp:454] Applied - Rate: 37252.3 kbps, Delay: 30 ms, Limit: 465653 packets (took 15 ms)
2025-10-08 20:45:54:767 [INFO] [PHY] [network_emulator.cpp:454] Applied - Rate: 37631.4 kbps, Delay: 30 ms, Limit: 470392 packets (took 14 ms)
2025-10-08 20:45:54:970 [INFO] [PHY] [network_emulator.cpp:454] Applied - Rate: 31513.5 kbps, Delay: 30 ms, Limit: 393918 packets (took 14 ms)
2025-10-08 20:45:55:172 [INFO] [PHY] [network_emulator.cpp:454] Applied - Rate: 34496.7 kbps, Delay: 30 ms, Limit: 431208 packets (took 17 ms)
2025-10-08 20:45:55:370 [INFO] [PHY] [network_emulator.cpp:454] Applied - Rate: 36190.6 kbps, Delay: 30 ms, Limit: 452382 packets (took 14 ms)
2025-10-08 20:45:55:573 [INFO] [PHY] [network_emulator.cpp:454] Applied - Rate: 22612.1 kbps, Delay: 30 ms, Limit: 282651 packets (took 15 ms)
2025-10-08 20:45:55:773 [INFO] [PHY] [network_emulator.cpp:454] Applied - Rate: 21725.5 kbps, Delay: 30 ms, Limit: 271568 packets (took 14 ms)
2025-10-08 20:45:55:975 [INFO] [PHY] [network_emulator.cpp:454] Applied - Rate: 25005.4 kbps, Delay: 30 ms, Limit: 312567 packets (took 14 ms)
2025-10-08 20:45:56:183 [INFO] [PHY] [network_emulator.cpp:454] Applied - Rate: 11146.8 kbps, Delay: 30 ms, Limit: 139335 packets (took 21 ms)
2025-10-08 20:45:56:378 [INFO] [PHY] [network_emulator.cpp:454] Applied - Rate: 14659.7 kbps, Delay: 30 ms, Limit: 183246 packets (took 16 ms)
2025-10-08 20:45:56:585 [INFO] [PHY] [network_emulator.cpp:454] Applied - Rate: 26883.8 kbps, Delay: 30 ms, Limit: 336047 packets (took 21 ms)
2025-10-08 20:45:56:787 [INFO] [PHY] [network_emulator.cpp:454] Applied - Rate: 19400.7 kbps, Delay: 30 ms, Limit: 242508 packets (took 23 ms)
2025-10-08 20:45:56:988 [INFO] [PHY] [network_emulator.cpp:454] Applied - Rate: 41440.4 kbps, Delay: 30 ms, Limit: 518005 packets (took 21 ms)
2025-10-08 20:45:57:187 [INFO] [PHY] [network_emulator.cpp:454] Applied - Rate: 41289.2 kbps, Delay: 30 ms, Limit: 516114 packets (took 20 ms)
2025-10-08 20:45:57:389 [INFO] [PHY] [network_emulator.cpp:454] Applied - Rate: 32111.7 kbps, Delay: 30 ms, Limit: 401395 packets (took 21 ms)
2025-10-08 20:45:57:589 [INFO] [PHY] [network_emulator.cpp:454] Applied - Rate: 33814.9 kbps, Delay: 30 ms, Limit: 422686 packets (took 20 ms)
2025-10-08 20:45:57:792 [INFO] [PHY] [network_emulator.cpp:454] Applied - Rate: 31435.6 kbps, Delay: 30 ms, Limit: 392945 packets (took 23 ms)
2025-10-08 20:45:57:988 [INFO] [PHY] [network_emulator.cpp:454] Applied - Rate: 34845.7 kbps, Delay: 30 ms, Limit: 435571 packets (took 19 ms)
2025-10-08 20:45:58:190 [INFO] [PHY] [network_emulator.cpp:454] Applied - Rate: 1725.53 kbps, Delay: 30 ms, Limit: 21569 packets (took 15 ms)
2025-10-08 20:45:58:392 [INFO] [PHY] [network_emulator.cpp:454] Applied - Rate: 33709.9 kbps, Delay: 30 ms, Limit: 421373 packets (took 16 ms)
2025-10-08 20:45:58:595 [INFO] [PHY] [network_emulator.cpp:454] Applied - Rate: 40525.8 kbps, Delay: 30 ms, Limit: 506572 packets (took 18 ms)
2025-10-08 20:45:58:792 [INFO] [PHY] [network_emulator.cpp:454] Applied - Rate: 26477.3 kbps, Delay: 30 ms, Limit: 330965 packets (took 14 ms)
2025-10-08 20:45:59:001 [INFO] [PHY] [network_emulator.cpp:454] Applied - Rate: 35988.9 kbps, Delay: 30 ms, Limit: 449860 packets (took 21 ms)
2025-10-08 20:45:59:199 [INFO] [PHY] [network_emulator.cpp:454] Applied - Rate: 30368.9 kbps, Delay: 30 ms, Limit: 379611 packets (took 19 ms)
2025-10-08 20:45:59:406 [INFO] [PHY] [network_emulator.cpp:454] Applied - Rate: 39248.8 kbps, Delay: 30 ms, Limit: 490610 packets (took 19 ms)
2025-10-08 20:45:59:609 [INFO] [PHY] [network_emulator.cpp:454] Applied - Rate: 31875.1 kbps, Delay: 30 ms, Limit: 398439 packets (took 22 ms)
2025-10-08 20:45:59:809 [INFO] [PHY] [network_emulator.cpp:454] Applied - Rate: 24374 kbps, Delay: 30 ms, Limit: 304675 packets (took 21 ms)
2025-10-08 20:46:00:014 [INFO] [PHY] [network_emulator.cpp:454] Applied - Rate: 35284.5 kbps, Delay: 30 ms, Limit: 441055 packets (took 18 ms)
2025-10-08 20:46:00:212 [INFO] [PHY] [network_emulator.cpp:454] Applied - Rate: 37512 kbps, Delay: 30 ms, Limit: 468900 packets (took 14 ms)
2025-10-08 20:46:00:420 [INFO] [PHY] [network_emulator.cpp:454] Applied - Rate: 36535.7 kbps, Delay: 30 ms, Limit: 456695 packets (took 19 ms)
2025-10-08 20:46:00:631 [INFO] [PHY] [network_emulator.cpp:454] Applied - Rate: 27668.5 kbps, Delay: 30 ms, Limit: 345855 packets (took 29 ms)
2025-10-08 20:46:00:820 [INFO] [PHY] [network_emulator.cpp:454] Applied - Rate: 18136.6 kbps, Delay: 30 ms, Limit: 226707 packets (took 19 ms)
2025-10-08 20:46:01:022 [INFO] [PHY] [network_emulator.cpp:454] Applied - Rate: 22923.9 kbps, Delay: 30 ms, Limit: 286549 packets (took 17 ms)
2025-10-08 20:46:01:226 [INFO] [PHY] [network_emulator.cpp:454] Applied - Rate: 36481.5 kbps, Delay: 30 ms, Limit: 456018 packets (took 15 ms)
2025-10-08 20:46:01:429 [INFO] [PHY] [network_emulator.cpp:454] Applied - Rate: 36420.4 kbps, Delay: 30 ms, Limit: 455254 packets (took 17 ms)
2025-10-08 20:46:01:633 [INFO] [PHY] [network_emulator.cpp:454] Applied - Rate: 37417 kbps, Delay: 30 ms, Limit: 467712 packets (took 17 ms)
2025-10-08 20:46:01:843 [INFO] [PHY] [network_emulator.cpp:454] Applied - Rate: 26609.4 kbps, Delay: 30 ms, Limit: 332616 packets (took 20 ms)
2025-10-08 20:46:02:049 [INFO] [PHY] [network_emulator.cpp:454] Applied - Rate: 28824.3 kbps, Delay: 30 ms, Limit: 360304 packets (took 22 ms)
2025-10-08 20:46:02:249 [INFO] [PHY] [network_emulator.cpp:454] Applied - Rate: 33538.3 kbps, Delay: 30 ms, Limit: 419229 packets (took 21 ms)
2025-10-08 20:46:02:456 [INFO] [PHY] [network_emulator.cpp:454] Applied - Rate: 28029.1 kbps, Delay: 30 ms, Limit: 350364 packets (took 21 ms)
2025-10-08 20:46:02:661 [INFO] [PHY] [network_emulator.cpp:454] Applied - Rate: 32893.5 kbps, Delay: 30 ms, Limit: 411169 packets (took 18 ms)
2025-10-08 20:46:02:867 [INFO] [PHY] [network_emulator.cpp:454] Applied - Rate: 29441.5 kbps, Delay: 30 ms, Limit: 368018 packets (took 17 ms)
2025-10-08 20:46:03:068 [INFO] [PHY] [network_emulator.cpp:454] Applied - Rate: 27316.2 kbps, Delay: 30 ms, Limit: 341452 packets (took 14 ms)
2025-10-08 20:46:03:275 [INFO] [PHY] [network_emulator.cpp:454] Applied - Rate: 19629.7 kbps, Delay: 30 ms, Limit: 245370 packets (took 16 ms)
2025-10-08 20:46:03:481 [INFO] [PHY] [network_emulator.cpp:454] Applied - Rate: 23258.1 kbps, Delay: 30 ms, Limit: 290726 packets (took 15 ms)
2025-10-08 20:46:03:683 [INFO] [PHY] [network_emulator.cpp:454] Applied - Rate: 28186.1 kbps, Delay: 30 ms, Limit: 352325 packets (took 17 ms)
2025-10-08 20:46:03:888 [INFO] [PHY] [network_emulator.cpp:454] Applied - Rate: 26229.2 kbps, Delay: 30 ms, Limit: 327865 packets (took 18 ms)
2025-10-08 20:46:04:101 [INFO] [PHY] [network_emulator.cpp:454] Applied - Rate: 34721.3 kbps, Delay: 30 ms, Limit: 434016 packets (took 21 ms)
2025-10-08 20:46:04:296 [INFO] [PHY] [network_emulator.cpp:454] Applied - Rate: 38057.8 kbps, Delay: 30 ms, Limit: 475722 packets (took 16 ms)
2025-10-08 20:46:04:498 [INFO] [PHY] [network_emulator.cpp:454] Applied - Rate: 34659.8 kbps, Delay: 30 ms, Limit: 433247 packets (took 17 ms)
2025-10-08 20:46:04:700 [INFO] [PHY] [network_emulator.cpp:454] Applied - Rate: 20577.3 kbps, Delay: 30 ms, Limit: 257215 packets (took 17 ms)
2025-10-08 20:46:04:907 [INFO] [PHY] [network_emulator.cpp:454] Applied - Rate: 30969.2 kbps, Delay: 30 ms, Limit: 387114 packets (took 20 ms)
2025-10-08 20:46:05:105 [INFO] [PHY] [network_emulator.cpp:454] Applied - Rate: 14538.1 kbps, Delay: 30 ms, Limit: 181726 packets (took 17 ms)
2025-10-08 20:46:05:308 [INFO] [PHY] [network_emulator.cpp:454] Applied - Rate: 24988.1 kbps, Delay: 30 ms, Limit: 312350 packets (took 20 ms)
2025-10-08 20:46:05:516 [INFO] [PHY] [network_emulator.cpp:454] Applied - Rate: 23645 kbps, Delay: 30 ms, Limit: 295562 packets (took 21 ms)
2025-10-08 20:46:05:716 [INFO] [PHY] [network_emulator.cpp:454] Applied - Rate: 25173.4 kbps, Delay: 30 ms, Limit: 314667 packets (took 20 ms)
2025-10-08 20:46:05:912 [INFO] [PHY] [network_emulator.cpp:454] Applied - Rate: 27544.5 kbps, Delay: 30 ms, Limit: 344306 packets (took 14 ms)
2025-10-08 20:46:06:117 [INFO] [PHY] [network_emulator.cpp:454] Applied - Rate: 30538.4 kbps, Delay: 30 ms, Limit: 381729 packets (took 16 ms)
2025-10-08 20:46:06:318 [INFO] [PHY] [network_emulator.cpp:454] Applied - Rate: 37477.2 kbps, Delay: 30 ms, Limit: 468465 packets (took 14 ms)
2025-10-08 20:46:06:531 [INFO] [PHY] [network_emulator.cpp:454] Applied - Rate: 5753.98 kbps, Delay: 30 ms, Limit: 71924 packets (took 20 ms)
2025-10-08 20:46:06:787 [INFO] [PHY] [network_emulator.cpp:454] Applied - Rate: 10160.6 kbps, Delay: 30 ms, Limit: 127008 packets (took 15 ms)
2025-10-08 20:46:07:001 [INFO] [PHY] [network_emulator.cpp:454] Applied - Rate: 15624.9 kbps, Delay: 30 ms, Limit: 195311 packets (took 16 ms)
2025-10-08 20:46:07:201 [INFO] [PHY] [network_emulator.cpp:454] Applied - Rate: 22837.5 kbps, Delay: 30 ms, Limit: 285468 packets (took 14 ms)
2025-10-08 20:46:07:403 [INFO] [PHY] [network_emulator.cpp:454] Applied - Rate: 34670 kbps, Delay: 30 ms, Limit: 433375 packets (took 15 ms)
2025-10-08 20:46:07:603 [INFO] [PHY] [network_emulator.cpp:454] Applied - Rate: 18223.6 kbps, Delay: 30 ms, Limit: 227795 packets (took 15 ms)
2025-10-08 20:46:07:804 [INFO] [PHY] [network_emulator.cpp:454] Applied - Rate: 25535.2 kbps, Delay: 30 ms, Limit: 319189 packets (took 15 ms)
2025-10-08 20:46:08:008 [INFO] [PHY] [network_emulator.cpp:454] Applied - Rate: 18893.5 kbps, Delay: 30 ms, Limit: 236168 packets (took 16 ms)
2025-10-08 20:46:08:213 [INFO] [PHY] [network_emulator.cpp:454] Applied - Rate: 21713.1 kbps, Delay: 30 ms, Limit: 271413 packets (took 15 ms)
2025-10-08 20:46:08:412 [INFO] [PHY] [network_emulator.cpp:454] Applied - Rate: 25396.5 kbps, Delay: 30 ms, Limit: 317455 packets (took 14 ms)
2025-10-08 20:46:08:613 [INFO] [PHY] [network_emulator.cpp:454] Applied - Rate: 23589.4 kbps, Delay: 30 ms, Limit: 294867 packets (took 15 ms)
2025-10-08 20:46:08:819 [INFO] [PHY] [network_emulator.cpp:454] Applied - Rate: 16327 kbps, Delay: 30 ms, Limit: 204087 packets (took 15 ms)
2025-10-08 20:46:09:019 [INFO] [PHY] [network_emulator.cpp:454] Applied - Rate: 23986.8 kbps, Delay: 30 ms, Limit: 299834 packets (took 13 ms)
2025-10-08 20:46:09:222 [INFO] [PHY] [network_emulator.cpp:454] Applied - Rate: 26218 kbps, Delay: 30 ms, Limit: 327724 packets (took 15 ms)
2025-10-08 20:46:09:424 [INFO] [PHY] [network_emulator.cpp:454] Applied - Rate: 28861.4 kbps, Delay: 30 ms, Limit: 360768 packets (took 15 ms)
2025-10-08 20:46:09:624 [INFO] [PHY] [network_emulator.cpp:454] Applied - Rate: 28895.9 kbps, Delay: 30 ms, Limit: 361198 packets (took 14 ms)
2025-10-08 20:46:09:824 [INFO] [PHY] [network_emulator.cpp:454] Applied - Rate: 26158.1 kbps, Delay: 30 ms, Limit: 326976 packets (took 15 ms)
2025-10-08 20:46:10:029 [INFO] [PHY] [network_emulator.cpp:454] Applied - Rate: 27654.2 kbps, Delay: 30 ms, Limit: 345677 packets (took 15 ms)
2025-10-08 20:46:10:234 [INFO] [PHY] [network_emulator.cpp:454] Applied - Rate: 24575 kbps, Delay: 30 ms, Limit: 307187 packets (took 15 ms)
2025-10-08 20:46:10:437 [INFO] [PHY] [network_emulator.cpp:454] Applied - Rate: 25463 kbps, Delay: 30 ms, Limit: 318287 packets (took 15 ms)
2025-10-08 20:46:10:647 [INFO] [PHY] [network_emulator.cpp:454] Applied - Rate: 25846.3 kbps, Delay: 30 ms, Limit: 323078 packets (took 14 ms)
2025-10-08 20:46:10:850 [INFO] [PHY] [network_emulator.cpp:454] Applied - Rate: 21285.3 kbps, Delay: 30 ms, Limit: 266065 packets (took 15 ms)
2025-10-08 20:46:11:058 [INFO] [PHY] [network_emulator.cpp:454] Applied - Rate: 27727.9 kbps, Delay: 30 ms, Limit: 346599 packets (took 15 ms)
2025-10-08 20:46:11:258 [INFO] [PHY] [network_emulator.cpp:454] Applied - Rate: 28190.5 kbps, Delay: 30 ms, Limit: 352381 packets (took 15 ms)
2025-10-08 20:46:11:466 [INFO] [PHY] [network_emulator.cpp:454] Applied - Rate: 30776.5 kbps, Delay: 30 ms, Limit: 384706 packets (took 15 ms)
2025-10-08 20:46:11:668 [INFO] [PHY] [network_emulator.cpp:454] Applied - Rate: 17459.7 kbps, Delay: 30 ms, Limit: 218245 packets (took 14 ms)
2025-10-08 20:46:11:872 [INFO] [PHY] [network_emulator.cpp:454] Applied - Rate: 25949.7 kbps, Delay: 30 ms, Limit: 324371 packets (took 13 ms)
2025-10-08 20:46:12:076 [INFO] [PHY] [network_emulator.cpp:454] Applied - Rate: 27664.1 kbps, Delay: 30 ms, Limit: 345801 packets (took 16 ms)
2025-10-08 20:46:12:286 [INFO] [PHY] [network_emulator.cpp:454] Applied - Rate: 24226.8 kbps, Delay: 30 ms, Limit: 302834 packets (took 19 ms)
2025-10-08 20:46:12:491 [INFO] [PHY] [network_emulator.cpp:454] Applied - Rate: 20883.2 kbps, Delay: 30 ms, Limit: 261039 packets (took 16 ms)
2025-10-08 20:46:12:695 [INFO] [PHY] [network_emulator.cpp:454] Applied - Rate: 21441.5 kbps, Delay: 30 ms, Limit: 268019 packets (took 16 ms)
2025-10-08 20:46:13:002 [INFO] [PHY] [network_emulator.cpp:454] Applied - Rate: 30889 kbps, Delay: 30 ms, Limit: 386111 packets (took 15 ms)
2025-10-08 20:46:13:205 [INFO] [PHY] [network_emulator.cpp:454] Applied - Rate: 40376.7 kbps, Delay: 30 ms, Limit: 504708 packets (took 15 ms)
2025-10-08 20:46:13:404 [INFO] [PHY] [network_emulator.cpp:454] Applied - Rate: 34725.6 kbps, Delay: 30 ms, Limit: 434070 packets (took 14 ms)
2025-10-08 20:46:13:610 [INFO] [PHY] [network_emulator.cpp:454] Applied - Rate: 28693.7 kbps, Delay: 30 ms, Limit: 358671 packets (took 15 ms)
2025-10-08 20:46:13:810 [INFO] [PHY] [network_emulator.cpp:454] Applied - Rate: 31671 kbps, Delay: 30 ms, Limit: 395887 packets (took 15 ms)
2025-10-08 20:46:14:019 [INFO] [PHY] [network_emulator.cpp:454] Applied - Rate: 36427.2 kbps, Delay: 30 ms, Limit: 455339 packets (took 22 ms)
2025-10-08 20:46:14:214 [INFO] [PHY] [network_emulator.cpp:454] Applied - Rate: 39767.6 kbps, Delay: 30 ms, Limit: 497094 packets (took 16 ms)
2025-10-08 20:46:14:414 [INFO] [PHY] [network_emulator.cpp:454] Applied - Rate: 38681.9 kbps, Delay: 30 ms, Limit: 483523 packets (took 15 ms)
2025-10-08 20:46:14:615 [INFO] [PHY] [network_emulator.cpp:454] Applied - Rate: 35038 kbps, Delay: 30 ms, Limit: 437975 packets (took 14 ms)
2025-10-08 20:46:14:818 [INFO] [PHY] [network_emulator.cpp:454] Applied - Rate: 24328.1 kbps, Delay: 30 ms, Limit: 304101 packets (took 17 ms)
2025-10-08 20:46:15:020 [INFO] [PHY] [network_emulator.cpp:454] Applied - Rate: 33401.1 kbps, Delay: 30 ms, Limit: 417513 packets (took 17 ms)
2025-10-08 20:46:15:217 [INFO] [PHY] [network_emulator.cpp:454] Applied - Rate: 30719.3 kbps, Delay: 30 ms, Limit: 383990 packets (took 13 ms)
2025-10-08 20:46:15:418 [INFO] [PHY] [network_emulator.cpp:454] Applied - Rate: 20382.4 kbps, Delay: 30 ms, Limit: 254780 packets (took 14 ms)
2025-10-08 20:46:15:622 [INFO] [PHY] [network_emulator.cpp:454] Applied - Rate: 24033.6 kbps, Delay: 30 ms, Limit: 300420 packets (took 17 ms)
2025-10-08 20:46:15:826 [INFO] [PHY] [network_emulator.cpp:454] Applied - Rate: 28224.2 kbps, Delay: 30 ms, Limit: 352803 packets (took 20 ms)
2025-10-08 20:46:16:027 [INFO] [PHY] [network_emulator.cpp:454] Applied - Rate: 20113.1 kbps, Delay: 30 ms, Limit: 251414 packets (took 15 ms)
2025-10-08 20:46:16:229 [INFO] [PHY] [network_emulator.cpp:454] Applied - Rate: 17728.7 kbps, Delay: 30 ms, Limit: 221608 packets (took 14 ms)
2025-10-08 20:46:16:432 [INFO] [PHY] [network_emulator.cpp:454] Applied - Rate: 27388.4 kbps, Delay: 30 ms, Limit: 342354 packets (took 15 ms)
2025-10-08 20:46:16:640 [INFO] [PHY] [network_emulator.cpp:454] Applied - Rate: 27546.5 kbps, Delay: 30 ms, Limit: 344331 packets (took 21 ms)
2025-10-08 20:46:16:842 [INFO] [PHY] [network_emulator.cpp:454] Applied - Rate: 20351.7 kbps, Delay: 30 ms, Limit: 254395 packets (took 16 ms)
2025-10-08 20:46:17:040 [INFO] [PHY] [network_emulator.cpp:454] Applied - Rate: 24961.3 kbps, Delay: 30 ms, Limit: 312016 packets (took 15 ms)
2025-10-08 20:46:17:241 [INFO] [PHY] [network_emulator.cpp:454] Applied - Rate: 24502.6 kbps, Delay: 30 ms, Limit: 306282 packets (took 14 ms)
2025-10-08 20:46:17:448 [INFO] [PHY] [network_emulator.cpp:454] Applied - Rate: 18762.2 kbps, Delay: 30 ms, Limit: 234527 packets (took 15 ms)
2025-10-08 20:46:17:660 [INFO] [PHY] [network_emulator.cpp:454] Applied - Rate: 19792.1 kbps, Delay: 30 ms, Limit: 247401 packets (took 15 ms)
2025-10-08 20:46:17:862 [INFO] [PHY] [network_emulator.cpp:454] Applied - Rate: 15726.9 kbps, Delay: 30 ms, Limit: 196585 packets (took 16 ms)
2025-10-08 20:46:18:064 [INFO] [PHY] [network_emulator.cpp:454] Applied - Rate: 21002.3 kbps, Delay: 30 ms, Limit: 262528 packets (took 15 ms)
2025-10-08 20:46:18:270 [INFO] [PHY] [network_emulator.cpp:454] Applied - Rate: 25115.7 kbps, Delay: 30 ms, Limit: 313945 packets (took 21 ms)
2025-10-08 20:46:18:473 [INFO] [PHY] [network_emulator.cpp:454] Applied - Rate: 15946.6 kbps, Delay: 30 ms, Limit: 199332 packets (took 24 ms)
2025-10-08 20:46:18:677 [INFO] [PHY] [network_emulator.cpp:454] Applied - Rate: 20620.3 kbps, Delay: 30 ms, Limit: 257753 packets (took 22 ms)
2025-10-08 20:46:18:881 [INFO] [PHY] [network_emulator.cpp:454] Applied - Rate: 18864.5 kbps, Delay: 30 ms, Limit: 235805 packets (took 23 ms)
2025-10-08 20:46:19:091 [INFO] [PHY] [network_emulator.cpp:454] Applied - Rate: 26091.1 kbps, Delay: 30 ms, Limit: 326138 packets (took 21 ms)
2025-10-08 20:46:19:294 [INFO] [PHY] [network_emulator.cpp:454] Applied - Rate: 15654.2 kbps, Delay: 30 ms, Limit: 195678 packets (took 16 ms)
2025-10-08 20:46:19:494 [INFO] [PHY] [network_emulator.cpp:454] Applied - Rate: 26160.1 kbps, Delay: 30 ms, Limit: 327001 packets (took 14 ms)
2025-10-08 20:46:19:695 [INFO] [PHY] [network_emulator.cpp:454] Applied - Rate: 24276.2 kbps, Delay: 30 ms, Limit: 303453 packets (took 16 ms)
2025-10-08 20:46:19:898 [INFO] [PHY] [network_emulator.cpp:454] Applied - Rate: 15459.8 kbps, Delay: 30 ms, Limit: 193247 packets (took 15 ms)
2025-10-08 20:46:20:100 [INFO] [PHY] [network_emulator.cpp:454] Applied - Rate: 10595.6 kbps, Delay: 30 ms, Limit: 132445 packets (took 14 ms)
2025-10-08 20:46:20:308 [INFO] [PHY] [network_emulator.cpp:454] Applied - Rate: 16582.7 kbps, Delay: 30 ms, Limit: 207283 packets (took 16 ms)
2025-10-08 20:46:20:508 [INFO] [PHY] [network_emulator.cpp:454] Applied - Rate: 26437.9 kbps, Delay: 30 ms, Limit: 330473 packets (took 16 ms)
2025-10-08 20:46:20:712 [INFO] [PHY] [network_emulator.cpp:454] Applied - Rate: 12095.8 kbps, Delay: 30 ms, Limit: 151196 packets (took 17 ms)
2025-10-08 20:46:20:913 [INFO] [PHY] [network_emulator.cpp:454] Applied - Rate: 21546.5 kbps, Delay: 30 ms, Limit: 269331 packets (took 17 ms)
2025-10-08 20:46:21:113 [INFO] [PHY] [network_emulator.cpp:454] Applied - Rate: 12375.9 kbps, Delay: 30 ms, Limit: 154699 packets (took 16 ms)
2025-10-08 20:46:21:317 [INFO] [PHY] [network_emulator.cpp:454] Applied - Rate: 26693.5 kbps, Delay: 30 ms, Limit: 333668 packets (took 20 ms)
2025-10-08 20:46:21:515 [INFO] [PHY] [network_emulator.cpp:454] Applied - Rate: 37296.4 kbps, Delay: 30 ms, Limit: 466204 packets (took 16 ms)
2025-10-08 20:46:21:716 [INFO] [PHY] [network_emulator.cpp:454] Applied - Rate: 16891.2 kbps, Delay: 30 ms, Limit: 211139 packets (took 18 ms)
2025-10-08 20:46:21:921 [INFO] [PHY] [network_emulator.cpp:454] Applied - Rate: 17644.8 kbps, Delay: 30 ms, Limit: 220559 packets (took 19 ms)
2025-10-08 20:46:22:127 [INFO] [PHY] [network_emulator.cpp:454] Applied - Rate: 20650.1 kbps, Delay: 30 ms, Limit: 258126 packets (took 23 ms)
2025-10-08 20:46:22:325 [INFO] [PHY] [network_emulator.cpp:454] Applied - Rate: 28951.4 kbps, Delay: 30 ms, Limit: 361892 packets (took 21 ms)
2025-10-08 20:46:22:524 [INFO] [PHY] [network_emulator.cpp:454] Applied - Rate: 28394.2 kbps, Delay: 30 ms, Limit: 354928 packets (took 16 ms)
2025-10-08 20:46:22:730 [INFO] [PHY] [network_emulator.cpp:454] Applied - Rate: 30790.6 kbps, Delay: 30 ms, Limit: 384882 packets (took 15 ms)
2025-10-08 20:46:22:931 [INFO] [PHY] [network_emulator.cpp:454] Applied - Rate: 31318.4 kbps, Delay: 30 ms, Limit: 391480 packets (took 15 ms)
2025-10-08 20:46:23:141 [INFO] [PHY] [network_emulator.cpp:454] Applied - Rate: 17735 kbps, Delay: 30 ms, Limit: 221687 packets (took 17 ms)
2025-10-08 20:46:23:345 [INFO] [PHY] [network_emulator.cpp:454] Applied - Rate: 19723.9 kbps, Delay: 30 ms, Limit: 246548 packets (took 21 ms)
2025-10-08 20:46:23:555 [INFO] [PHY] [network_emulator.cpp:454] Applied - Rate: 27856.3 kbps, Delay: 30 ms, Limit: 348203 packets (took 22 ms)
2025-10-08 20:46:23:757 [INFO] [PHY] [network_emulator.cpp:454] Applied - Rate: 25278.5 kbps, Delay: 30 ms, Limit: 315981 packets (took 24 ms)
2025-10-08 20:46:23:965 [INFO] [PHY] [network_emulator.cpp:454] Applied - Rate: 26113 kbps, Delay: 30 ms, Limit: 326411 packets (took 22 ms)
2025-10-08 20:46:24:160 [INFO] [PHY] [network_emulator.cpp:454] Applied - Rate: 28040.3 kbps, Delay: 30 ms, Limit: 350504 packets (took 16 ms)
2025-10-08 20:46:24:364 [INFO] [PHY] [network_emulator.cpp:454] Applied - Rate: 27975.1 kbps, Delay: 30 ms, Limit: 349688 packets (took 14 ms)
2025-10-08 20:46:24:582 [INFO] [PHY] [network_emulator.cpp:454] Applied - Rate: 19650.8 kbps, Delay: 30 ms, Limit: 245634 packets (took 19 ms)
2025-10-08 20:46:24:776 [INFO] [PHY] [network_emulator.cpp:454] Applied - Rate: 15294.5 kbps, Delay: 30 ms, Limit: 191181 packets (took 13 ms)
2025-10-08 20:46:24:996 [INFO] [PHY] [network_emulator.cpp:454] Applied - Rate: 18857.2 kbps, Delay: 30 ms, Limit: 235715 packets (took 21 ms)
2025-10-08 20:46:25:196 [INFO] [PHY] [network_emulator.cpp:454] Applied - Rate: 23672.6 kbps, Delay: 30 ms, Limit: 295907 packets (took 16 ms)
2025-10-08 20:46:25:399 [INFO] [PHY] [network_emulator.cpp:454] Applied - Rate: 27785.2 kbps, Delay: 30 ms, Limit: 347315 packets (took 18 ms)
2025-10-08 20:46:25:599 [INFO] [PHY] [network_emulator.cpp:454] Applied - Rate: 29245 kbps, Delay: 30 ms, Limit: 365562 packets (took 19 ms)
2025-10-08 20:46:25:800 [INFO] [PHY] [network_emulator.cpp:454] Applied - Rate: 26546.5 kbps, Delay: 30 ms, Limit: 331831 packets (took 19 ms)
2025-10-08 20:46:25:999 [INFO] [PHY] [network_emulator.cpp:454] Applied - Rate: 20450 kbps, Delay: 30 ms, Limit: 255625 packets (took 18 ms)
2025-10-08 20:46:26:202 [INFO] [PHY] [network_emulator.cpp:454] Applied - Rate: 34135.2 kbps, Delay: 30 ms, Limit: 426690 packets (took 19 ms)
2025-10-08 20:46:26:400 [INFO] [PHY] [network_emulator.cpp:454] Applied - Rate: 39418.7 kbps, Delay: 30 ms, Limit: 492733 packets (took 16 ms)
2025-10-08 20:46:26:605 [INFO] [PHY] [network_emulator.cpp:454] Applied - Rate: 32344.6 kbps, Delay: 30 ms, Limit: 404307 packets (took 19 ms)
2025-10-08 20:46:26:808 [INFO] [PHY] [network_emulator.cpp:454] Applied - Rate: 29860.5 kbps, Delay: 30 ms, Limit: 373255 packets (took 21 ms)
2025-10-08 20:46:27:007 [INFO] [PHY] [network_emulator.cpp:454] Applied - Rate: 29679 kbps, Delay: 30 ms, Limit: 370987 packets (took 20 ms)
2025-10-08 20:46:27:203 [INFO] [PHY] [network_emulator.cpp:454] Applied - Rate: 25377.2 kbps, Delay: 30 ms, Limit: 317215 packets (took 15 ms)
2025-10-08 20:46:27:407 [INFO] [PHY] [network_emulator.cpp:454] Applied - Rate: 22396.4 kbps, Delay: 30 ms, Limit: 279954 packets (took 16 ms)
2025-10-08 20:46:27:611 [INFO] [PHY] [network_emulator.cpp:454] Applied - Rate: 24370.3 kbps, Delay: 30 ms, Limit: 304629 packets (took 19 ms)
2025-10-08 20:46:27:810 [INFO] [PHY] [network_emulator.cpp:454] Applied - Rate: 9994.51 kbps, Delay: 30 ms, Limit: 124931 packets (took 15 ms)
2025-10-08 20:46:28:010 [INFO] [PHY] [network_emulator.cpp:454] Applied - Rate: 16044.1 kbps, Delay: 30 ms, Limit: 200551 packets (took 14 ms)
2025-10-08 20:46:28:212 [INFO] [PHY] [network_emulator.cpp:454] Applied - Rate: 21646.5 kbps, Delay: 30 ms, Limit: 270581 packets (took 15 ms)
2025-10-08 20:46:28:417 [INFO] [PHY] [network_emulator.cpp:454] Applied - Rate: 19242.6 kbps, Delay: 30 ms, Limit: 240532 packets (took 20 ms)
2025-10-08 20:46:28:625 [INFO] [PHY] [network_emulator.cpp:454] Applied - Rate: 28893.4 kbps, Delay: 30 ms, Limit: 361167 packets (took 18 ms)
2025-10-08 20:46:28:820 [INFO] [PHY] [network_emulator.cpp:454] Applied - Rate: 17982.8 kbps, Delay: 30 ms, Limit: 224785 packets (took 14 ms)
2025-10-08 20:46:29:022 [INFO] [PHY] [network_emulator.cpp:454] Applied - Rate: 16025.3 kbps, Delay: 30 ms, Limit: 200315 packets (took 14 ms)
2025-10-08 20:46:29:224 [INFO] [PHY] [network_emulator.cpp:454] Applied - Rate: 22638.2 kbps, Delay: 30 ms, Limit: 282978 packets (took 15 ms)
2025-10-08 20:46:29:426 [INFO] [PHY] [network_emulator.cpp:454] Applied - Rate: 22864.3 kbps, Delay: 30 ms, Limit: 285804 packets (took 16 ms)
2025-10-08 20:46:29:626 [INFO] [PHY] [network_emulator.cpp:454] Applied - Rate: 30537.7 kbps, Delay: 30 ms, Limit: 381720 packets (took 15 ms)
2025-10-08 20:46:29:832 [INFO] [PHY] [network_emulator.cpp:454] Applied - Rate: 21594.2 kbps, Delay: 30 ms, Limit: 269927 packets (took 19 ms)
2025-10-08 20:46:30:033 [INFO] [PHY] [network_emulator.cpp:454] Applied - Rate: 17387.7 kbps, Delay: 30 ms, Limit: 217346 packets (took 17 ms)
2025-10-08 20:46:30:232 [INFO] [PHY] [network_emulator.cpp:454] Applied - Rate: 25755.6 kbps, Delay: 30 ms, Limit: 321945 packets (took 14 ms)
2025-10-08 20:46:30:437 [INFO] [PHY] [network_emulator.cpp:454] Applied - Rate: 24049.3 kbps, Delay: 30 ms, Limit: 300616 packets (took 15 ms)
2025-10-08 20:46:30:641 [INFO] [PHY] [network_emulator.cpp:454] Applied - Rate: 24122 kbps, Delay: 30 ms, Limit: 301525 packets (took 19 ms)
2025-10-08 20:46:30:841 [INFO] [PHY] [network_emulator.cpp:454] Applied - Rate: 17149.5 kbps, Delay: 30 ms, Limit: 214368 packets (took 14 ms)
